2024-12-02 16:28:31,667 [INFO] Activator:176 - 


2024-12-02 16:28:31,673 [INFO] Activator:177 - !SESSION log4j initialized
2024-12-02 16:28:40,420 [INFO] LogOutputStream:77 - [STDOUT_REDIRECT] 
2024-12-02 16:28:51,546 [INFO] ApplicationProperties:184 - Using Application install path: C:\ST\STM32CubeIDE_1.16.0\STM32CubeIDE\plugins\com.st.stm32cube.common.mx_6.12.0.202406281431
2024-12-02 16:28:51,564 [INFO] DbMcusXml:78 - Set database path to: C:\ST\STM32CubeIDE_1.16.0\STM32CubeIDE\plugins\com.st.stm32cube.common.mx_6.12.0.202406281431\\db\/mcu/
2024-12-02 16:28:51,564 [INFO] ApiDb:274 - Set plugin database path to: C:\ST\STM32CubeIDE_1.16.0\STM32CubeIDE\plugins\com.st.stm32cube.common.mx_6.12.0.202406281431\\db\/plugins/boardmanager/
2024-12-02 16:28:51,565 [WARN] ApiDb:259 - Overriding images path with different value:  => C:\ST\STM32CubeIDE_1.16.0\STM32CubeIDE\plugins\com.st.stm32cube.common.mx_6.12.0.202406281431\\db\/plugins/mcufinder/images/
2024-12-02 16:28:51,572 [INFO] ApiDb:250 - Set database path to: C:\Users\ijk95\.stmcufinder\plugins\mcufinder//mcu/
2024-12-02 16:28:51,573 [INFO] DbMcusAds:125 - Set database path to: C:\Users\ijk95\.stmcufinder\plugins\mcufinder//mcu/
2024-12-02 16:28:51,908 [INFO] CrossReferenceDbSqlite:203 - Set database path to: C:\Users\ijk95\.stmcufinder\plugins\mcufinder//mcu/cs/
2024-12-02 16:28:52,025 [INFO] RulesReader:64 - Compatibility file has been processed (297 Rules)
2024-12-02 16:28:52,123 [INFO] DbMcusXml:78 - Set database path to: C:\ST\STM32CubeIDE_1.16.0\STM32CubeIDE\plugins\com.st.stm32cube.common.mx_6.12.0.202406281431\\db\/mcu/
2024-12-02 16:28:52,123 [INFO] ApiDb:274 - Set plugin database path to: C:\ST\STM32CubeIDE_1.16.0\STM32CubeIDE\plugins\com.st.stm32cube.common.mx_6.12.0.202406281431\\db\/plugins/boardmanager/
2024-12-02 16:28:52,123 [INFO] ApiDb:261 - Set plugin images path to: C:\ST\STM32CubeIDE_1.16.0\STM32CubeIDE\plugins\com.st.stm32cube.common.mx_6.12.0.202406281431\\db\/plugins/mcufinder/images/
2024-12-02 16:28:52,123 [WARN] DbFile:41 - Overriding database path with different value: C:\Users\ijk95\.stmcufinder\plugins\mcufinder/ => C:\Users\ijk95\.stmcufinder\plugins\mcufinder
2024-12-02 16:28:52,123 [INFO] ApiDb:250 - Set database path to: C:\Users\ijk95\.stmcufinder\plugins\mcufinder//mcu/
2024-12-02 16:28:52,124 [WARN] DbFile:41 - Overriding database path with different value: C:\Users\ijk95\.stmcufinder\plugins\mcufinder/ => C:\Users\ijk95\.stmcufinder\plugins\mcufinder
2024-12-02 16:28:52,124 [INFO] DbMcusAds:125 - Set database path to: C:\Users\ijk95\.stmcufinder\plugins\mcufinder//mcu/
2024-12-02 16:28:52,124 [WARN] DbFile:41 - Overriding database path with different value: C:\Users\ijk95\.stmcufinder\plugins\mcufinder/ => C:\Users\ijk95\.stmcufinder\plugins\mcufinder
2024-12-02 16:28:52,124 [WARN] DbFile:41 - Overriding database path with different value: C:\Users\ijk95\.stmcufinder\plugins\mcufinder/ => C:\Users\ijk95\.stmcufinder\plugins\mcufinder
2024-12-02 16:28:52,124 [INFO] CrossReferenceDbSqlite:203 - Set database path to: C:\Users\ijk95\.stmcufinder\plugins\mcufinder//mcu/cs/
2024-12-02 16:28:52,198 [INFO] MainPanel:268 - HeapMemory: 268435456
2024-12-02 16:28:52,301 [INFO] DbMcusXml:78 - Set database path to: C:\ST\STM32CubeIDE_1.16.0\STM32CubeIDE\plugins\com.st.stm32cube.common.mx_6.12.0.202406281431\\db\/mcu/
2024-12-02 16:28:52,301 [INFO] ApiDb:274 - Set plugin database path to: C:\ST\STM32CubeIDE_1.16.0\STM32CubeIDE\plugins\com.st.stm32cube.common.mx_6.12.0.202406281431\\db\/plugins/boardmanager/
2024-12-02 16:28:52,301 [INFO] ApiDb:261 - Set plugin images path to: C:\ST\STM32CubeIDE_1.16.0\STM32CubeIDE\plugins\com.st.stm32cube.common.mx_6.12.0.202406281431\\db\/plugins/mcufinder/images/
2024-12-02 16:28:52,302 [WARN] DbFile:41 - Overriding database path with different value: C:\Users\ijk95\.stmcufinder\plugins\mcufinder/ => C:\Users\ijk95\.stmcufinder\plugins\mcufinder
2024-12-02 16:28:52,302 [INFO] ApiDb:250 - Set database path to: C:\Users\ijk95\.stmcufinder\plugins\mcufinder//mcu/
2024-12-02 16:28:52,302 [WARN] DbFile:41 - Overriding database path with different value: C:\Users\ijk95\.stmcufinder\plugins\mcufinder/ => C:\Users\ijk95\.stmcufinder\plugins\mcufinder
2024-12-02 16:28:52,302 [INFO] DbMcusAds:125 - Set database path to: C:\Users\ijk95\.stmcufinder\plugins\mcufinder//mcu/
2024-12-02 16:28:52,302 [WARN] DbFile:41 - Overriding database path with different value: C:\Users\ijk95\.stmcufinder\plugins\mcufinder/ => C:\Users\ijk95\.stmcufinder\plugins\mcufinder
2024-12-02 16:28:52,302 [WARN] DbFile:41 - Overriding database path with different value: C:\Users\ijk95\.stmcufinder\plugins\mcufinder/ => C:\Users\ijk95\.stmcufinder\plugins\mcufinder
2024-12-02 16:28:52,302 [INFO] CrossReferenceDbSqlite:203 - Set database path to: C:\Users\ijk95\.stmcufinder\plugins\mcufinder//mcu/cs/
2024-12-02 16:28:52,319 [INFO] ApplicationProperties:184 - Using Application install path: C:\ST\STM32CubeIDE_1.16.0\STM32CubeIDE\plugins\com.st.stm32cube.common.mx_6.12.0.202406281431
2024-12-02 16:28:52,320 [INFO] PluginManage:196 - Search for loadable plugins [exclusion list=, ]
2024-12-02 16:28:52,322 [INFO] PluginManage:310 - Check plugin analytics
2024-12-02 16:28:52,496 [INFO] AnalyticsPlugin:253 - Accepted Software Licenses: 
2024-12-02 16:28:52,496 [INFO] AnalyticsPlugin:255 - Accepted CMSIS Pack Licenses: 
2024-12-02 16:28:52,496 [INFO] AnalyticsPlugin:257 - Accepted Firmware Licenses: FW.G0.1.6.0
2024-12-02 16:28:52,500 [INFO] PluginManage:359 - Loaded plugin analytics (category:tool,tabindex:-1)
2024-12-02 16:28:52,500 [INFO] PluginManage:310 - Check plugin cadmodel
2024-12-02 16:28:52,520 [INFO] CADModel:105 - Init CAD model plugin
2024-12-02 16:28:52,520 [INFO] PluginManage:359 - Loaded plugin cadmodel (category:power,tabindex:5)
2024-12-02 16:28:52,520 [INFO] PluginManage:310 - Check plugin clock
2024-12-02 16:28:52,544 [INFO] PluginManage:359 - Loaded plugin clock (category:base,tabindex:2)
2024-12-02 16:28:52,544 [INFO] PluginManage:310 - Check plugin ddr
2024-12-02 16:28:52,546 [INFO] PluginManage:359 - Loaded plugin ddr (category:tool,tabindex:6)
2024-12-02 16:28:52,546 [INFO] PluginManage:310 - Check plugin filemanager
2024-12-02 16:28:52,689 [INFO] PluginManage:359 - Loaded plugin filemanager (category:base,tabindex:10)
2024-12-02 16:28:52,689 [INFO] PluginManage:310 - Check plugin ipmanager
2024-12-02 16:28:52,697 [INFO] PluginManage:359 - Loaded plugin ipmanager (category:base,tabindex:5)
2024-12-02 16:28:52,697 [INFO] PluginManage:310 - Check plugin lpbam
2024-12-02 16:28:52,717 [INFO] PluginManage:359 - Loaded plugin lpbam (category:base,tabindex:0)
2024-12-02 16:28:52,717 [INFO] PluginManage:310 - Check plugin memorymap
2024-12-02 16:28:52,743 [INFO] PluginManage:359 - Loaded plugin memorymap (category:base,tabindex:4)
2024-12-02 16:28:52,743 [INFO] PluginManage:310 - Check plugin pinoutandconfiguration
2024-12-02 16:28:52,763 [INFO] PluginManage:359 - Loaded plugin pinoutandconfiguration (category:base,tabindex:1)
2024-12-02 16:28:52,763 [INFO] PluginManage:310 - Check plugin pinoutconfig
2024-12-02 16:28:52,857 [WARN] SupportedApi:132 - Cannot load RTOS API schema: s4s-elt-must-match.1: The content of 'definitions' must match (annotation?, (simpleType | complexType)?, (unique | key | keyref)*)). A problem was found starting at: attribute.
2024-12-02 16:28:52,993 [INFO] PluginManage:359 - Loaded plugin pinoutconfig (category:base,tabindex:0)
2024-12-02 16:28:52,993 [INFO] PluginManage:310 - Check plugin power
2024-12-02 16:28:53,016 [INFO] PluginManage:359 - Loaded plugin power (category:power,tabindex:4)
2024-12-02 16:28:53,016 [INFO] PluginManage:310 - Check plugin projectmanager
2024-12-02 16:28:53,037 [INFO] PluginManage:359 - Loaded plugin projectmanager (category:projectmanager,tabindex:4)
2024-12-02 16:28:53,037 [INFO] PluginManage:310 - Check plugin rif
2024-12-02 16:28:53,055 [INFO] PluginManage:359 - Loaded plugin rif (category:base,tabindex:3)
2024-12-02 16:28:53,055 [INFO] PluginManage:310 - Check plugin thirdparty
2024-12-02 16:28:53,360 [INFO] PluginManage:359 - Loaded plugin thirdparty (category:base,tabindex:-1)
2024-12-02 16:28:53,360 [WARN] IntegrityCheckThread:84 - waiting for thirdparty lock release [integrity check]
2024-12-02 16:28:53,360 [INFO] IntegrityCheckThread:86 - entering critical section [integrity check]
2024-12-02 16:28:53,360 [INFO] PluginManage:310 - Check plugin tools
2024-12-02 16:28:53,360 [INFO] ThirdPartyUpdaterWithRetryManager:70 - Updater plugin not ready yet. [1/15]
2024-12-02 16:28:53,396 [INFO] PluginManage:359 - Loaded plugin tools (category:base,tabindex:7)
2024-12-02 16:28:53,396 [INFO] PluginManage:310 - Check plugin tutovideos
2024-12-02 16:28:53,570 [INFO] PluginManage:359 - Loaded plugin tutovideos (category:base,tabindex:-1)
2024-12-02 16:28:53,570 [INFO] PluginManage:310 - Check plugin updater
2024-12-02 16:28:53,586 [INFO] PluginManage:359 - Loaded plugin updater (category:base,tabindex:12)
2024-12-02 16:28:53,586 [INFO] PluginManage:310 - Check plugin userauth
2024-12-02 16:28:53,592 [INFO] UserAuth:113 - Init User Auth plugin
2024-12-02 16:28:53,592 [INFO] PluginManage:359 - Loaded plugin userauth (category:base,tabindex:14)
2024-12-02 16:28:53,592 [INFO] PluginManage:283 - PluginManage : Loaded plugins [18]
2024-12-02 16:28:53,853 [INFO] PinOutPanel:1561 - setPackage(No Configuration,No Configuration)
2024-12-02 16:28:53,927 [INFO] CADModel:165 - CPN selected for project level
2024-12-02 16:28:53,927 [INFO] CADModel:114 - Register for checkConnection events
2024-12-02 16:28:53,953 [INFO] IPUIPlugin:80 - create IPUIPlugin
2024-12-02 16:28:53,953 [INFO] PluginManager:220 - loadIPPluginJar : add adc
2024-12-02 16:28:53,988 [INFO] IPUIPlugin:80 - create IPUIPlugin
2024-12-02 16:28:53,989 [INFO] PluginManager:220 - loadIPPluginJar : add aes
2024-12-02 16:28:54,027 [INFO] IPUIPlugin:80 - create IPUIPlugin
2024-12-02 16:28:54,027 [INFO] PluginManager:220 - loadIPPluginJar : add can
2024-12-02 16:28:54,052 [INFO] IPUIPlugin:80 - create IPUIPlugin
2024-12-02 16:28:54,052 [INFO] PluginManager:220 - loadIPPluginJar : add comp
2024-12-02 16:28:54,081 [INFO] IPUIPlugin:80 - create IPUIPlugin
2024-12-02 16:28:54,081 [INFO] PluginManager:220 - loadIPPluginJar : add cryp
2024-12-02 16:28:54,096 [INFO] IPUIPlugin:80 - create IPUIPlugin
2024-12-02 16:28:54,096 [INFO] PluginManager:220 - loadIPPluginJar : add ddr_ctrl_phy
2024-12-02 16:28:54,129 [INFO] IPUIPlugin:80 - create IPUIPlugin
2024-12-02 16:28:54,129 [INFO] PluginManager:220 - loadIPPluginJar : add dfsdm
2024-12-02 16:28:54,146 [INFO] IPUIPlugin:80 - create IPUIPlugin
2024-12-02 16:28:54,146 [INFO] PluginManager:220 - loadIPPluginJar : add dma
2024-12-02 16:28:54,202 [INFO] IPUIPlugin:80 - create IPUIPlugin
2024-12-02 16:28:54,202 [INFO] PluginManager:220 - loadIPPluginJar : add dma3
2024-12-02 16:28:54,256 [INFO] IPUIPlugin:80 - create IPUIPlugin
2024-12-02 16:28:54,256 [INFO] PluginManager:220 - loadIPPluginJar : add extmemmanager
2024-12-02 16:28:54,278 [INFO] IPUIPlugin:80 - create IPUIPlugin
2024-12-02 16:28:54,278 [INFO] PluginManager:220 - loadIPPluginJar : add fatfs
2024-12-02 16:28:54,322 [INFO] IPUIPlugin:80 - create IPUIPlugin
2024-12-02 16:28:54,322 [INFO] PluginManager:220 - loadIPPluginJar : add fmc
2024-12-02 16:28:54,340 [INFO] IPUIPlugin:80 - create IPUIPlugin
2024-12-02 16:28:54,340 [INFO] PluginManager:220 - loadIPPluginJar : add freertos
2024-12-02 16:28:54,361 [INFO] IPUIPlugin:80 - create IPUIPlugin
2024-12-02 16:28:54,361 [INFO] PluginManager:220 - loadIPPluginJar : add genericplugin
2024-12-02 16:28:54,437 [INFO] IPUIPlugin:80 - create IPUIPlugin
2024-12-02 16:28:54,437 [INFO] PluginManager:220 - loadIPPluginJar : add gfxmmu
2024-12-02 16:28:54,556 [INFO] IPUIPlugin:80 - create IPUIPlugin
2024-12-02 16:28:54,556 [INFO] PluginManager:220 - loadIPPluginJar : add gic
2024-12-02 16:28:54,576 [INFO] IPUIPlugin:80 - create IPUIPlugin
2024-12-02 16:28:54,576 [INFO] PluginManager:220 - loadIPPluginJar : add gpio
2024-12-02 16:28:54,663 [INFO] IPUIPlugin:80 - create IPUIPlugin
2024-12-02 16:28:54,663 [INFO] PluginManager:220 - loadIPPluginJar : add gtzc
2024-12-02 16:28:54,698 [INFO] IPUIPlugin:80 - create IPUIPlugin
2024-12-02 16:28:54,698 [INFO] PluginManager:220 - loadIPPluginJar : add hash
2024-12-02 16:28:54,745 [INFO] IPUIPlugin:80 - create IPUIPlugin
2024-12-02 16:28:54,745 [INFO] PluginManager:220 - loadIPPluginJar : add i2c
2024-12-02 16:28:54,783 [INFO] IPUIPlugin:80 - create IPUIPlugin
2024-12-02 16:28:54,783 [INFO] PluginManager:220 - loadIPPluginJar : add i2s
2024-12-02 16:28:54,824 [INFO] IPUIPlugin:80 - create IPUIPlugin
2024-12-02 16:28:54,824 [INFO] PluginManager:220 - loadIPPluginJar : add i3c
2024-12-02 16:28:54,923 [INFO] IPUIPlugin:80 - create IPUIPlugin
2024-12-02 16:28:54,923 [INFO] PluginManager:220 - loadIPPluginJar : add ipddr
2024-12-02 16:28:55,013 [INFO] IPUIPlugin:80 - create IPUIPlugin
2024-12-02 16:28:55,013 [INFO] PluginManager:220 - loadIPPluginJar : add linkedlist
2024-12-02 16:28:55,050 [INFO] IPUIPlugin:80 - create IPUIPlugin
2024-12-02 16:28:55,050 [INFO] PluginManager:220 - loadIPPluginJar : add lorawan
2024-12-02 16:28:55,084 [INFO] IPUIPlugin:80 - create IPUIPlugin
2024-12-02 16:28:55,084 [INFO] PluginManager:220 - loadIPPluginJar : add ltdc
2024-12-02 16:28:55,098 [INFO] IPUIPlugin:80 - create IPUIPlugin
2024-12-02 16:28:55,098 [INFO] PluginManager:220 - loadIPPluginJar : add mdma
2024-12-02 16:28:55,112 [INFO] IPUIPlugin:80 - create IPUIPlugin
2024-12-02 16:28:55,112 [INFO] PluginManager:220 - loadIPPluginJar : add nvic
2024-12-02 16:28:55,148 [INFO] IPUIPlugin:80 - create IPUIPlugin
2024-12-02 16:28:55,149 [INFO] PluginManager:220 - loadIPPluginJar : add opamp
2024-12-02 16:28:55,201 [INFO] IPUIPlugin:80 - create IPUIPlugin
2024-12-02 16:28:55,202 [INFO] PluginManager:220 - loadIPPluginJar : add openamp
2024-12-02 16:28:55,246 [INFO] IPUIPlugin:80 - create IPUIPlugin
2024-12-02 16:28:55,246 [INFO] PluginManager:220 - loadIPPluginJar : add pdm2pcm
2024-12-02 16:28:55,263 [INFO] IPUIPlugin:80 - create IPUIPlugin
2024-12-02 16:28:55,265 [INFO] PluginManager:220 - loadIPPluginJar : add plateformsettings
2024-12-02 16:28:55,295 [INFO] IPUIPlugin:80 - create IPUIPlugin
2024-12-02 16:28:55,295 [INFO] PluginManager:220 - loadIPPluginJar : add quadspi
2024-12-02 16:28:55,330 [INFO] IPUIPlugin:80 - create IPUIPlugin
2024-12-02 16:28:55,331 [INFO] PluginManager:220 - loadIPPluginJar : add radio
2024-12-02 16:28:55,345 [INFO] IPUIPlugin:80 - create IPUIPlugin
2024-12-02 16:28:55,346 [INFO] PluginManager:220 - loadIPPluginJar : add resmgrutility
2024-12-02 16:28:55,405 [INFO] IPUIPlugin:80 - create IPUIPlugin
2024-12-02 16:28:55,405 [INFO] PluginManager:220 - loadIPPluginJar : add sai
2024-12-02 16:28:55,444 [INFO] IPUIPlugin:80 - create IPUIPlugin
2024-12-02 16:28:55,444 [INFO] PluginManager:220 - loadIPPluginJar : add spi
2024-12-02 16:28:55,532 [INFO] IPUIPlugin:80 - create IPUIPlugin
2024-12-02 16:28:55,532 [INFO] PluginManager:220 - loadIPPluginJar : add stm32_wpan
2024-12-02 16:28:55,575 [INFO] IPUIPlugin:80 - create IPUIPlugin
2024-12-02 16:28:55,575 [INFO] PluginManager:220 - loadIPPluginJar : add tim
2024-12-02 16:28:55,660 [INFO] IPUIPlugin:80 - create IPUIPlugin
2024-12-02 16:28:55,661 [INFO] PluginManager:220 - loadIPPluginJar : add touchsensing
2024-12-02 16:28:55,693 [INFO] IPUIPlugin:80 - create IPUIPlugin
2024-12-02 16:28:55,693 [INFO] PluginManager:220 - loadIPPluginJar : add tracer_emb
2024-12-02 16:28:55,727 [INFO] IPUIPlugin:80 - create IPUIPlugin
2024-12-02 16:28:55,727 [INFO] PluginManager:220 - loadIPPluginJar : add ts
2024-12-02 16:28:55,754 [INFO] IPUIPlugin:80 - create IPUIPlugin
2024-12-02 16:28:55,755 [INFO] PluginManager:220 - loadIPPluginJar : add tsc
2024-12-02 16:28:55,779 [INFO] IPUIPlugin:80 - create IPUIPlugin
2024-12-02 16:28:55,779 [INFO] PluginManager:220 - loadIPPluginJar : add ucpd
2024-12-02 16:28:55,835 [INFO] IPUIPlugin:80 - create IPUIPlugin
2024-12-02 16:28:55,835 [INFO] PluginManager:220 - loadIPPluginJar : add usart
2024-12-02 16:28:55,877 [INFO] IPUIPlugin:80 - create IPUIPlugin
2024-12-02 16:28:55,877 [INFO] PluginManager:220 - loadIPPluginJar : add usbx
2024-12-02 16:28:56,002 [INFO] CADModel:165 - CPN selected for project level
2024-12-02 16:28:56,003 [INFO] CADModel:114 - Register for checkConnection events
2024-12-02 16:28:56,003 [FATAL] Updater:334 - Updater called before beeing initialized
2024-12-02 16:28:56,003 [ERROR] CADModel:125 - Updater not yet initialized, retry later 
2024-12-02 16:28:56,134 [INFO] CADModel:165 - CPN selected for project level
2024-12-02 16:28:56,134 [INFO] CADModel:114 - Register for checkConnection events
2024-12-02 16:28:56,134 [FATAL] Updater:334 - Updater called before beeing initialized
2024-12-02 16:28:56,134 [ERROR] CADModel:125 - Updater not yet initialized, retry later 
2024-12-02 16:28:56,137 [FATAL] Updater:334 - Updater called before beeing initialized
2024-12-02 16:28:56,222 [FATAL] Updater:334 - Updater called before beeing initialized
2024-12-02 16:28:56,234 [INFO] DbMcusAds:53 - JSON generation date=Fri Sep 20 09:04:38 EDT 2024 (1726837478367)
2024-12-02 16:28:56,234 [FATAL] Updater:334 - Updater called before beeing initialized
2024-12-02 16:28:56,268 [WARN] DetailPanel:346 - Failed to get advertising image, set to default
2024-12-02 16:28:56,345 [FATAL] Updater:334 - Updater called before beeing initialized
2024-12-02 16:28:56,346 [FATAL] Updater:334 - Updater called before beeing initialized
2024-12-02 16:28:56,347 [FATAL] Updater:334 - Updater called before beeing initialized
2024-12-02 16:28:56,347 [WARN] DetailPanel:346 - Failed to get advertising image, set to default
2024-12-02 16:28:56,348 [FATAL] Updater:334 - Updater called before beeing initialized
2024-12-02 16:28:56,364 [INFO] ThirdPartyUpdaterWithRetryManager:70 - Updater plugin not ready yet. [2/15]
2024-12-02 16:28:56,406 [ERROR] Updater:1164 - MainUpdater not yet initialized. External WinMGr cannot be set.
2024-12-02 16:28:56,417 [INFO] Updater:1100 - Updater Version found : 6.12.0
2024-12-02 16:28:56,431 [INFO] ApplicationProperties:184 - Using Application install path: C:\ST\STM32CubeIDE_1.16.0\STM32CubeIDE\plugins\com.st.stm32cube.common.mx_6.12.0.202406281431
2024-12-02 16:28:58,007 [ERROR] LogOutputStream:75 - [STDERR_REDIRECT] Dec 02, 2024 4:28:58 PM java.util.prefs.WindowsPreferences <init>
2024-12-02 16:28:58,008 [ERROR] LogOutputStream:75 - [STDERR_REDIRECT] WARNING: Could not open/create prefs root node Software\JavaSoft\Prefs at root 0xffffffff80000002. Windows RegCreateKeyEx(...) returned error code 5.
2024-12-02 16:28:58,009 [ERROR] LogOutputStream:75 - [STDERR_REDIRECT] 
2024-12-02 16:28:58,812 [INFO] MainUpdater:2873 - connection check result : 10
2024-12-02 16:28:58,812 [INFO] MainUpdater:3567 - Updater definition file requires update
2024-12-02 16:28:58,813 [INFO] MainUpdater:290 - Updater Check For Update Now.
2024-12-02 16:28:58,813 [INFO] MicroXplorer:498 - Change Database Version : DB.6.0.120
2024-12-02 16:28:58,834 [INFO] McuFinderGlobals:63 - Set McuFinder mode to 2 (CubeIDE integrated)
2024-12-02 16:28:58,840 [INFO] UserAuth:417 - Internet connection configuration mode: 1
2024-12-02 16:28:58,864 [INFO] JxBrowserEngine:152 - Initiate JxBrowser Engine with user profile folder
2024-12-02 16:28:59,365 [WARN] MainUpdater:1194 - Updater busy. Cannot search thirdparties
2024-12-02 16:28:59,365 [INFO] ThirdPartyUpdaterWithRetryManager:96 - Updater plugin is busy. [1/15]
2024-12-02 16:28:59,390 [INFO] ServerAccessManage:473 - Download File updaters.zip
2024-12-02 16:28:59,893 [INFO] FileExtend:240 - Unzip File : updaters.zip
2024-12-02 16:28:59,893 [INFO] FileExtend:255 - Standard Zip Deflate
2024-12-02 16:29:01,148 [INFO] ServerAccessManage:473 - Download File PacksControlFlags.xml
2024-12-02 16:29:01,469 [INFO] ServerAccessManage:473 - Download File cubemx.pidx
2024-12-02 16:29:01,568 [INFO] LoadServerUpdatesThread:375 - End of LoadServerUpdate Thread
2024-12-02 16:29:01,776 [INFO] CheckServerUpdateThread:120 - End of CheckServer Thread
2024-12-02 16:29:02,571 [WARN] PackLoader:240 - Cannot read IP mode file for STMicroelectronics.FP-SNS-MOTENVWB1.1.4.0
2024-12-02 16:29:02,586 [WARN] PackLoader:240 - Cannot read IP mode file for STMicroelectronics.FP-ATR-ASTRA1.2.0.1
2024-12-02 16:29:02,601 [WARN] PackLoader:240 - Cannot read IP mode file for STMicroelectronics.X-CUBE-SMBUS.2.1.0
2024-12-02 16:29:02,617 [WARN] PackLoader:240 - Cannot read IP mode file for STMicroelectronics.X-CUBE-WB05N.1.1.0
2024-12-02 16:29:02,650 [WARN] PackLoader:240 - Cannot read IP mode file for STMicroelectronics.X-CUBE-AZRTOS-F7.1.1.0
2024-12-02 16:29:02,717 [WARN] PackLoader:240 - Cannot read IP mode file for STMicroelectronics.X-CUBE-MEMS1.11.0.0
2024-12-02 16:29:02,848 [WARN] PackLoader:240 - Cannot read IP mode file for STMicroelectronics.FP-SNS-FLIGHT1.5.0.2
2024-12-02 16:29:02,866 [WARN] PackLoader:240 - Cannot read IP mode file for STMicroelectronics.X-CUBE-DISPLAY.3.0.0
2024-12-02 16:29:02,886 [WARN] PackLoader:240 - Cannot read IP mode file for STMicroelectronics.X-CUBE-BLE1.7.0.0
2024-12-02 16:29:02,903 [WARN] PackLoader:240 - Cannot read IP mode file for STMicroelectronics.X-CUBE-NFC10.1.0.0
2024-12-02 16:29:02,923 [WARN] PackLoader:240 - Cannot read IP mode file for emotas.I-CUBE-CANOPEN.1.3.0
2024-12-02 16:29:02,942 [WARN] PackLoader:240 - Cannot read IP mode file for STMicroelectronics.X-CUBE-BLEMGR.3.1.0
2024-12-02 16:29:02,959 [WARN] PackLoader:240 - Cannot read IP mode file for STMicroelectronics.FP-SNS-SMARTAG2.1.2.0
2024-12-02 16:29:02,982 [INFO] LogOutputStream:77 - [STDOUT_REDIRECT] 1 : Invalid condition id : UX_CORESTACK_Condition cause : null
2024-12-02 16:29:02,982 [INFO] LogOutputStream:77 - [STDOUT_REDIRECT] 1 : Invalid condition id : UX_CORESTACK_Condition cause : null
2024-12-02 16:29:02,983 [INFO] LogOutputStream:77 - [STDOUT_REDIRECT] 1 : Invalid condition id : UX_CORESTACK_Condition cause : null
2024-12-02 16:29:02,984 [INFO] LogOutputStream:77 - [STDOUT_REDIRECT] 1 : Invalid condition id : UX_CORESTACK_Condition cause : null
2024-12-02 16:29:02,984 [INFO] LogOutputStream:77 - [STDOUT_REDIRECT] 1 : Invalid condition id : UX_CORESTACK_Condition cause : null
2024-12-02 16:29:02,986 [WARN] PackLoader:240 - Cannot read IP mode file for STMicroelectronics.X-CUBE-AZRTOS-WL.2.0.0
2024-12-02 16:29:03,003 [WARN] PackLoader:240 - Cannot read IP mode file for STMicroelectronics.FP-SNS-MOTENV1.5.0.0
2024-12-02 16:29:03,018 [WARN] PackLoader:240 - Cannot read IP mode file for wolfSSL.I-CUBE-wolfMQTT.1.19.0
2024-12-02 16:29:03,035 [WARN] PackLoader:240 - Cannot read IP mode file for WES.I-CUBE-Cesium.1.3.0
2024-12-02 16:29:03,051 [WARN] PackLoader:240 - Cannot read IP mode file for STMicroelectronics.X-CUBE-BLE2.3.3.0
2024-12-02 16:29:03,067 [WARN] PackLoader:240 - Cannot read IP mode file for STMicroelectronics.X-CUBE-NFC9.1.0.0
2024-12-02 16:29:03,081 [WARN] PackLoader:240 - Cannot read IP mode file for STMicroelectronics.X-CUBE-TCPP.4.1.0
2024-12-02 16:29:03,108 [WARN] PackLoader:240 - Cannot read IP mode file for STMicroelectronics.X-CUBE-AZRTOS-G0.1.1.0
2024-12-02 16:29:03,128 [WARN] PackLoader:240 - Cannot read IP mode file for STMicroelectronics.X-CUBE-SAFEA1.1.2.2
2024-12-02 16:29:03,145 [WARN] PackLoader:240 - Cannot read IP mode file for STMicroelectronics.X-CUBE-NFC4.3.0.0
2024-12-02 16:29:03,168 [WARN] PackLoader:240 - Cannot read IP mode file for EmbeddedOffice.I-CUBE-FS-RTOS.1.0.1
2024-12-02 16:29:03,169 [ERROR] ConditionMgr:805 - Attr not supported : Dmpu
2024-12-02 16:29:03,169 [ERROR] ConditionMgr:805 - Attr not supported : Dmpu
2024-12-02 16:29:03,169 [ERROR] ConditionMgr:805 - Attr not supported : Dmpu
2024-12-02 16:29:03,169 [ERROR] ConditionMgr:805 - Attr not supported : Dmpu
2024-12-02 16:29:03,169 [ERROR] ConditionMgr:805 - Attr not supported : Dmpu
2024-12-02 16:29:03,169 [ERROR] ConditionMgr:805 - Attr not supported : Dmpu
2024-12-02 16:29:03,169 [ERROR] ConditionMgr:805 - Attr not supported : Dmpu
2024-12-02 16:29:03,169 [ERROR] ConditionMgr:805 - Attr not supported : Dmpu
2024-12-02 16:29:03,169 [ERROR] ConditionMgr:805 - Attr not supported : Dmpu
2024-12-02 16:29:03,169 [ERROR] ConditionMgr:805 - Attr not supported : Dmpu
2024-12-02 16:29:03,169 [ERROR] ConditionMgr:805 - Attr not supported : Dmpu
2024-12-02 16:29:03,169 [ERROR] ConditionMgr:805 - Attr not supported : Dmpu
2024-12-02 16:29:03,169 [ERROR] ConditionMgr:805 - Attr not supported : Dmpu
2024-12-02 16:29:03,169 [ERROR] ConditionMgr:805 - Attr not supported : Dmpu
2024-12-02 16:29:03,169 [ERROR] ConditionMgr:805 - Attr not supported : Dmpu
2024-12-02 16:29:03,169 [ERROR] ConditionMgr:805 - Attr not supported : Dmpu
2024-12-02 16:29:03,169 [ERROR] ConditionMgr:805 - Attr not supported : Dmpu
2024-12-02 16:29:03,169 [ERROR] ConditionMgr:805 - Attr not supported : Dmpu
2024-12-02 16:29:03,169 [ERROR] ConditionMgr:805 - Attr not supported : Dmpu
2024-12-02 16:29:03,170 [ERROR] ConditionMgr:805 - Attr not supported : Dmpu
2024-12-02 16:29:03,170 [ERROR] ConditionMgr:805 - Attr not supported : Dmpu
2024-12-02 16:29:03,170 [ERROR] ConditionMgr:805 - Attr not supported : Dmpu
2024-12-02 16:29:03,170 [ERROR] ConditionMgr:805 - Attr not supported : Dmpu
2024-12-02 16:29:03,170 [ERROR] ConditionMgr:805 - Attr not supported : Dmpu
2024-12-02 16:29:03,170 [ERROR] ConditionMgr:805 - Attr not supported : Dmpu
2024-12-02 16:29:03,170 [ERROR] ConditionMgr:805 - Attr not supported : Dmpu
2024-12-02 16:29:03,170 [ERROR] ConditionMgr:805 - Attr not supported : Dmpu
2024-12-02 16:29:03,170 [ERROR] ConditionMgr:805 - Attr not supported : Dmpu
2024-12-02 16:29:03,170 [ERROR] ConditionMgr:805 - Attr not supported : Dmpu
2024-12-02 16:29:03,170 [ERROR] ConditionMgr:805 - Attr not supported : Dmpu
2024-12-02 16:29:03,170 [ERROR] ConditionMgr:805 - Attr not supported : Dmpu
2024-12-02 16:29:03,170 [ERROR] ConditionMgr:805 - Attr not supported : Dmpu
2024-12-02 16:29:03,170 [ERROR] ConditionMgr:805 - Attr not supported : Dmpu
2024-12-02 16:29:03,170 [ERROR] ConditionMgr:805 - Attr not supported : Dmpu
2024-12-02 16:29:03,170 [ERROR] ConditionMgr:805 - Attr not supported : Dmpu
2024-12-02 16:29:03,170 [ERROR] ConditionMgr:805 - Attr not supported : Dmpu
2024-12-02 16:29:03,170 [ERROR] ConditionMgr:805 - Attr not supported : Dmpu
2024-12-02 16:29:03,170 [ERROR] ConditionMgr:805 - Attr not supported : Dmpu
2024-12-02 16:29:03,170 [ERROR] ConditionMgr:805 - Attr not supported : Dmpu
2024-12-02 16:29:03,171 [ERROR] ConditionMgr:805 - Attr not supported : Dmpu
2024-12-02 16:29:03,171 [ERROR] ConditionMgr:805 - Attr not supported : Dmpu
2024-12-02 16:29:03,171 [ERROR] ConditionMgr:805 - Attr not supported : Dmpu
2024-12-02 16:29:03,171 [ERROR] ConditionMgr:805 - Attr not supported : Dmpu
2024-12-02 16:29:03,171 [ERROR] ConditionMgr:805 - Attr not supported : Dmpu
2024-12-02 16:29:03,171 [ERROR] ConditionMgr:805 - Attr not supported : Dmpu
2024-12-02 16:29:03,171 [ERROR] ConditionMgr:805 - Attr not supported : Dmpu
2024-12-02 16:29:03,171 [ERROR] ConditionMgr:805 - Attr not supported : Dmpu
2024-12-02 16:29:03,171 [ERROR] ConditionMgr:805 - Attr not supported : Dmpu
2024-12-02 16:29:03,171 [ERROR] ConditionMgr:805 - Attr not supported : Dmpu
2024-12-02 16:29:03,171 [ERROR] ConditionMgr:805 - Attr not supported : Dmpu
2024-12-02 16:29:03,171 [ERROR] ConditionMgr:805 - Attr not supported : Dmpu
2024-12-02 16:29:03,171 [ERROR] ConditionMgr:805 - Attr not supported : Dmpu
2024-12-02 16:29:03,171 [ERROR] ConditionMgr:805 - Attr not supported : Dmpu
2024-12-02 16:29:03,171 [ERROR] ConditionMgr:805 - Attr not supported : Dmpu
2024-12-02 16:29:03,171 [ERROR] ConditionMgr:805 - Attr not supported : Dmpu
2024-12-02 16:29:03,171 [ERROR] ConditionMgr:805 - Attr not supported : Dmpu
2024-12-02 16:29:03,171 [ERROR] ConditionMgr:805 - Attr not supported : Dmpu
2024-12-02 16:29:03,171 [ERROR] ConditionMgr:805 - Attr not supported : Dmpu
2024-12-02 16:29:03,172 [ERROR] ConditionMgr:805 - Attr not supported : Dmpu
2024-12-02 16:29:03,172 [ERROR] ConditionMgr:805 - Attr not supported : Dmpu
2024-12-02 16:29:03,172 [ERROR] ConditionMgr:805 - Attr not supported : Dmpu
2024-12-02 16:29:03,172 [ERROR] ConditionMgr:805 - Attr not supported : Dmpu
2024-12-02 16:29:03,172 [ERROR] ConditionMgr:805 - Attr not supported : Dmpu
2024-12-02 16:29:03,172 [ERROR] ConditionMgr:805 - Attr not supported : Dmpu
2024-12-02 16:29:03,191 [WARN] PackLoader:240 - Cannot read IP mode file for RealThread.X-CUBE-RT-Thread_Nano.4.1.1
2024-12-02 16:29:03,203 [WARN] PackLoader:240 - Cannot read IP mode file for STMicroelectronics.FP-ATR-SIGFOX1.3.2.0
2024-12-02 16:29:03,217 [WARN] PackLoader:240 - Cannot read IP mode file for wolfSSL.I-CUBE-wolfSSL.5.7.2
2024-12-02 16:29:03,233 [WARN] ConditionMgr:438 - getConditionDescription Invalid condition id : Cortex-A Device cause : null
2024-12-02 16:29:03,257 [WARN] ConditionMgr:1039 - genDependencies : Invalid condition id : Cortex-A Device cause : null
2024-12-02 16:29:03,257 [WARN] ConditionMgr:1039 - genDependencies : Invalid condition id : Cortex-A Device cause : null
2024-12-02 16:29:03,257 [WARN] ConditionMgr:1039 - genDependencies : Invalid condition id : Cortex-A Device cause : null
2024-12-02 16:29:03,274 [WARN] PackLoader:240 - Cannot read IP mode file for STMicroelectronics.X-CUBE-EEPRMA1.5.1.0
2024-12-02 16:29:03,294 [WARN] PackLoader:240 - Cannot read IP mode file for ITTIA_DB.I-CUBE-ITTIADB.8.9.0
2024-12-02 16:29:03,327 [WARN] PackLoader:240 - Cannot read IP mode file for SEGGER.I-CUBE-embOS.1.3.1
2024-12-02 16:29:03,367 [WARN] PackLoader:240 - Cannot read IP mode file for STMicroelectronics.X-CUBE-ALGOBUILD.1.4.0
2024-12-02 16:29:03,384 [WARN] PackLoader:240 - Cannot read IP mode file for STMicroelectronics.X-CUBE-AI.9.1.0
2024-12-02 16:29:03,401 [WARN] PackLoader:240 - Cannot read IP mode file for STMicroelectronics.X-CUBE-GNSS1.6.0.0
2024-12-02 16:29:03,425 [WARN] PackLoader:240 - Cannot read IP mode file for STMicroelectronics.X-CUBE-AZRTOS-F4.1.1.0
2024-12-02 16:29:03,440 [WARN] PackLoader:240 - Cannot read IP mode file for STMicroelectronics.X-CUBE-ISPU.2.1.0
2024-12-02 16:29:03,455 [WARN] PackLoader:240 - Cannot read IP mode file for STMicroelectronics.X-CUBE-FREERTOS.1.2.0
2024-12-02 16:29:03,480 [WARN] PackLoader:240 - Cannot read IP mode file for STMicroelectronics.X-CUBE-AZRTOS-L5.2.0.0
2024-12-02 16:29:03,496 [WARN] PackLoader:240 - Cannot read IP mode file for STMicroelectronics.X-CUBE-NFC6.3.1.0
2024-12-02 16:29:03,513 [WARN] PackLoader:240 - Cannot read IP mode file for STMicroelectronics.X-CUBE-DPower.1.2.0
2024-12-02 16:29:03,529 [WARN] PackLoader:240 - Cannot read IP mode file for STMicroelectronics.X-CUBE-AI.9.0.0
2024-12-02 16:29:03,547 [WARN] PackLoader:240 - Cannot read IP mode file for STMicroelectronics.X-CUBE-NFC7.1.0.1
2024-12-02 16:29:03,572 [WARN] ConditionMgr:438 - getConditionDescription Invalid condition id : LAN8742 Phy interface Condition cause : null
2024-12-02 16:29:03,573 [WARN] PackLoader:240 - Cannot read IP mode file for STMicroelectronics.X-CUBE-AZRTOS-L4.2.0.0
2024-12-02 16:29:03,574 [WARN] ConditionMgr:1039 - genDependencies : Invalid condition id : LAN8742 Phy interface Condition cause : null
2024-12-02 16:29:03,574 [WARN] ConditionMgr:1039 - genDependencies : Invalid condition id : LAN8742 Phy interface Condition cause : null
2024-12-02 16:29:03,574 [WARN] ConditionMgr:1039 - genDependencies : Invalid condition id : LAN8742 Phy interface Condition cause : null
2024-12-02 16:29:03,590 [WARN] PackLoader:240 - Cannot read IP mode file for STMicroelectronics.X-CUBE-SFXS2LP1.4.0.0
2024-12-02 16:29:03,619 [WARN] PackLoader:240 - Cannot read IP mode file for STMicroelectronics.X-CUBE-AZRTOS-H7.3.3.0
2024-12-02 16:29:03,647 [WARN] PackLoader:240 - Cannot read IP mode file for STMicroelectronics.X-CUBE-IPS.3.0.0
2024-12-02 16:29:03,674 [WARN] ConditionMgr:438 - getConditionDescription Invalid condition id : UX DEVICE CLASS RTOS Condition cause : null
2024-12-02 16:29:03,674 [WARN] ConditionMgr:438 - getConditionDescription Invalid condition id : UX DEVICE CLASS RTOS Condition cause : null
2024-12-02 16:29:03,676 [WARN] PackLoader:240 - Cannot read IP mode file for STMicroelectronics.X-CUBE-AZRTOS-WB.2.0.0
2024-12-02 16:29:03,676 [WARN] ConditionMgr:1039 - genDependencies : Invalid condition id : UX DEVICE CLASS RTOS Condition cause : null
2024-12-02 16:29:03,677 [WARN] ConditionMgr:1039 - genDependencies : Invalid condition id : UX DEVICE CLASS RTOS Condition cause : null
2024-12-02 16:29:03,677 [WARN] ConditionMgr:1039 - genDependencies : Invalid condition id : UX DEVICE CLASS RTOS Condition cause : null
2024-12-02 16:29:03,677 [WARN] ConditionMgr:1039 - genDependencies : Invalid condition id : UX DEVICE CLASS RTOS Condition cause : null
2024-12-02 16:29:03,677 [WARN] ConditionMgr:1039 - genDependencies : Invalid condition id : UX DEVICE CLASS RTOS Condition cause : null
2024-12-02 16:29:03,694 [WARN] PackLoader:240 - Cannot read IP mode file for STMicroelectronics.FP-SNS-STBOX1.2.0.0
2024-12-02 16:29:03,715 [WARN] PackLoader:240 - Cannot read IP mode file for STMicroelectronics.X-CUBE-SUBG2.5.0.0
2024-12-02 16:29:03,731 [WARN] PackLoader:240 - Cannot read IP mode file for Cesanta.I-CUBE-Mongoose.7.13.0
2024-12-02 16:29:03,754 [WARN] PackLoader:240 - Cannot read IP mode file for STMicroelectronics.X-CUBE-AZRTOS-G4.2.0.0
2024-12-02 16:29:03,770 [WARN] PackLoader:240 - Cannot read IP mode file for STMicroelectronics.X-CUBE-ISPU.2.0.0
2024-12-02 16:29:03,784 [WARN] PackLoader:240 - Cannot read IP mode file for STMicroelectronics.X-CUBE-ALS.1.0.2
2024-12-02 16:29:03,800 [WARN] PackLoader:240 - Cannot read IP mode file for STMicroelectronics.X-CUBE-TOUCHGFX.4.24.0
2024-12-02 16:29:03,814 [WARN] PackLoader:240 - Cannot read IP mode file for STMicroelectronics.X-CUBE-TOUCHGFX.4.24.1
2024-12-02 16:29:03,828 [WARN] PackLoader:240 - Cannot read IP mode file for wolfSSL.I-CUBE-wolfTPM.3.4.0
2024-12-02 16:29:03,844 [WARN] PackLoader:240 - Cannot read IP mode file for portGmbH.I-Cube-SoM-uGOAL.1.1.0
2024-12-02 16:29:03,867 [WARN] PackLoader:240 - Cannot read IP mode file for STMicroelectronics.X-CUBE-AZRTOS-H7RS.1.0.0
2024-12-02 16:29:03,882 [WARN] PackLoader:240 - Cannot read IP mode file for STMicroelectronics.FP-ATR-ASTRA1.2.0.0
2024-12-02 16:29:03,901 [WARN] PackLoader:240 - Cannot read IP mode file for STMicroelectronics.X-CUBE-TOF1.3.4.2
2024-12-02 16:29:03,942 [WARN] PackLoader:240 - Cannot read IP mode file for Infineon.AIROC-Wi-Fi-Bluetooth-STM32.1.6.1
2024-12-02 16:29:03,956 [WARN] PackLoader:240 - Cannot read IP mode file for wolfSSL.I-CUBE-wolfSSH.1.4.17
2024-12-02 16:29:03,957 [INFO] ThirdParty:978 - Integrity check success = true
2024-12-02 16:29:03,957 [INFO] IntegrityCheckThread:100 - exiting critical section [integrity check]
2024-12-02 16:29:03,957 [INFO] IntegrityCheckThread:103 - End integrity checks thread
2024-12-02 16:29:05,370 [INFO] WebApp:167 - Instantiating new browser for Auth
2024-12-02 16:29:06,139 [INFO] WebApp:448 - Apply proxy settings
2024-12-02 16:29:06,140 [INFO] WebApp:533 - Chromium requires no authentication
2024-12-02 16:29:06,155 [INFO] WebApp:476 - Direct internet connection detected
2024-12-02 16:29:06,184 [INFO] WebApp:869 - Register for checkConnection events
2024-12-02 16:29:06,184 [INFO] WebApp:448 - Apply proxy settings
2024-12-02 16:29:06,184 [INFO] WebApp:533 - Chromium requires no authentication
2024-12-02 16:29:06,185 [INFO] WebApp:476 - Direct internet connection detected
2024-12-02 16:29:06,336 [INFO] WebApp:220 - Starting web application
2024-12-02 16:29:06,336 [INFO] WebApp:578 - Web application path used C:\ST\STM32CubeIDE_1.16.0\STM32CubeIDE\plugins\com.st.stm32cube.common.mx_6.12.0.202406281431\db\plugins\mcufinder\reactClient1\index.html
2024-12-02 16:29:06,483 [INFO] UserAuth:417 - Internet connection configuration mode: 1
2024-12-02 16:29:07,149 [INFO] WebApp:186 - Connection restablished
2024-12-02 16:45:47,231 [ERROR] LogOutputStream:75 - [STDERR_REDIRECT] 
