2024-10-16 17:00:34,687 [INFO] Activator:176 - 


2024-10-16 17:00:34,698 [INFO] Activator:177 - !SESSION log4j initialized
2024-10-16 17:00:47,617 [INFO] LogOutputStream:77 - [STDOUT_REDIRECT] 
2024-10-16 17:00:56,792 [INFO] ApplicationProperties:184 - Using Application install path: C:\ST\STM32CubeIDE_1.16.0\STM32CubeIDE\plugins\com.st.stm32cube.common.mx_6.12.0.202406281431
2024-10-16 17:00:56,816 [INFO] DbMcusXml:78 - Set database path to: C:\ST\STM32CubeIDE_1.16.0\STM32CubeIDE\plugins\com.st.stm32cube.common.mx_6.12.0.202406281431\\db\/mcu/
2024-10-16 17:00:56,816 [INFO] ApiDb:274 - Set plugin database path to: C:\ST\STM32CubeIDE_1.16.0\STM32CubeIDE\plugins\com.st.stm32cube.common.mx_6.12.0.202406281431\\db\/plugins/boardmanager/
2024-10-16 17:00:56,816 [WARN] ApiDb:259 - Overriding images path with different value:  => C:\ST\STM32CubeIDE_1.16.0\STM32CubeIDE\plugins\com.st.stm32cube.common.mx_6.12.0.202406281431\\db\/plugins/mcufinder/images/
2024-10-16 17:00:56,831 [INFO] ApiDb:250 - Set database path to: C:\Users\ijk95\.stmcufinder\plugins\mcufinder//mcu/
2024-10-16 17:00:56,831 [INFO] DbMcusAds:125 - Set database path to: C:\Users\ijk95\.stmcufinder\plugins\mcufinder//mcu/
2024-10-16 17:00:56,831 [INFO] CrossReferenceDbSqlite:203 - Set database path to: C:\Users\ijk95\.stmcufinder\plugins\mcufinder//mcu/cs/
2024-10-16 17:00:57,082 [INFO] RulesReader:64 - Compatibility file has been processed (297 Rules)
2024-10-16 17:00:57,270 [INFO] DbMcusXml:78 - Set database path to: C:\ST\STM32CubeIDE_1.16.0\STM32CubeIDE\plugins\com.st.stm32cube.common.mx_6.12.0.202406281431\\db\/mcu/
2024-10-16 17:00:57,270 [INFO] ApiDb:274 - Set plugin database path to: C:\ST\STM32CubeIDE_1.16.0\STM32CubeIDE\plugins\com.st.stm32cube.common.mx_6.12.0.202406281431\\db\/plugins/boardmanager/
2024-10-16 17:00:57,270 [INFO] ApiDb:261 - Set plugin images path to: C:\ST\STM32CubeIDE_1.16.0\STM32CubeIDE\plugins\com.st.stm32cube.common.mx_6.12.0.202406281431\\db\/plugins/mcufinder/images/
2024-10-16 17:00:57,270 [WARN] DbFile:41 - Overriding database path with different value: C:\Users\ijk95\.stmcufinder\plugins\mcufinder/ => C:\Users\ijk95\.stmcufinder\plugins\mcufinder
2024-10-16 17:00:57,270 [INFO] ApiDb:250 - Set database path to: C:\Users\ijk95\.stmcufinder\plugins\mcufinder//mcu/
2024-10-16 17:00:57,270 [WARN] DbFile:41 - Overriding database path with different value: C:\Users\ijk95\.stmcufinder\plugins\mcufinder/ => C:\Users\ijk95\.stmcufinder\plugins\mcufinder
2024-10-16 17:00:57,270 [INFO] DbMcusAds:125 - Set database path to: C:\Users\ijk95\.stmcufinder\plugins\mcufinder//mcu/
2024-10-16 17:00:57,270 [WARN] DbFile:41 - Overriding database path with different value: C:\Users\ijk95\.stmcufinder\plugins\mcufinder/ => C:\Users\ijk95\.stmcufinder\plugins\mcufinder
2024-10-16 17:00:57,270 [WARN] DbFile:41 - Overriding database path with different value: C:\Users\ijk95\.stmcufinder\plugins\mcufinder/ => C:\Users\ijk95\.stmcufinder\plugins\mcufinder
2024-10-16 17:00:57,270 [INFO] CrossReferenceDbSqlite:203 - Set database path to: C:\Users\ijk95\.stmcufinder\plugins\mcufinder//mcu/cs/
2024-10-16 17:00:57,443 [INFO] MainPanel:268 - HeapMemory: 268435456
2024-10-16 17:00:57,625 [INFO] DbMcusXml:78 - Set database path to: C:\ST\STM32CubeIDE_1.16.0\STM32CubeIDE\plugins\com.st.stm32cube.common.mx_6.12.0.202406281431\\db\/mcu/
2024-10-16 17:00:57,640 [INFO] ApiDb:274 - Set plugin database path to: C:\ST\STM32CubeIDE_1.16.0\STM32CubeIDE\plugins\com.st.stm32cube.common.mx_6.12.0.202406281431\\db\/plugins/boardmanager/
2024-10-16 17:00:57,640 [INFO] ApiDb:261 - Set plugin images path to: C:\ST\STM32CubeIDE_1.16.0\STM32CubeIDE\plugins\com.st.stm32cube.common.mx_6.12.0.202406281431\\db\/plugins/mcufinder/images/
2024-10-16 17:00:57,640 [WARN] DbFile:41 - Overriding database path with different value: C:\Users\ijk95\.stmcufinder\plugins\mcufinder/ => C:\Users\ijk95\.stmcufinder\plugins\mcufinder
2024-10-16 17:00:57,640 [INFO] ApiDb:250 - Set database path to: C:\Users\ijk95\.stmcufinder\plugins\mcufinder//mcu/
2024-10-16 17:00:57,640 [WARN] DbFile:41 - Overriding database path with different value: C:\Users\ijk95\.stmcufinder\plugins\mcufinder/ => C:\Users\ijk95\.stmcufinder\plugins\mcufinder
2024-10-16 17:00:57,640 [INFO] DbMcusAds:125 - Set database path to: C:\Users\ijk95\.stmcufinder\plugins\mcufinder//mcu/
2024-10-16 17:00:57,640 [WARN] DbFile:41 - Overriding database path with different value: C:\Users\ijk95\.stmcufinder\plugins\mcufinder/ => C:\Users\ijk95\.stmcufinder\plugins\mcufinder
2024-10-16 17:00:57,640 [WARN] DbFile:41 - Overriding database path with different value: C:\Users\ijk95\.stmcufinder\plugins\mcufinder/ => C:\Users\ijk95\.stmcufinder\plugins\mcufinder
2024-10-16 17:00:57,640 [INFO] CrossReferenceDbSqlite:203 - Set database path to: C:\Users\ijk95\.stmcufinder\plugins\mcufinder//mcu/cs/
2024-10-16 17:00:57,656 [INFO] ApplicationProperties:184 - Using Application install path: C:\ST\STM32CubeIDE_1.16.0\STM32CubeIDE\plugins\com.st.stm32cube.common.mx_6.12.0.202406281431
2024-10-16 17:00:57,672 [INFO] PluginManage:196 - Search for loadable plugins [exclusion list=, ]
2024-10-16 17:00:57,672 [INFO] PluginManage:310 - Check plugin analytics
2024-10-16 17:00:57,995 [INFO] AnalyticsPlugin:253 - Accepted Software Licenses: 
2024-10-16 17:00:57,995 [INFO] AnalyticsPlugin:255 - Accepted CMSIS Pack Licenses: 
2024-10-16 17:00:57,995 [INFO] AnalyticsPlugin:257 - Accepted Firmware Licenses: FW.G0.1.6.0
2024-10-16 17:00:58,002 [INFO] PluginManage:359 - Loaded plugin analytics (category:tool,tabindex:-1)
2024-10-16 17:00:58,002 [INFO] PluginManage:310 - Check plugin cadmodel
2024-10-16 17:00:58,017 [INFO] CADModel:105 - Init CAD model plugin
2024-10-16 17:00:58,017 [INFO] PluginManage:359 - Loaded plugin cadmodel (category:power,tabindex:5)
2024-10-16 17:00:58,017 [INFO] PluginManage:310 - Check plugin clock
2024-10-16 17:00:58,049 [INFO] PluginManage:359 - Loaded plugin clock (category:base,tabindex:2)
2024-10-16 17:00:58,049 [INFO] PluginManage:310 - Check plugin ddr
2024-10-16 17:00:58,064 [INFO] PluginManage:359 - Loaded plugin ddr (category:tool,tabindex:6)
2024-10-16 17:00:58,064 [INFO] PluginManage:310 - Check plugin filemanager
2024-10-16 17:00:58,299 [INFO] PluginManage:359 - Loaded plugin filemanager (category:base,tabindex:10)
2024-10-16 17:00:58,299 [INFO] PluginManage:310 - Check plugin ipmanager
2024-10-16 17:00:58,315 [INFO] PluginManage:359 - Loaded plugin ipmanager (category:base,tabindex:5)
2024-10-16 17:00:58,315 [INFO] PluginManage:310 - Check plugin lpbam
2024-10-16 17:00:58,362 [INFO] PluginManage:359 - Loaded plugin lpbam (category:base,tabindex:0)
2024-10-16 17:00:58,362 [INFO] PluginManage:310 - Check plugin memorymap
2024-10-16 17:00:58,396 [INFO] PluginManage:359 - Loaded plugin memorymap (category:base,tabindex:4)
2024-10-16 17:00:58,396 [INFO] PluginManage:310 - Check plugin pinoutandconfiguration
2024-10-16 17:00:58,425 [INFO] PluginManage:359 - Loaded plugin pinoutandconfiguration (category:base,tabindex:1)
2024-10-16 17:00:58,425 [INFO] PluginManage:310 - Check plugin pinoutconfig
2024-10-16 17:00:58,573 [WARN] SupportedApi:132 - Cannot load RTOS API schema: s4s-elt-must-match.1: The content of 'definitions' must match (annotation?, (simpleType | complexType)?, (unique | key | keyref)*)). A problem was found starting at: attribute.
2024-10-16 17:00:58,807 [INFO] PluginManage:359 - Loaded plugin pinoutconfig (category:base,tabindex:0)
2024-10-16 17:00:58,807 [INFO] PluginManage:310 - Check plugin power
2024-10-16 17:00:58,838 [INFO] PluginManage:359 - Loaded plugin power (category:power,tabindex:4)
2024-10-16 17:00:58,838 [INFO] PluginManage:310 - Check plugin projectmanager
2024-10-16 17:00:58,869 [INFO] PluginManage:359 - Loaded plugin projectmanager (category:projectmanager,tabindex:4)
2024-10-16 17:00:58,869 [INFO] PluginManage:310 - Check plugin rif
2024-10-16 17:00:58,897 [INFO] PluginManage:359 - Loaded plugin rif (category:base,tabindex:3)
2024-10-16 17:00:58,897 [INFO] PluginManage:310 - Check plugin thirdparty
2024-10-16 17:00:59,356 [INFO] PluginManage:359 - Loaded plugin thirdparty (category:base,tabindex:-1)
2024-10-16 17:00:59,356 [WARN] IntegrityCheckThread:84 - waiting for thirdparty lock release [integrity check]
2024-10-16 17:00:59,356 [INFO] PluginManage:310 - Check plugin tools
2024-10-16 17:00:59,356 [INFO] IntegrityCheckThread:86 - entering critical section [integrity check]
2024-10-16 17:00:59,356 [INFO] ThirdPartyUpdaterWithRetryManager:70 - Updater plugin not ready yet. [1/15]
2024-10-16 17:00:59,403 [INFO] PluginManage:359 - Loaded plugin tools (category:base,tabindex:7)
2024-10-16 17:00:59,403 [INFO] PluginManage:310 - Check plugin tutovideos
2024-10-16 17:00:59,717 [INFO] PluginManage:359 - Loaded plugin tutovideos (category:base,tabindex:-1)
2024-10-16 17:00:59,717 [INFO] PluginManage:310 - Check plugin updater
2024-10-16 17:00:59,749 [INFO] PluginManage:359 - Loaded plugin updater (category:base,tabindex:12)
2024-10-16 17:00:59,749 [INFO] PluginManage:310 - Check plugin userauth
2024-10-16 17:00:59,764 [INFO] UserAuth:113 - Init User Auth plugin
2024-10-16 17:00:59,764 [INFO] PluginManage:359 - Loaded plugin userauth (category:base,tabindex:14)
2024-10-16 17:00:59,764 [INFO] PluginManage:283 - PluginManage : Loaded plugins [18]
2024-10-16 17:01:00,144 [INFO] PinOutPanel:1561 - setPackage(No Configuration,No Configuration)
2024-10-16 17:01:00,269 [INFO] CADModel:165 - CPN selected for project level
2024-10-16 17:01:00,269 [INFO] CADModel:114 - Register for checkConnection events
2024-10-16 17:01:00,317 [INFO] IPUIPlugin:80 - create IPUIPlugin
2024-10-16 17:01:00,317 [INFO] PluginManager:220 - loadIPPluginJar : add adc
2024-10-16 17:01:00,364 [INFO] IPUIPlugin:80 - create IPUIPlugin
2024-10-16 17:01:00,364 [INFO] PluginManager:220 - loadIPPluginJar : add aes
2024-10-16 17:01:00,427 [INFO] IPUIPlugin:80 - create IPUIPlugin
2024-10-16 17:01:00,427 [INFO] PluginManager:220 - loadIPPluginJar : add can
2024-10-16 17:01:00,458 [INFO] IPUIPlugin:80 - create IPUIPlugin
2024-10-16 17:01:00,458 [INFO] PluginManager:220 - loadIPPluginJar : add comp
2024-10-16 17:01:00,505 [INFO] IPUIPlugin:80 - create IPUIPlugin
2024-10-16 17:01:00,505 [INFO] PluginManager:220 - loadIPPluginJar : add cryp
2024-10-16 17:01:00,521 [INFO] IPUIPlugin:80 - create IPUIPlugin
2024-10-16 17:01:00,536 [INFO] PluginManager:220 - loadIPPluginJar : add ddr_ctrl_phy
2024-10-16 17:01:00,568 [INFO] IPUIPlugin:80 - create IPUIPlugin
2024-10-16 17:01:00,568 [INFO] PluginManager:220 - loadIPPluginJar : add dfsdm
2024-10-16 17:01:00,584 [INFO] IPUIPlugin:80 - create IPUIPlugin
2024-10-16 17:01:00,584 [INFO] PluginManager:220 - loadIPPluginJar : add dma
2024-10-16 17:01:00,647 [INFO] IPUIPlugin:80 - create IPUIPlugin
2024-10-16 17:01:00,647 [INFO] PluginManager:220 - loadIPPluginJar : add dma3
2024-10-16 17:01:00,725 [INFO] IPUIPlugin:80 - create IPUIPlugin
2024-10-16 17:01:00,725 [INFO] PluginManager:220 - loadIPPluginJar : add extmemmanager
2024-10-16 17:01:00,741 [INFO] IPUIPlugin:80 - create IPUIPlugin
2024-10-16 17:01:00,741 [INFO] PluginManager:220 - loadIPPluginJar : add fatfs
2024-10-16 17:01:00,820 [INFO] IPUIPlugin:80 - create IPUIPlugin
2024-10-16 17:01:00,820 [INFO] PluginManager:220 - loadIPPluginJar : add fmc
2024-10-16 17:01:00,835 [INFO] IPUIPlugin:80 - create IPUIPlugin
2024-10-16 17:01:00,835 [INFO] PluginManager:220 - loadIPPluginJar : add freertos
2024-10-16 17:01:00,867 [INFO] IPUIPlugin:80 - create IPUIPlugin
2024-10-16 17:01:00,867 [INFO] PluginManager:220 - loadIPPluginJar : add genericplugin
2024-10-16 17:01:00,993 [INFO] IPUIPlugin:80 - create IPUIPlugin
2024-10-16 17:01:00,993 [INFO] PluginManager:220 - loadIPPluginJar : add gfxmmu
2024-10-16 17:01:01,180 [INFO] IPUIPlugin:80 - create IPUIPlugin
2024-10-16 17:01:01,180 [INFO] PluginManager:220 - loadIPPluginJar : add gic
2024-10-16 17:01:01,212 [INFO] IPUIPlugin:80 - create IPUIPlugin
2024-10-16 17:01:01,212 [INFO] PluginManager:220 - loadIPPluginJar : add gpio
2024-10-16 17:01:01,353 [INFO] IPUIPlugin:80 - create IPUIPlugin
2024-10-16 17:01:01,353 [INFO] PluginManager:220 - loadIPPluginJar : add gtzc
2024-10-16 17:01:01,400 [INFO] IPUIPlugin:80 - create IPUIPlugin
2024-10-16 17:01:01,400 [INFO] PluginManager:220 - loadIPPluginJar : add hash
2024-10-16 17:01:01,463 [INFO] IPUIPlugin:80 - create IPUIPlugin
2024-10-16 17:01:01,463 [INFO] PluginManager:220 - loadIPPluginJar : add i2c
2024-10-16 17:01:01,526 [INFO] IPUIPlugin:80 - create IPUIPlugin
2024-10-16 17:01:01,526 [INFO] PluginManager:220 - loadIPPluginJar : add i2s
2024-10-16 17:01:01,574 [INFO] IPUIPlugin:80 - create IPUIPlugin
2024-10-16 17:01:01,589 [INFO] PluginManager:220 - loadIPPluginJar : add i3c
2024-10-16 17:01:01,746 [INFO] IPUIPlugin:80 - create IPUIPlugin
2024-10-16 17:01:01,746 [INFO] PluginManager:220 - loadIPPluginJar : add ipddr
2024-10-16 17:01:01,873 [INFO] IPUIPlugin:80 - create IPUIPlugin
2024-10-16 17:01:01,873 [INFO] PluginManager:220 - loadIPPluginJar : add linkedlist
2024-10-16 17:01:01,921 [INFO] IPUIPlugin:80 - create IPUIPlugin
2024-10-16 17:01:01,921 [INFO] PluginManager:220 - loadIPPluginJar : add lorawan
2024-10-16 17:01:01,983 [INFO] IPUIPlugin:80 - create IPUIPlugin
2024-10-16 17:01:01,983 [INFO] PluginManager:220 - loadIPPluginJar : add ltdc
2024-10-16 17:01:02,005 [INFO] IPUIPlugin:80 - create IPUIPlugin
2024-10-16 17:01:02,005 [INFO] PluginManager:220 - loadIPPluginJar : add mdma
2024-10-16 17:01:02,015 [INFO] IPUIPlugin:80 - create IPUIPlugin
2024-10-16 17:01:02,015 [INFO] PluginManager:220 - loadIPPluginJar : add nvic
2024-10-16 17:01:02,078 [INFO] IPUIPlugin:80 - create IPUIPlugin
2024-10-16 17:01:02,078 [INFO] PluginManager:220 - loadIPPluginJar : add opamp
2024-10-16 17:01:02,173 [INFO] IPUIPlugin:80 - create IPUIPlugin
2024-10-16 17:01:02,173 [INFO] PluginManager:220 - loadIPPluginJar : add openamp
2024-10-16 17:01:02,220 [INFO] IPUIPlugin:80 - create IPUIPlugin
2024-10-16 17:01:02,220 [INFO] PluginManager:220 - loadIPPluginJar : add pdm2pcm
2024-10-16 17:01:02,251 [INFO] IPUIPlugin:80 - create IPUIPlugin
2024-10-16 17:01:02,251 [INFO] PluginManager:220 - loadIPPluginJar : add plateformsettings
2024-10-16 17:01:02,283 [INFO] IPUIPlugin:80 - create IPUIPlugin
2024-10-16 17:01:02,283 [INFO] PluginManager:220 - loadIPPluginJar : add quadspi
2024-10-16 17:01:02,314 [INFO] IPUIPlugin:80 - create IPUIPlugin
2024-10-16 17:01:02,314 [INFO] PluginManager:220 - loadIPPluginJar : add radio
2024-10-16 17:01:02,330 [INFO] IPUIPlugin:80 - create IPUIPlugin
2024-10-16 17:01:02,330 [INFO] PluginManager:220 - loadIPPluginJar : add resmgrutility
2024-10-16 17:01:02,361 [INFO] ThirdPartyUpdaterWithRetryManager:70 - Updater plugin not ready yet. [2/15]
2024-10-16 17:01:02,425 [INFO] IPUIPlugin:80 - create IPUIPlugin
2024-10-16 17:01:02,425 [INFO] PluginManager:220 - loadIPPluginJar : add sai
2024-10-16 17:01:02,471 [INFO] IPUIPlugin:80 - create IPUIPlugin
2024-10-16 17:01:02,471 [INFO] PluginManager:220 - loadIPPluginJar : add spi
2024-10-16 17:01:02,613 [INFO] IPUIPlugin:80 - create IPUIPlugin
2024-10-16 17:01:02,613 [INFO] PluginManager:220 - loadIPPluginJar : add stm32_wpan
2024-10-16 17:01:02,644 [INFO] IPUIPlugin:80 - create IPUIPlugin
2024-10-16 17:01:02,644 [INFO] PluginManager:220 - loadIPPluginJar : add tim
2024-10-16 17:01:02,738 [INFO] IPUIPlugin:80 - create IPUIPlugin
2024-10-16 17:01:02,738 [INFO] PluginManager:220 - loadIPPluginJar : add touchsensing
2024-10-16 17:01:02,785 [INFO] IPUIPlugin:80 - create IPUIPlugin
2024-10-16 17:01:02,785 [INFO] PluginManager:220 - loadIPPluginJar : add tracer_emb
2024-10-16 17:01:02,833 [INFO] IPUIPlugin:80 - create IPUIPlugin
2024-10-16 17:01:02,833 [INFO] PluginManager:220 - loadIPPluginJar : add ts
2024-10-16 17:01:02,880 [INFO] IPUIPlugin:80 - create IPUIPlugin
2024-10-16 17:01:02,880 [INFO] PluginManager:220 - loadIPPluginJar : add tsc
2024-10-16 17:01:02,911 [INFO] IPUIPlugin:80 - create IPUIPlugin
2024-10-16 17:01:02,911 [INFO] PluginManager:220 - loadIPPluginJar : add ucpd
2024-10-16 17:01:03,007 [INFO] IPUIPlugin:80 - create IPUIPlugin
2024-10-16 17:01:03,007 [INFO] PluginManager:220 - loadIPPluginJar : add usart
2024-10-16 17:01:03,116 [INFO] IPUIPlugin:80 - create IPUIPlugin
2024-10-16 17:01:03,116 [INFO] PluginManager:220 - loadIPPluginJar : add usbx
2024-10-16 17:01:03,331 [INFO] CADModel:165 - CPN selected for project level
2024-10-16 17:01:03,331 [INFO] CADModel:114 - Register for checkConnection events
2024-10-16 17:01:03,331 [FATAL] Updater:334 - Updater called before beeing initialized
2024-10-16 17:01:03,331 [ERROR] CADModel:125 - Updater not yet initialized, retry later 
2024-10-16 17:01:03,636 [INFO] CADModel:165 - CPN selected for project level
2024-10-16 17:01:03,636 [INFO] CADModel:114 - Register for checkConnection events
2024-10-16 17:01:03,636 [FATAL] Updater:334 - Updater called before beeing initialized
2024-10-16 17:01:03,636 [ERROR] CADModel:125 - Updater not yet initialized, retry later 
2024-10-16 17:01:03,636 [FATAL] Updater:334 - Updater called before beeing initialized
2024-10-16 17:01:03,793 [FATAL] Updater:334 - Updater called before beeing initialized
2024-10-16 17:01:03,809 [INFO] DbMcusAds:53 - JSON generation date=Fri Sep 20 09:04:23 EDT 2024 (1726837463113)
2024-10-16 17:01:03,809 [FATAL] Updater:334 - Updater called before beeing initialized
2024-10-16 17:01:03,871 [WARN] DetailPanel:346 - Failed to get advertising image, set to default
2024-10-16 17:01:04,013 [FATAL] Updater:334 - Updater called before beeing initialized
2024-10-16 17:01:04,029 [FATAL] Updater:334 - Updater called before beeing initialized
2024-10-16 17:01:04,029 [FATAL] Updater:334 - Updater called before beeing initialized
2024-10-16 17:01:04,029 [WARN] DetailPanel:346 - Failed to get advertising image, set to default
2024-10-16 17:01:04,029 [FATAL] Updater:334 - Updater called before beeing initialized
2024-10-16 17:01:04,126 [ERROR] Updater:1164 - MainUpdater not yet initialized. External WinMGr cannot be set.
2024-10-16 17:01:04,142 [INFO] Updater:1100 - Updater Version found : 6.12.0
2024-10-16 17:01:04,173 [INFO] ApplicationProperties:184 - Using Application install path: C:\ST\STM32CubeIDE_1.16.0\STM32CubeIDE\plugins\com.st.stm32cube.common.mx_6.12.0.202406281431
2024-10-16 17:01:05,371 [INFO] ThirdPartyUpdaterWithRetryManager:70 - Updater plugin not ready yet. [3/15]
2024-10-16 17:01:05,813 [ERROR] LogOutputStream:75 - [STDERR_REDIRECT] Oct 16, 2024 5:01:05 PM java.util.prefs.WindowsPreferences <init>
2024-10-16 17:01:05,813 [ERROR] LogOutputStream:75 - [STDERR_REDIRECT] WARNING: Could not open/create prefs root node Software\JavaSoft\Prefs at root 0xffffffff80000002. Windows RegCreateKeyEx(...) returned error code 5.
2024-10-16 17:01:05,813 [ERROR] LogOutputStream:75 - [STDERR_REDIRECT] 
2024-10-16 17:01:07,196 [INFO] MainUpdater:2873 - connection check result : 10
2024-10-16 17:01:07,196 [INFO] MainUpdater:3567 - Updater definition file requires update
2024-10-16 17:01:07,212 [INFO] MainUpdater:290 - Updater Check For Update Now.
2024-10-16 17:01:07,212 [INFO] MicroXplorer:498 - Change Database Version : DB.6.0.120
2024-10-16 17:01:07,256 [INFO] McuFinderGlobals:63 - Set McuFinder mode to 2 (CubeIDE integrated)
2024-10-16 17:01:07,256 [INFO] UserAuth:417 - Internet connection configuration mode: 1
2024-10-16 17:01:07,303 [INFO] JxBrowserEngine:152 - Initiate JxBrowser Engine with user profile folder
2024-10-16 17:01:08,373 [WARN] MainUpdater:1194 - Updater busy. Cannot search thirdparties
2024-10-16 17:01:08,373 [INFO] ThirdPartyUpdaterWithRetryManager:96 - Updater plugin is busy. [1/15]
2024-10-16 17:01:09,677 [INFO] ServerAccessManage:473 - Download File updaters.zip
2024-10-16 17:01:10,305 [INFO] FileExtend:240 - Unzip File : updaters.zip
2024-10-16 17:01:10,305 [INFO] FileExtend:255 - Standard Zip Deflate
2024-10-16 17:01:11,388 [WARN] MainUpdater:1194 - Updater busy. Cannot search thirdparties
2024-10-16 17:01:11,404 [INFO] ThirdPartyUpdaterWithRetryManager:96 - Updater plugin is busy. [2/15]
2024-10-16 17:01:13,242 [INFO] ServerAccessManage:473 - Download File PacksControlFlags.xml
2024-10-16 17:01:14,406 [WARN] MainUpdater:1194 - Updater busy. Cannot search thirdparties
2024-10-16 17:01:14,406 [INFO] ThirdPartyUpdaterWithRetryManager:96 - Updater plugin is busy. [3/15]
2024-10-16 17:01:14,846 [INFO] ServerAccessManage:473 - Download File cubemx.pidx
2024-10-16 17:01:15,018 [INFO] LoadServerUpdatesThread:375 - End of LoadServerUpdate Thread
2024-10-16 17:01:15,277 [INFO] CheckServerUpdateThread:120 - End of CheckServer Thread
2024-10-16 17:01:18,104 [WARN] PackLoader:240 - Cannot read IP mode file for STMicroelectronics.FP-SNS-MOTENVWB1.1.4.0
2024-10-16 17:01:18,152 [WARN] PackLoader:240 - Cannot read IP mode file for STMicroelectronics.X-CUBE-SMBUS.2.1.0
2024-10-16 17:01:18,214 [WARN] PackLoader:240 - Cannot read IP mode file for STMicroelectronics.X-CUBE-WB05N.1.1.0
2024-10-16 17:01:18,308 [WARN] PackLoader:240 - Cannot read IP mode file for STMicroelectronics.X-CUBE-AZRTOS-F7.1.1.0
2024-10-16 17:01:18,587 [WARN] PackLoader:240 - Cannot read IP mode file for STMicroelectronics.X-CUBE-MEMS1.11.0.0
2024-10-16 17:01:19,125 [WARN] PackLoader:240 - Cannot read IP mode file for STMicroelectronics.FP-SNS-FLIGHT1.5.0.2
2024-10-16 17:01:19,183 [WARN] PackLoader:240 - Cannot read IP mode file for STMicroelectronics.X-CUBE-DISPLAY.3.0.0
2024-10-16 17:01:19,220 [WARN] PackLoader:240 - Cannot read IP mode file for STMicroelectronics.X-CUBE-BLE1.7.0.0
2024-10-16 17:01:19,251 [WARN] PackLoader:240 - Cannot read IP mode file for STMicroelectronics.X-CUBE-NFC10.1.0.0
2024-10-16 17:01:19,285 [WARN] PackLoader:240 - Cannot read IP mode file for emotas.I-CUBE-CANOPEN.1.3.0
2024-10-16 17:01:19,312 [WARN] PackLoader:240 - Cannot read IP mode file for STMicroelectronics.X-CUBE-BLEMGR.3.1.0
2024-10-16 17:01:19,346 [WARN] PackLoader:240 - Cannot read IP mode file for STMicroelectronics.FP-SNS-SMARTAG2.1.2.0
2024-10-16 17:01:19,383 [INFO] LogOutputStream:77 - [STDOUT_REDIRECT] 1 : Invalid condition id : UX_CORESTACK_Condition cause : null
2024-10-16 17:01:19,383 [INFO] LogOutputStream:77 - [STDOUT_REDIRECT] 1 : Invalid condition id : UX_CORESTACK_Condition cause : null
2024-10-16 17:01:19,383 [INFO] LogOutputStream:77 - [STDOUT_REDIRECT] 1 : Invalid condition id : UX_CORESTACK_Condition cause : null
2024-10-16 17:01:19,383 [INFO] LogOutputStream:77 - [STDOUT_REDIRECT] 1 : Invalid condition id : UX_CORESTACK_Condition cause : null
2024-10-16 17:01:19,383 [INFO] LogOutputStream:77 - [STDOUT_REDIRECT] 1 : Invalid condition id : UX_CORESTACK_Condition cause : null
2024-10-16 17:01:19,383 [WARN] PackLoader:240 - Cannot read IP mode file for STMicroelectronics.X-CUBE-AZRTOS-WL.2.0.0
2024-10-16 17:01:19,413 [WARN] PackLoader:240 - Cannot read IP mode file for STMicroelectronics.FP-SNS-MOTENV1.5.0.0
2024-10-16 17:01:19,436 [WARN] PackLoader:240 - Cannot read IP mode file for wolfSSL.I-CUBE-wolfMQTT.1.19.0
2024-10-16 17:01:19,460 [WARN] PackLoader:240 - Cannot read IP mode file for WES.I-CUBE-Cesium.1.3.0
2024-10-16 17:01:19,491 [WARN] PackLoader:240 - Cannot read IP mode file for STMicroelectronics.X-CUBE-BLE2.3.3.0
2024-10-16 17:01:19,507 [WARN] PackLoader:240 - Cannot read IP mode file for STMicroelectronics.X-CUBE-NFC9.1.0.0
2024-10-16 17:01:19,535 [WARN] PackLoader:240 - Cannot read IP mode file for STMicroelectronics.X-CUBE-TCPP.4.1.0
2024-10-16 17:01:19,551 [INFO] WebApp:167 - Instantiating new browser for Auth
2024-10-16 17:01:19,598 [WARN] PackLoader:240 - Cannot read IP mode file for STMicroelectronics.X-CUBE-AZRTOS-G0.1.1.0
2024-10-16 17:01:19,661 [WARN] PackLoader:240 - Cannot read IP mode file for STMicroelectronics.X-CUBE-SAFEA1.1.2.2
2024-10-16 17:01:19,692 [WARN] PackLoader:240 - Cannot read IP mode file for STMicroelectronics.X-CUBE-NFC4.3.0.0
2024-10-16 17:01:19,723 [WARN] PackLoader:240 - Cannot read IP mode file for EmbeddedOffice.I-CUBE-FS-RTOS.1.0.1
2024-10-16 17:01:19,723 [ERROR] ConditionMgr:805 - Attr not supported : Dmpu
2024-10-16 17:01:19,723 [ERROR] ConditionMgr:805 - Attr not supported : Dmpu
2024-10-16 17:01:19,723 [ERROR] ConditionMgr:805 - Attr not supported : Dmpu
2024-10-16 17:01:19,723 [ERROR] ConditionMgr:805 - Attr not supported : Dmpu
2024-10-16 17:01:19,723 [ERROR] ConditionMgr:805 - Attr not supported : Dmpu
2024-10-16 17:01:19,723 [ERROR] ConditionMgr:805 - Attr not supported : Dmpu
2024-10-16 17:01:19,723 [ERROR] ConditionMgr:805 - Attr not supported : Dmpu
2024-10-16 17:01:19,723 [ERROR] ConditionMgr:805 - Attr not supported : Dmpu
2024-10-16 17:01:19,723 [ERROR] ConditionMgr:805 - Attr not supported : Dmpu
2024-10-16 17:01:19,723 [ERROR] ConditionMgr:805 - Attr not supported : Dmpu
2024-10-16 17:01:19,723 [ERROR] ConditionMgr:805 - Attr not supported : Dmpu
2024-10-16 17:01:19,723 [ERROR] ConditionMgr:805 - Attr not supported : Dmpu
2024-10-16 17:01:19,723 [ERROR] ConditionMgr:805 - Attr not supported : Dmpu
2024-10-16 17:01:19,723 [ERROR] ConditionMgr:805 - Attr not supported : Dmpu
2024-10-16 17:01:19,723 [ERROR] ConditionMgr:805 - Attr not supported : Dmpu
2024-10-16 17:01:19,723 [ERROR] ConditionMgr:805 - Attr not supported : Dmpu
2024-10-16 17:01:19,723 [ERROR] ConditionMgr:805 - Attr not supported : Dmpu
2024-10-16 17:01:19,723 [ERROR] ConditionMgr:805 - Attr not supported : Dmpu
2024-10-16 17:01:19,723 [ERROR] ConditionMgr:805 - Attr not supported : Dmpu
2024-10-16 17:01:19,723 [ERROR] ConditionMgr:805 - Attr not supported : Dmpu
2024-10-16 17:01:19,723 [ERROR] ConditionMgr:805 - Attr not supported : Dmpu
2024-10-16 17:01:19,723 [ERROR] ConditionMgr:805 - Attr not supported : Dmpu
2024-10-16 17:01:19,723 [ERROR] ConditionMgr:805 - Attr not supported : Dmpu
2024-10-16 17:01:19,723 [ERROR] ConditionMgr:805 - Attr not supported : Dmpu
2024-10-16 17:01:19,723 [ERROR] ConditionMgr:805 - Attr not supported : Dmpu
2024-10-16 17:01:19,723 [ERROR] ConditionMgr:805 - Attr not supported : Dmpu
2024-10-16 17:01:19,723 [ERROR] ConditionMgr:805 - Attr not supported : Dmpu
2024-10-16 17:01:19,723 [ERROR] ConditionMgr:805 - Attr not supported : Dmpu
2024-10-16 17:01:19,723 [ERROR] ConditionMgr:805 - Attr not supported : Dmpu
2024-10-16 17:01:19,723 [ERROR] ConditionMgr:805 - Attr not supported : Dmpu
2024-10-16 17:01:19,723 [ERROR] ConditionMgr:805 - Attr not supported : Dmpu
2024-10-16 17:01:19,723 [ERROR] ConditionMgr:805 - Attr not supported : Dmpu
2024-10-16 17:01:19,723 [ERROR] ConditionMgr:805 - Attr not supported : Dmpu
2024-10-16 17:01:19,723 [ERROR] ConditionMgr:805 - Attr not supported : Dmpu
2024-10-16 17:01:19,723 [ERROR] ConditionMgr:805 - Attr not supported : Dmpu
2024-10-16 17:01:19,723 [ERROR] ConditionMgr:805 - Attr not supported : Dmpu
2024-10-16 17:01:19,723 [ERROR] ConditionMgr:805 - Attr not supported : Dmpu
2024-10-16 17:01:19,723 [ERROR] ConditionMgr:805 - Attr not supported : Dmpu
2024-10-16 17:01:19,723 [ERROR] ConditionMgr:805 - Attr not supported : Dmpu
2024-10-16 17:01:19,723 [ERROR] ConditionMgr:805 - Attr not supported : Dmpu
2024-10-16 17:01:19,723 [ERROR] ConditionMgr:805 - Attr not supported : Dmpu
2024-10-16 17:01:19,723 [ERROR] ConditionMgr:805 - Attr not supported : Dmpu
2024-10-16 17:01:19,723 [ERROR] ConditionMgr:805 - Attr not supported : Dmpu
2024-10-16 17:01:19,723 [ERROR] ConditionMgr:805 - Attr not supported : Dmpu
2024-10-16 17:01:19,723 [ERROR] ConditionMgr:805 - Attr not supported : Dmpu
2024-10-16 17:01:19,723 [ERROR] ConditionMgr:805 - Attr not supported : Dmpu
2024-10-16 17:01:19,723 [ERROR] ConditionMgr:805 - Attr not supported : Dmpu
2024-10-16 17:01:19,723 [ERROR] ConditionMgr:805 - Attr not supported : Dmpu
2024-10-16 17:01:19,723 [ERROR] ConditionMgr:805 - Attr not supported : Dmpu
2024-10-16 17:01:19,723 [ERROR] ConditionMgr:805 - Attr not supported : Dmpu
2024-10-16 17:01:19,723 [ERROR] ConditionMgr:805 - Attr not supported : Dmpu
2024-10-16 17:01:19,723 [ERROR] ConditionMgr:805 - Attr not supported : Dmpu
2024-10-16 17:01:19,723 [ERROR] ConditionMgr:805 - Attr not supported : Dmpu
2024-10-16 17:01:19,723 [ERROR] ConditionMgr:805 - Attr not supported : Dmpu
2024-10-16 17:01:19,723 [ERROR] ConditionMgr:805 - Attr not supported : Dmpu
2024-10-16 17:01:19,723 [ERROR] ConditionMgr:805 - Attr not supported : Dmpu
2024-10-16 17:01:19,723 [ERROR] ConditionMgr:805 - Attr not supported : Dmpu
2024-10-16 17:01:19,723 [ERROR] ConditionMgr:805 - Attr not supported : Dmpu
2024-10-16 17:01:19,723 [ERROR] ConditionMgr:805 - Attr not supported : Dmpu
2024-10-16 17:01:19,723 [ERROR] ConditionMgr:805 - Attr not supported : Dmpu
2024-10-16 17:01:19,723 [ERROR] ConditionMgr:805 - Attr not supported : Dmpu
2024-10-16 17:01:19,723 [ERROR] ConditionMgr:805 - Attr not supported : Dmpu
2024-10-16 17:01:19,723 [ERROR] ConditionMgr:805 - Attr not supported : Dmpu
2024-10-16 17:01:19,723 [ERROR] ConditionMgr:805 - Attr not supported : Dmpu
2024-10-16 17:01:19,755 [WARN] PackLoader:240 - Cannot read IP mode file for RealThread.X-CUBE-RT-Thread_Nano.4.1.1
2024-10-16 17:01:19,771 [WARN] PackLoader:240 - Cannot read IP mode file for STMicroelectronics.FP-ATR-SIGFOX1.3.2.0
2024-10-16 17:01:19,803 [WARN] PackLoader:240 - Cannot read IP mode file for wolfSSL.I-CUBE-wolfSSL.5.7.2
2024-10-16 17:01:19,831 [WARN] PackLoader:240 - Cannot read IP mode file for STMicroelectronics.X-CUBE-EEPRMA1.5.1.0
2024-10-16 17:01:19,861 [WARN] PackLoader:240 - Cannot read IP mode file for ITTIA_DB.I-CUBE-ITTIADB.8.9.0
2024-10-16 17:01:19,947 [WARN] PackLoader:240 - Cannot read IP mode file for SEGGER.I-CUBE-embOS.1.3.1
2024-10-16 17:01:20,076 [WARN] PackLoader:240 - Cannot read IP mode file for STMicroelectronics.X-CUBE-ALGOBUILD.1.4.0
2024-10-16 17:01:20,123 [WARN] PackLoader:240 - Cannot read IP mode file for STMicroelectronics.X-CUBE-AI.9.1.0
2024-10-16 17:01:20,148 [WARN] PackLoader:240 - Cannot read IP mode file for STMicroelectronics.X-CUBE-GNSS1.6.0.0
2024-10-16 17:01:20,194 [WARN] PackLoader:240 - Cannot read IP mode file for STMicroelectronics.X-CUBE-AZRTOS-F4.1.1.0
2024-10-16 17:01:20,213 [WARN] PackLoader:240 - Cannot read IP mode file for STMicroelectronics.X-CUBE-ISPU.2.1.0
2024-10-16 17:01:20,229 [WARN] PackLoader:240 - Cannot read IP mode file for STMicroelectronics.X-CUBE-FREERTOS.1.2.0
2024-10-16 17:01:20,261 [WARN] PackLoader:240 - Cannot read IP mode file for STMicroelectronics.X-CUBE-AZRTOS-L5.2.0.0
2024-10-16 17:01:20,291 [WARN] PackLoader:240 - Cannot read IP mode file for STMicroelectronics.X-CUBE-NFC6.3.1.0
2024-10-16 17:01:20,322 [WARN] PackLoader:240 - Cannot read IP mode file for STMicroelectronics.X-CUBE-DPower.1.2.0
2024-10-16 17:01:20,338 [WARN] PackLoader:240 - Cannot read IP mode file for STMicroelectronics.X-CUBE-AI.9.0.0
2024-10-16 17:01:20,354 [WARN] PackLoader:240 - Cannot read IP mode file for STMicroelectronics.X-CUBE-NFC7.1.0.1
2024-10-16 17:01:20,401 [WARN] ConditionMgr:438 - getConditionDescription Invalid condition id : LAN8742 Phy interface Condition cause : null
2024-10-16 17:01:20,401 [WARN] PackLoader:240 - Cannot read IP mode file for STMicroelectronics.X-CUBE-AZRTOS-L4.2.0.0
2024-10-16 17:01:20,401 [WARN] ConditionMgr:1039 - genDependencies : Invalid condition id : LAN8742 Phy interface Condition cause : null
2024-10-16 17:01:20,401 [WARN] ConditionMgr:1039 - genDependencies : Invalid condition id : LAN8742 Phy interface Condition cause : null
2024-10-16 17:01:20,401 [WARN] ConditionMgr:1039 - genDependencies : Invalid condition id : LAN8742 Phy interface Condition cause : null
2024-10-16 17:01:20,430 [WARN] PackLoader:240 - Cannot read IP mode file for STMicroelectronics.X-CUBE-SFXS2LP1.4.0.0
2024-10-16 17:01:20,477 [WARN] PackLoader:240 - Cannot read IP mode file for STMicroelectronics.X-CUBE-AZRTOS-H7.3.3.0
2024-10-16 17:01:20,522 [WARN] PackLoader:240 - Cannot read IP mode file for STMicroelectronics.X-CUBE-IPS.3.0.0
2024-10-16 17:01:20,585 [WARN] ConditionMgr:438 - getConditionDescription Invalid condition id : UX DEVICE CLASS RTOS Condition cause : null
2024-10-16 17:01:20,585 [WARN] ConditionMgr:438 - getConditionDescription Invalid condition id : UX DEVICE CLASS RTOS Condition cause : null
2024-10-16 17:01:20,589 [WARN] PackLoader:240 - Cannot read IP mode file for STMicroelectronics.X-CUBE-AZRTOS-WB.2.0.0
2024-10-16 17:01:20,589 [WARN] ConditionMgr:1039 - genDependencies : Invalid condition id : UX DEVICE CLASS RTOS Condition cause : null
2024-10-16 17:01:20,589 [WARN] ConditionMgr:1039 - genDependencies : Invalid condition id : UX DEVICE CLASS RTOS Condition cause : null
2024-10-16 17:01:20,589 [WARN] ConditionMgr:1039 - genDependencies : Invalid condition id : UX DEVICE CLASS RTOS Condition cause : null
2024-10-16 17:01:20,589 [WARN] ConditionMgr:1039 - genDependencies : Invalid condition id : UX DEVICE CLASS RTOS Condition cause : null
2024-10-16 17:01:20,589 [WARN] ConditionMgr:1039 - genDependencies : Invalid condition id : UX DEVICE CLASS RTOS Condition cause : null
2024-10-16 17:01:20,626 [WARN] PackLoader:240 - Cannot read IP mode file for STMicroelectronics.FP-SNS-STBOX1.2.0.0
2024-10-16 17:01:20,669 [WARN] PackLoader:240 - Cannot read IP mode file for STMicroelectronics.X-CUBE-SUBG2.5.0.0
2024-10-16 17:01:20,701 [WARN] PackLoader:240 - Cannot read IP mode file for Cesanta.I-CUBE-Mongoose.7.13.0
2024-10-16 17:01:20,739 [WARN] PackLoader:240 - Cannot read IP mode file for STMicroelectronics.X-CUBE-AZRTOS-G4.2.0.0
2024-10-16 17:01:20,770 [WARN] PackLoader:240 - Cannot read IP mode file for STMicroelectronics.X-CUBE-ISPU.2.0.0
2024-10-16 17:01:20,786 [WARN] PackLoader:240 - Cannot read IP mode file for STMicroelectronics.X-CUBE-ALS.1.0.2
2024-10-16 17:01:20,802 [WARN] PackLoader:240 - Cannot read IP mode file for STMicroelectronics.X-CUBE-TOUCHGFX.4.24.0
2024-10-16 17:01:20,817 [WARN] PackLoader:240 - Cannot read IP mode file for STMicroelectronics.X-CUBE-TOUCHGFX.4.24.1
2024-10-16 17:01:20,848 [WARN] PackLoader:240 - Cannot read IP mode file for wolfSSL.I-CUBE-wolfTPM.3.4.0
2024-10-16 17:01:20,864 [WARN] PackLoader:240 - Cannot read IP mode file for portGmbH.I-Cube-SoM-uGOAL.1.1.0
2024-10-16 17:01:20,906 [WARN] PackLoader:240 - Cannot read IP mode file for STMicroelectronics.X-CUBE-AZRTOS-H7RS.1.0.0
2024-10-16 17:01:20,922 [WARN] PackLoader:240 - Cannot read IP mode file for STMicroelectronics.FP-ATR-ASTRA1.2.0.0
2024-10-16 17:01:20,963 [WARN] PackLoader:240 - Cannot read IP mode file for STMicroelectronics.X-CUBE-TOF1.3.4.2
2024-10-16 17:01:21,049 [WARN] PackLoader:240 - Cannot read IP mode file for Infineon.AIROC-Wi-Fi-Bluetooth-STM32.1.6.1
2024-10-16 17:01:21,107 [WARN] PackLoader:240 - Cannot read IP mode file for wolfSSL.I-CUBE-wolfSSH.1.4.17
2024-10-16 17:01:21,107 [INFO] ThirdParty:978 - Integrity check success = true
2024-10-16 17:01:21,107 [INFO] IntegrityCheckThread:100 - exiting critical section [integrity check]
2024-10-16 17:01:21,107 [INFO] IntegrityCheckThread:103 - End integrity checks thread
2024-10-16 17:01:21,314 [INFO] WebApp:448 - Apply proxy settings
2024-10-16 17:01:21,314 [INFO] WebApp:533 - Chromium requires no authentication
2024-10-16 17:01:21,330 [INFO] WebApp:476 - Direct internet connection detected
2024-10-16 17:01:21,377 [INFO] WebApp:869 - Register for checkConnection events
2024-10-16 17:01:21,377 [INFO] WebApp:448 - Apply proxy settings
2024-10-16 17:01:21,377 [INFO] WebApp:533 - Chromium requires no authentication
2024-10-16 17:01:21,379 [INFO] WebApp:476 - Direct internet connection detected
2024-10-16 17:01:21,676 [INFO] WebApp:220 - Starting web application
2024-10-16 17:01:21,676 [INFO] WebApp:578 - Web application path used C:\ST\STM32CubeIDE_1.16.0\STM32CubeIDE\plugins\com.st.stm32cube.common.mx_6.12.0.202406281431\db\plugins\mcufinder\reactClient1\index.html
2024-10-16 17:01:21,896 [INFO] UserAuth:417 - Internet connection configuration mode: 1
2024-10-16 17:01:22,447 [INFO] WebApp:186 - Connection restablished
2024-10-16 17:03:23,621 [INFO] WebApp:189 - Connection lost
2024-10-16 17:03:24,503 [INFO] WebApp:186 - Connection restablished
2024-10-16 19:20:09,066 [INFO] WebApp:189 - Connection lost
2024-10-16 19:20:10,322 [INFO] WebApp:186 - Connection restablished
2024-10-16 20:27:16,314 [INFO] WebApp:189 - Connection lost
2024-10-16 20:27:17,175 [INFO] WebApp:186 - Connection restablished
2024-10-16 20:28:05,599 [INFO] WebApp:189 - Connection lost
2024-10-16 20:28:06,466 [INFO] WebApp:186 - Connection restablished
2024-10-16 22:31:25,982 [ERROR] LogOutputStream:75 - [STDERR_REDIRECT] 
