2024-12-03 08:59:41,897 [INFO] Activator:176 - 


2024-12-03 08:59:41,903 [INFO] Activator:177 - !SESSION log4j initialized
2024-12-03 08:59:50,586 [INFO] LogOutputStream:77 - [STDOUT_REDIRECT] 
2024-12-03 09:00:03,594 [INFO] ApplicationProperties:184 - Using Application install path: C:\ST\STM32CubeIDE_1.16.0\STM32CubeIDE\plugins\com.st.stm32cube.common.mx_6.12.0.202406281431
2024-12-03 09:00:03,612 [INFO] DbMcusXml:78 - Set database path to: C:\ST\STM32CubeIDE_1.16.0\STM32CubeIDE\plugins\com.st.stm32cube.common.mx_6.12.0.202406281431\\db\/mcu/
2024-12-03 09:00:03,612 [INFO] ApiDb:274 - Set plugin database path to: C:\ST\STM32CubeIDE_1.16.0\STM32CubeIDE\plugins\com.st.stm32cube.common.mx_6.12.0.202406281431\\db\/plugins/boardmanager/
2024-12-03 09:00:03,613 [WARN] ApiDb:259 - Overriding images path with different value:  => C:\ST\STM32CubeIDE_1.16.0\STM32CubeIDE\plugins\com.st.stm32cube.common.mx_6.12.0.202406281431\\db\/plugins/mcufinder/images/
2024-12-03 09:00:03,622 [INFO] ApiDb:250 - Set database path to: C:\Users\ijk95\.stmcufinder\plugins\mcufinder//mcu/
2024-12-03 09:00:03,623 [INFO] DbMcusAds:125 - Set database path to: C:\Users\ijk95\.stmcufinder\plugins\mcufinder//mcu/
2024-12-03 09:00:04,292 [INFO] CrossReferenceDbSqlite:203 - Set database path to: C:\Users\ijk95\.stmcufinder\plugins\mcufinder//mcu/cs/
2024-12-03 09:00:04,403 [INFO] RulesReader:64 - Compatibility file has been processed (297 Rules)
2024-12-03 09:00:04,485 [INFO] DbMcusXml:78 - Set database path to: C:\ST\STM32CubeIDE_1.16.0\STM32CubeIDE\plugins\com.st.stm32cube.common.mx_6.12.0.202406281431\\db\/mcu/
2024-12-03 09:00:04,485 [INFO] ApiDb:274 - Set plugin database path to: C:\ST\STM32CubeIDE_1.16.0\STM32CubeIDE\plugins\com.st.stm32cube.common.mx_6.12.0.202406281431\\db\/plugins/boardmanager/
2024-12-03 09:00:04,485 [INFO] ApiDb:261 - Set plugin images path to: C:\ST\STM32CubeIDE_1.16.0\STM32CubeIDE\plugins\com.st.stm32cube.common.mx_6.12.0.202406281431\\db\/plugins/mcufinder/images/
2024-12-03 09:00:04,486 [WARN] DbFile:41 - Overriding database path with different value: C:\Users\ijk95\.stmcufinder\plugins\mcufinder/ => C:\Users\ijk95\.stmcufinder\plugins\mcufinder
2024-12-03 09:00:04,486 [INFO] ApiDb:250 - Set database path to: C:\Users\ijk95\.stmcufinder\plugins\mcufinder//mcu/
2024-12-03 09:00:04,486 [WARN] DbFile:41 - Overriding database path with different value: C:\Users\ijk95\.stmcufinder\plugins\mcufinder/ => C:\Users\ijk95\.stmcufinder\plugins\mcufinder
2024-12-03 09:00:04,486 [INFO] DbMcusAds:125 - Set database path to: C:\Users\ijk95\.stmcufinder\plugins\mcufinder//mcu/
2024-12-03 09:00:04,486 [WARN] DbFile:41 - Overriding database path with different value: C:\Users\ijk95\.stmcufinder\plugins\mcufinder/ => C:\Users\ijk95\.stmcufinder\plugins\mcufinder
2024-12-03 09:00:04,486 [WARN] DbFile:41 - Overriding database path with different value: C:\Users\ijk95\.stmcufinder\plugins\mcufinder/ => C:\Users\ijk95\.stmcufinder\plugins\mcufinder
2024-12-03 09:00:04,486 [INFO] CrossReferenceDbSqlite:203 - Set database path to: C:\Users\ijk95\.stmcufinder\plugins\mcufinder//mcu/cs/
2024-12-03 09:00:04,585 [INFO] MainPanel:268 - HeapMemory: 268435456
2024-12-03 09:00:04,780 [INFO] DbMcusXml:78 - Set database path to: C:\ST\STM32CubeIDE_1.16.0\STM32CubeIDE\plugins\com.st.stm32cube.common.mx_6.12.0.202406281431\\db\/mcu/
2024-12-03 09:00:04,781 [INFO] ApiDb:274 - Set plugin database path to: C:\ST\STM32CubeIDE_1.16.0\STM32CubeIDE\plugins\com.st.stm32cube.common.mx_6.12.0.202406281431\\db\/plugins/boardmanager/
2024-12-03 09:00:04,781 [INFO] ApiDb:261 - Set plugin images path to: C:\ST\STM32CubeIDE_1.16.0\STM32CubeIDE\plugins\com.st.stm32cube.common.mx_6.12.0.202406281431\\db\/plugins/mcufinder/images/
2024-12-03 09:00:04,781 [WARN] DbFile:41 - Overriding database path with different value: C:\Users\ijk95\.stmcufinder\plugins\mcufinder/ => C:\Users\ijk95\.stmcufinder\plugins\mcufinder
2024-12-03 09:00:04,781 [INFO] ApiDb:250 - Set database path to: C:\Users\ijk95\.stmcufinder\plugins\mcufinder//mcu/
2024-12-03 09:00:04,781 [WARN] DbFile:41 - Overriding database path with different value: C:\Users\ijk95\.stmcufinder\plugins\mcufinder/ => C:\Users\ijk95\.stmcufinder\plugins\mcufinder
2024-12-03 09:00:04,781 [INFO] DbMcusAds:125 - Set database path to: C:\Users\ijk95\.stmcufinder\plugins\mcufinder//mcu/
2024-12-03 09:00:04,781 [WARN] DbFile:41 - Overriding database path with different value: C:\Users\ijk95\.stmcufinder\plugins\mcufinder/ => C:\Users\ijk95\.stmcufinder\plugins\mcufinder
2024-12-03 09:00:04,781 [WARN] DbFile:41 - Overriding database path with different value: C:\Users\ijk95\.stmcufinder\plugins\mcufinder/ => C:\Users\ijk95\.stmcufinder\plugins\mcufinder
2024-12-03 09:00:04,781 [INFO] CrossReferenceDbSqlite:203 - Set database path to: C:\Users\ijk95\.stmcufinder\plugins\mcufinder//mcu/cs/
2024-12-03 09:00:04,798 [INFO] ApplicationProperties:184 - Using Application install path: C:\ST\STM32CubeIDE_1.16.0\STM32CubeIDE\plugins\com.st.stm32cube.common.mx_6.12.0.202406281431
2024-12-03 09:00:04,800 [INFO] PluginManage:196 - Search for loadable plugins [exclusion list=, ]
2024-12-03 09:00:04,801 [INFO] PluginManage:310 - Check plugin analytics
2024-12-03 09:00:04,994 [INFO] AnalyticsPlugin:253 - Accepted Software Licenses: 
2024-12-03 09:00:04,994 [INFO] AnalyticsPlugin:255 - Accepted CMSIS Pack Licenses: 
2024-12-03 09:00:04,995 [INFO] AnalyticsPlugin:257 - Accepted Firmware Licenses: FW.G0.1.6.0
2024-12-03 09:00:04,997 [INFO] PluginManage:359 - Loaded plugin analytics (category:tool,tabindex:-1)
2024-12-03 09:00:04,997 [INFO] PluginManage:310 - Check plugin cadmodel
2024-12-03 09:00:05,020 [INFO] CADModel:105 - Init CAD model plugin
2024-12-03 09:00:05,020 [INFO] PluginManage:359 - Loaded plugin cadmodel (category:power,tabindex:5)
2024-12-03 09:00:05,020 [INFO] PluginManage:310 - Check plugin clock
2024-12-03 09:00:05,044 [INFO] PluginManage:359 - Loaded plugin clock (category:base,tabindex:2)
2024-12-03 09:00:05,044 [INFO] PluginManage:310 - Check plugin ddr
2024-12-03 09:00:05,047 [INFO] PluginManage:359 - Loaded plugin ddr (category:tool,tabindex:6)
2024-12-03 09:00:05,047 [INFO] PluginManage:310 - Check plugin filemanager
2024-12-03 09:00:05,191 [INFO] PluginManage:359 - Loaded plugin filemanager (category:base,tabindex:10)
2024-12-03 09:00:05,192 [INFO] PluginManage:310 - Check plugin ipmanager
2024-12-03 09:00:05,200 [INFO] PluginManage:359 - Loaded plugin ipmanager (category:base,tabindex:5)
2024-12-03 09:00:05,200 [INFO] PluginManage:310 - Check plugin lpbam
2024-12-03 09:00:05,222 [INFO] PluginManage:359 - Loaded plugin lpbam (category:base,tabindex:0)
2024-12-03 09:00:05,223 [INFO] PluginManage:310 - Check plugin memorymap
2024-12-03 09:00:05,247 [INFO] PluginManage:359 - Loaded plugin memorymap (category:base,tabindex:4)
2024-12-03 09:00:05,247 [INFO] PluginManage:310 - Check plugin pinoutandconfiguration
2024-12-03 09:00:05,266 [INFO] PluginManage:359 - Loaded plugin pinoutandconfiguration (category:base,tabindex:1)
2024-12-03 09:00:05,266 [INFO] PluginManage:310 - Check plugin pinoutconfig
2024-12-03 09:00:05,359 [WARN] SupportedApi:132 - Cannot load RTOS API schema: s4s-elt-must-match.1: The content of 'definitions' must match (annotation?, (simpleType | complexType)?, (unique | key | keyref)*)). A problem was found starting at: attribute.
2024-12-03 09:00:05,484 [INFO] PluginManage:359 - Loaded plugin pinoutconfig (category:base,tabindex:0)
2024-12-03 09:00:05,485 [INFO] PluginManage:310 - Check plugin power
2024-12-03 09:00:05,507 [INFO] PluginManage:359 - Loaded plugin power (category:power,tabindex:4)
2024-12-03 09:00:05,507 [INFO] PluginManage:310 - Check plugin projectmanager
2024-12-03 09:00:05,523 [INFO] PluginManage:359 - Loaded plugin projectmanager (category:projectmanager,tabindex:4)
2024-12-03 09:00:05,523 [INFO] PluginManage:310 - Check plugin rif
2024-12-03 09:00:05,541 [INFO] PluginManage:359 - Loaded plugin rif (category:base,tabindex:3)
2024-12-03 09:00:05,541 [INFO] PluginManage:310 - Check plugin thirdparty
2024-12-03 09:00:05,846 [INFO] PluginManage:359 - Loaded plugin thirdparty (category:base,tabindex:-1)
2024-12-03 09:00:05,846 [INFO] PluginManage:310 - Check plugin tools
2024-12-03 09:00:05,846 [WARN] IntegrityCheckThread:84 - waiting for thirdparty lock release [integrity check]
2024-12-03 09:00:05,846 [INFO] IntegrityCheckThread:86 - entering critical section [integrity check]
2024-12-03 09:00:05,847 [INFO] ThirdPartyUpdaterWithRetryManager:70 - Updater plugin not ready yet. [1/15]
2024-12-03 09:00:05,885 [INFO] PluginManage:359 - Loaded plugin tools (category:base,tabindex:7)
2024-12-03 09:00:05,885 [INFO] PluginManage:310 - Check plugin tutovideos
2024-12-03 09:00:06,060 [INFO] PluginManage:359 - Loaded plugin tutovideos (category:base,tabindex:-1)
2024-12-03 09:00:06,060 [INFO] PluginManage:310 - Check plugin updater
2024-12-03 09:00:06,076 [INFO] PluginManage:359 - Loaded plugin updater (category:base,tabindex:12)
2024-12-03 09:00:06,076 [INFO] PluginManage:310 - Check plugin userauth
2024-12-03 09:00:06,083 [INFO] UserAuth:113 - Init User Auth plugin
2024-12-03 09:00:06,083 [INFO] PluginManage:359 - Loaded plugin userauth (category:base,tabindex:14)
2024-12-03 09:00:06,083 [INFO] PluginManage:283 - PluginManage : Loaded plugins [18]
2024-12-03 09:00:06,268 [INFO] PinOutPanel:1561 - setPackage(No Configuration,No Configuration)
2024-12-03 09:00:06,348 [INFO] CADModel:165 - CPN selected for project level
2024-12-03 09:00:06,348 [INFO] CADModel:114 - Register for checkConnection events
2024-12-03 09:00:06,376 [INFO] IPUIPlugin:80 - create IPUIPlugin
2024-12-03 09:00:06,377 [INFO] PluginManager:220 - loadIPPluginJar : add adc
2024-12-03 09:00:06,411 [INFO] IPUIPlugin:80 - create IPUIPlugin
2024-12-03 09:00:06,411 [INFO] PluginManager:220 - loadIPPluginJar : add aes
2024-12-03 09:00:06,451 [INFO] IPUIPlugin:80 - create IPUIPlugin
2024-12-03 09:00:06,451 [INFO] PluginManager:220 - loadIPPluginJar : add can
2024-12-03 09:00:06,477 [INFO] IPUIPlugin:80 - create IPUIPlugin
2024-12-03 09:00:06,477 [INFO] PluginManager:220 - loadIPPluginJar : add comp
2024-12-03 09:00:06,508 [INFO] IPUIPlugin:80 - create IPUIPlugin
2024-12-03 09:00:06,508 [INFO] PluginManager:220 - loadIPPluginJar : add cryp
2024-12-03 09:00:06,522 [INFO] IPUIPlugin:80 - create IPUIPlugin
2024-12-03 09:00:06,522 [INFO] PluginManager:220 - loadIPPluginJar : add ddr_ctrl_phy
2024-12-03 09:00:06,551 [INFO] IPUIPlugin:80 - create IPUIPlugin
2024-12-03 09:00:06,552 [INFO] PluginManager:220 - loadIPPluginJar : add dfsdm
2024-12-03 09:00:06,567 [INFO] IPUIPlugin:80 - create IPUIPlugin
2024-12-03 09:00:06,568 [INFO] PluginManager:220 - loadIPPluginJar : add dma
2024-12-03 09:00:06,610 [INFO] IPUIPlugin:80 - create IPUIPlugin
2024-12-03 09:00:06,610 [INFO] PluginManager:220 - loadIPPluginJar : add dma3
2024-12-03 09:00:06,654 [INFO] IPUIPlugin:80 - create IPUIPlugin
2024-12-03 09:00:06,654 [INFO] PluginManager:220 - loadIPPluginJar : add extmemmanager
2024-12-03 09:00:06,682 [INFO] IPUIPlugin:80 - create IPUIPlugin
2024-12-03 09:00:06,682 [INFO] PluginManager:220 - loadIPPluginJar : add fatfs
2024-12-03 09:00:06,739 [INFO] IPUIPlugin:80 - create IPUIPlugin
2024-12-03 09:00:06,739 [INFO] PluginManager:220 - loadIPPluginJar : add fmc
2024-12-03 09:00:06,757 [INFO] IPUIPlugin:80 - create IPUIPlugin
2024-12-03 09:00:06,757 [INFO] PluginManager:220 - loadIPPluginJar : add freertos
2024-12-03 09:00:06,778 [INFO] IPUIPlugin:80 - create IPUIPlugin
2024-12-03 09:00:06,779 [INFO] PluginManager:220 - loadIPPluginJar : add genericplugin
2024-12-03 09:00:06,872 [INFO] IPUIPlugin:80 - create IPUIPlugin
2024-12-03 09:00:06,872 [INFO] PluginManager:220 - loadIPPluginJar : add gfxmmu
2024-12-03 09:00:06,987 [INFO] IPUIPlugin:80 - create IPUIPlugin
2024-12-03 09:00:06,988 [INFO] PluginManager:220 - loadIPPluginJar : add gic
2024-12-03 09:00:07,006 [INFO] IPUIPlugin:80 - create IPUIPlugin
2024-12-03 09:00:07,006 [INFO] PluginManager:220 - loadIPPluginJar : add gpio
2024-12-03 09:00:07,091 [INFO] IPUIPlugin:80 - create IPUIPlugin
2024-12-03 09:00:07,092 [INFO] PluginManager:220 - loadIPPluginJar : add gtzc
2024-12-03 09:00:07,123 [INFO] IPUIPlugin:80 - create IPUIPlugin
2024-12-03 09:00:07,123 [INFO] PluginManager:220 - loadIPPluginJar : add hash
2024-12-03 09:00:07,168 [INFO] IPUIPlugin:80 - create IPUIPlugin
2024-12-03 09:00:07,169 [INFO] PluginManager:220 - loadIPPluginJar : add i2c
2024-12-03 09:00:07,204 [INFO] IPUIPlugin:80 - create IPUIPlugin
2024-12-03 09:00:07,205 [INFO] PluginManager:220 - loadIPPluginJar : add i2s
2024-12-03 09:00:07,244 [INFO] IPUIPlugin:80 - create IPUIPlugin
2024-12-03 09:00:07,244 [INFO] PluginManager:220 - loadIPPluginJar : add i3c
2024-12-03 09:00:07,339 [INFO] IPUIPlugin:80 - create IPUIPlugin
2024-12-03 09:00:07,340 [INFO] PluginManager:220 - loadIPPluginJar : add ipddr
2024-12-03 09:00:07,418 [INFO] IPUIPlugin:80 - create IPUIPlugin
2024-12-03 09:00:07,418 [INFO] PluginManager:220 - loadIPPluginJar : add linkedlist
2024-12-03 09:00:07,451 [INFO] IPUIPlugin:80 - create IPUIPlugin
2024-12-03 09:00:07,452 [INFO] PluginManager:220 - loadIPPluginJar : add lorawan
2024-12-03 09:00:07,488 [INFO] IPUIPlugin:80 - create IPUIPlugin
2024-12-03 09:00:07,488 [INFO] PluginManager:220 - loadIPPluginJar : add ltdc
2024-12-03 09:00:07,505 [INFO] IPUIPlugin:80 - create IPUIPlugin
2024-12-03 09:00:07,505 [INFO] PluginManager:220 - loadIPPluginJar : add mdma
2024-12-03 09:00:07,521 [INFO] IPUIPlugin:80 - create IPUIPlugin
2024-12-03 09:00:07,521 [INFO] PluginManager:220 - loadIPPluginJar : add nvic
2024-12-03 09:00:07,563 [INFO] IPUIPlugin:80 - create IPUIPlugin
2024-12-03 09:00:07,563 [INFO] PluginManager:220 - loadIPPluginJar : add opamp
2024-12-03 09:00:07,627 [INFO] IPUIPlugin:80 - create IPUIPlugin
2024-12-03 09:00:07,628 [INFO] PluginManager:220 - loadIPPluginJar : add openamp
2024-12-03 09:00:07,675 [INFO] IPUIPlugin:80 - create IPUIPlugin
2024-12-03 09:00:07,675 [INFO] PluginManager:220 - loadIPPluginJar : add pdm2pcm
2024-12-03 09:00:07,694 [INFO] IPUIPlugin:80 - create IPUIPlugin
2024-12-03 09:00:07,695 [INFO] PluginManager:220 - loadIPPluginJar : add plateformsettings
2024-12-03 09:00:07,726 [INFO] IPUIPlugin:80 - create IPUIPlugin
2024-12-03 09:00:07,727 [INFO] PluginManager:220 - loadIPPluginJar : add quadspi
2024-12-03 09:00:07,760 [INFO] IPUIPlugin:80 - create IPUIPlugin
2024-12-03 09:00:07,761 [INFO] PluginManager:220 - loadIPPluginJar : add radio
2024-12-03 09:00:07,778 [INFO] IPUIPlugin:80 - create IPUIPlugin
2024-12-03 09:00:07,778 [INFO] PluginManager:220 - loadIPPluginJar : add resmgrutility
2024-12-03 09:00:07,825 [INFO] IPUIPlugin:80 - create IPUIPlugin
2024-12-03 09:00:07,825 [INFO] PluginManager:220 - loadIPPluginJar : add sai
2024-12-03 09:00:07,861 [INFO] IPUIPlugin:80 - create IPUIPlugin
2024-12-03 09:00:07,861 [INFO] PluginManager:220 - loadIPPluginJar : add spi
2024-12-03 09:00:07,944 [INFO] IPUIPlugin:80 - create IPUIPlugin
2024-12-03 09:00:07,944 [INFO] PluginManager:220 - loadIPPluginJar : add stm32_wpan
2024-12-03 09:00:07,973 [INFO] IPUIPlugin:80 - create IPUIPlugin
2024-12-03 09:00:07,973 [INFO] PluginManager:220 - loadIPPluginJar : add tim
2024-12-03 09:00:08,038 [INFO] IPUIPlugin:80 - create IPUIPlugin
2024-12-03 09:00:08,038 [INFO] PluginManager:220 - loadIPPluginJar : add touchsensing
2024-12-03 09:00:08,066 [INFO] IPUIPlugin:80 - create IPUIPlugin
2024-12-03 09:00:08,066 [INFO] PluginManager:220 - loadIPPluginJar : add tracer_emb
2024-12-03 09:00:08,094 [INFO] IPUIPlugin:80 - create IPUIPlugin
2024-12-03 09:00:08,094 [INFO] PluginManager:220 - loadIPPluginJar : add ts
2024-12-03 09:00:08,120 [INFO] IPUIPlugin:80 - create IPUIPlugin
2024-12-03 09:00:08,120 [INFO] PluginManager:220 - loadIPPluginJar : add tsc
2024-12-03 09:00:08,143 [INFO] IPUIPlugin:80 - create IPUIPlugin
2024-12-03 09:00:08,144 [INFO] PluginManager:220 - loadIPPluginJar : add ucpd
2024-12-03 09:00:08,194 [INFO] IPUIPlugin:80 - create IPUIPlugin
2024-12-03 09:00:08,194 [INFO] PluginManager:220 - loadIPPluginJar : add usart
2024-12-03 09:00:08,234 [INFO] IPUIPlugin:80 - create IPUIPlugin
2024-12-03 09:00:08,234 [INFO] PluginManager:220 - loadIPPluginJar : add usbx
2024-12-03 09:00:08,351 [INFO] CADModel:165 - CPN selected for project level
2024-12-03 09:00:08,351 [INFO] CADModel:114 - Register for checkConnection events
2024-12-03 09:00:08,351 [FATAL] Updater:334 - Updater called before beeing initialized
2024-12-03 09:00:08,351 [ERROR] CADModel:125 - Updater not yet initialized, retry later 
2024-12-03 09:00:08,494 [INFO] CADModel:165 - CPN selected for project level
2024-12-03 09:00:08,494 [INFO] CADModel:114 - Register for checkConnection events
2024-12-03 09:00:08,494 [FATAL] Updater:334 - Updater called before beeing initialized
2024-12-03 09:00:08,494 [ERROR] CADModel:125 - Updater not yet initialized, retry later 
2024-12-03 09:00:08,497 [FATAL] Updater:334 - Updater called before beeing initialized
2024-12-03 09:00:08,590 [FATAL] Updater:334 - Updater called before beeing initialized
2024-12-03 09:00:08,602 [INFO] DbMcusAds:53 - JSON generation date=Fri Sep 20 09:04:38 EDT 2024 (1726837478367)
2024-12-03 09:00:08,602 [FATAL] Updater:334 - Updater called before beeing initialized
2024-12-03 09:00:08,637 [WARN] DetailPanel:346 - Failed to get advertising image, set to default
2024-12-03 09:00:08,739 [FATAL] Updater:334 - Updater called before beeing initialized
2024-12-03 09:00:08,755 [FATAL] Updater:334 - Updater called before beeing initialized
2024-12-03 09:00:08,755 [FATAL] Updater:334 - Updater called before beeing initialized
2024-12-03 09:00:08,755 [WARN] DetailPanel:346 - Failed to get advertising image, set to default
2024-12-03 09:00:08,756 [FATAL] Updater:334 - Updater called before beeing initialized
2024-12-03 09:00:08,819 [ERROR] Updater:1164 - MainUpdater not yet initialized. External WinMGr cannot be set.
2024-12-03 09:00:08,835 [INFO] Updater:1100 - Updater Version found : 6.12.0
2024-12-03 09:00:08,848 [INFO] ThirdPartyUpdaterWithRetryManager:70 - Updater plugin not ready yet. [2/15]
2024-12-03 09:00:08,852 [INFO] ApplicationProperties:184 - Using Application install path: C:\ST\STM32CubeIDE_1.16.0\STM32CubeIDE\plugins\com.st.stm32cube.common.mx_6.12.0.202406281431
2024-12-03 09:00:10,436 [ERROR] LogOutputStream:75 - [STDERR_REDIRECT] Dec 03, 2024 9:00:10 AM java.util.prefs.WindowsPreferences <init>
2024-12-03 09:00:10,438 [ERROR] LogOutputStream:75 - [STDERR_REDIRECT] WARNING: Could not open/create prefs root node Software\JavaSoft\Prefs at root 0xffffffff80000002. Windows RegCreateKeyEx(...) returned error code 5.
2024-12-03 09:00:10,438 [ERROR] LogOutputStream:75 - [STDERR_REDIRECT] 
2024-12-03 09:00:11,851 [FATAL] Updater:334 - Updater called before beeing initialized
2024-12-03 09:00:11,852 [ERROR] IntegrityCheckThread:130 - Cannot retrieve database content from updater: error 21
2024-12-03 09:00:11,852 [INFO] ThirdParty:978 - Integrity check success = false
2024-12-03 09:00:11,852 [INFO] IntegrityCheckThread:100 - exiting critical section [integrity check]
2024-12-03 09:00:11,852 [INFO] IntegrityCheckThread:103 - End integrity checks thread
2024-12-03 09:00:11,878 [INFO] MainUpdater:2873 - connection check result : 10
2024-12-03 09:00:11,879 [INFO] MainUpdater:290 - Updater Check For Update Now.
2024-12-03 09:00:11,879 [INFO] MicroXplorer:498 - Change Database Version : DB.6.0.120
2024-12-03 09:00:11,906 [INFO] McuFinderGlobals:63 - Set McuFinder mode to 2 (CubeIDE integrated)
2024-12-03 09:00:11,913 [INFO] UserAuth:417 - Internet connection configuration mode: 1
2024-12-03 09:00:11,942 [INFO] JxBrowserEngine:152 - Initiate JxBrowser Engine with user profile folder
2024-12-03 09:00:12,101 [INFO] CheckServerUpdateThread:120 - End of CheckServer Thread
2024-12-03 09:00:17,797 [INFO] WebApp:167 - Instantiating new browser for Auth
2024-12-03 09:00:18,716 [INFO] WebApp:448 - Apply proxy settings
2024-12-03 09:00:18,716 [INFO] WebApp:533 - Chromium requires no authentication
2024-12-03 09:00:18,726 [INFO] WebApp:476 - Direct internet connection detected
2024-12-03 09:00:18,758 [INFO] WebApp:869 - Register for checkConnection events
2024-12-03 09:00:18,758 [INFO] WebApp:448 - Apply proxy settings
2024-12-03 09:00:18,758 [INFO] WebApp:533 - Chromium requires no authentication
2024-12-03 09:00:18,759 [INFO] WebApp:476 - Direct internet connection detected
2024-12-03 09:00:18,931 [INFO] WebApp:220 - Starting web application
2024-12-03 09:00:18,931 [INFO] WebApp:578 - Web application path used C:\ST\STM32CubeIDE_1.16.0\STM32CubeIDE\plugins\com.st.stm32cube.common.mx_6.12.0.202406281431\db\plugins\mcufinder\reactClient1\index.html
2024-12-03 09:00:19,104 [INFO] UserAuth:417 - Internet connection configuration mode: 1
2024-12-03 09:00:19,961 [INFO] WebApp:186 - Connection restablished
2024-12-03 12:12:39,790 [INFO] WebApp:189 - Connection lost
2024-12-03 12:12:40,908 [INFO] WebApp:186 - Connection restablished
2024-12-03 12:12:44,198 [INFO] WebApp:189 - Connection lost
2024-12-03 12:21:22,960 [INFO] WebApp:186 - Connection restablished
2024-12-03 12:21:25,180 [INFO] WebApp:189 - Connection lost
2024-12-03 12:21:25,477 [INFO] WebApp:186 - Connection restablished
2024-12-03 12:22:15,447 [INFO] WebApp:189 - Connection lost
2024-12-03 12:24:29,882 [INFO] WebApp:186 - Connection restablished
2024-12-03 12:24:57,700 [INFO] WebApp:189 - Connection lost
2024-12-03 12:24:58,684 [INFO] WebApp:186 - Connection restablished
2024-12-03 12:25:01,181 [INFO] WebApp:189 - Connection lost
2024-12-03 12:25:02,195 [INFO] WebApp:186 - Connection restablished
2024-12-03 12:25:19,688 [INFO] WebApp:189 - Connection lost
2024-12-03 12:25:20,601 [INFO] WebApp:186 - Connection restablished
2024-12-03 12:25:26,189 [INFO] WebApp:189 - Connection lost
2024-12-03 12:25:27,128 [INFO] WebApp:186 - Connection restablished
2024-12-03 12:25:34,187 [INFO] WebApp:189 - Connection lost
2024-12-03 12:25:35,153 [INFO] WebApp:186 - Connection restablished
2024-12-03 12:29:57,704 [INFO] WebApp:189 - Connection lost
2024-12-03 12:29:58,634 [INFO] WebApp:186 - Connection restablished
2024-12-03 13:28:57,838 [ERROR] LogOutputStream:75 - [STDERR_REDIRECT] 
2024-12-03 17:43:35,373 [INFO] Activator:176 - 


2024-12-03 17:43:35,377 [INFO] Activator:177 - !SESSION log4j initialized
2024-12-03 17:43:43,984 [INFO] LogOutputStream:77 - [STDOUT_REDIRECT] 
2024-12-03 17:43:50,129 [INFO] ApplicationProperties:184 - Using Application install path: C:\ST\STM32CubeIDE_1.16.0\STM32CubeIDE\plugins\com.st.stm32cube.common.mx_6.12.0.202406281431
2024-12-03 17:43:50,152 [INFO] DbMcusXml:78 - Set database path to: C:\ST\STM32CubeIDE_1.16.0\STM32CubeIDE\plugins\com.st.stm32cube.common.mx_6.12.0.202406281431\\db\/mcu/
2024-12-03 17:43:50,152 [INFO] ApiDb:274 - Set plugin database path to: C:\ST\STM32CubeIDE_1.16.0\STM32CubeIDE\plugins\com.st.stm32cube.common.mx_6.12.0.202406281431\\db\/plugins/boardmanager/
2024-12-03 17:43:50,153 [WARN] ApiDb:259 - Overriding images path with different value:  => C:\ST\STM32CubeIDE_1.16.0\STM32CubeIDE\plugins\com.st.stm32cube.common.mx_6.12.0.202406281431\\db\/plugins/mcufinder/images/
2024-12-03 17:43:50,166 [INFO] ApiDb:250 - Set database path to: C:\Users\ijk95\.stmcufinder\plugins\mcufinder//mcu/
2024-12-03 17:43:50,167 [INFO] DbMcusAds:125 - Set database path to: C:\Users\ijk95\.stmcufinder\plugins\mcufinder//mcu/
2024-12-03 17:43:50,170 [INFO] CrossReferenceDbSqlite:203 - Set database path to: C:\Users\ijk95\.stmcufinder\plugins\mcufinder//mcu/cs/
2024-12-03 17:43:50,349 [INFO] RulesReader:64 - Compatibility file has been processed (297 Rules)
2024-12-03 17:43:50,485 [INFO] DbMcusXml:78 - Set database path to: C:\ST\STM32CubeIDE_1.16.0\STM32CubeIDE\plugins\com.st.stm32cube.common.mx_6.12.0.202406281431\\db\/mcu/
2024-12-03 17:43:50,486 [INFO] ApiDb:274 - Set plugin database path to: C:\ST\STM32CubeIDE_1.16.0\STM32CubeIDE\plugins\com.st.stm32cube.common.mx_6.12.0.202406281431\\db\/plugins/boardmanager/
2024-12-03 17:43:50,486 [INFO] ApiDb:261 - Set plugin images path to: C:\ST\STM32CubeIDE_1.16.0\STM32CubeIDE\plugins\com.st.stm32cube.common.mx_6.12.0.202406281431\\db\/plugins/mcufinder/images/
2024-12-03 17:43:50,486 [WARN] DbFile:41 - Overriding database path with different value: C:\Users\ijk95\.stmcufinder\plugins\mcufinder/ => C:\Users\ijk95\.stmcufinder\plugins\mcufinder
2024-12-03 17:43:50,486 [INFO] ApiDb:250 - Set database path to: C:\Users\ijk95\.stmcufinder\plugins\mcufinder//mcu/
2024-12-03 17:43:50,487 [WARN] DbFile:41 - Overriding database path with different value: C:\Users\ijk95\.stmcufinder\plugins\mcufinder/ => C:\Users\ijk95\.stmcufinder\plugins\mcufinder
2024-12-03 17:43:50,487 [INFO] DbMcusAds:125 - Set database path to: C:\Users\ijk95\.stmcufinder\plugins\mcufinder//mcu/
2024-12-03 17:43:50,487 [WARN] DbFile:41 - Overriding database path with different value: C:\Users\ijk95\.stmcufinder\plugins\mcufinder/ => C:\Users\ijk95\.stmcufinder\plugins\mcufinder
2024-12-03 17:43:50,487 [WARN] DbFile:41 - Overriding database path with different value: C:\Users\ijk95\.stmcufinder\plugins\mcufinder/ => C:\Users\ijk95\.stmcufinder\plugins\mcufinder
2024-12-03 17:43:50,487 [INFO] CrossReferenceDbSqlite:203 - Set database path to: C:\Users\ijk95\.stmcufinder\plugins\mcufinder//mcu/cs/
2024-12-03 17:43:50,613 [INFO] MainPanel:268 - HeapMemory: 268435456
2024-12-03 17:43:50,772 [INFO] DbMcusXml:78 - Set database path to: C:\ST\STM32CubeIDE_1.16.0\STM32CubeIDE\plugins\com.st.stm32cube.common.mx_6.12.0.202406281431\\db\/mcu/
2024-12-03 17:43:50,774 [INFO] ApiDb:274 - Set plugin database path to: C:\ST\STM32CubeIDE_1.16.0\STM32CubeIDE\plugins\com.st.stm32cube.common.mx_6.12.0.202406281431\\db\/plugins/boardmanager/
2024-12-03 17:43:50,774 [INFO] ApiDb:261 - Set plugin images path to: C:\ST\STM32CubeIDE_1.16.0\STM32CubeIDE\plugins\com.st.stm32cube.common.mx_6.12.0.202406281431\\db\/plugins/mcufinder/images/
2024-12-03 17:43:50,774 [WARN] DbFile:41 - Overriding database path with different value: C:\Users\ijk95\.stmcufinder\plugins\mcufinder/ => C:\Users\ijk95\.stmcufinder\plugins\mcufinder
2024-12-03 17:43:50,774 [INFO] ApiDb:250 - Set database path to: C:\Users\ijk95\.stmcufinder\plugins\mcufinder//mcu/
2024-12-03 17:43:50,774 [WARN] DbFile:41 - Overriding database path with different value: C:\Users\ijk95\.stmcufinder\plugins\mcufinder/ => C:\Users\ijk95\.stmcufinder\plugins\mcufinder
2024-12-03 17:43:50,774 [INFO] DbMcusAds:125 - Set database path to: C:\Users\ijk95\.stmcufinder\plugins\mcufinder//mcu/
2024-12-03 17:43:50,774 [WARN] DbFile:41 - Overriding database path with different value: C:\Users\ijk95\.stmcufinder\plugins\mcufinder/ => C:\Users\ijk95\.stmcufinder\plugins\mcufinder
2024-12-03 17:43:50,774 [WARN] DbFile:41 - Overriding database path with different value: C:\Users\ijk95\.stmcufinder\plugins\mcufinder/ => C:\Users\ijk95\.stmcufinder\plugins\mcufinder
2024-12-03 17:43:50,774 [INFO] CrossReferenceDbSqlite:203 - Set database path to: C:\Users\ijk95\.stmcufinder\plugins\mcufinder//mcu/cs/
2024-12-03 17:43:50,801 [INFO] ApplicationProperties:184 - Using Application install path: C:\ST\STM32CubeIDE_1.16.0\STM32CubeIDE\plugins\com.st.stm32cube.common.mx_6.12.0.202406281431
2024-12-03 17:43:50,802 [INFO] PluginManage:196 - Search for loadable plugins [exclusion list=, ]
2024-12-03 17:43:50,804 [INFO] PluginManage:310 - Check plugin analytics
2024-12-03 17:43:51,111 [INFO] AnalyticsPlugin:253 - Accepted Software Licenses: 
2024-12-03 17:43:51,112 [INFO] AnalyticsPlugin:255 - Accepted CMSIS Pack Licenses: 
2024-12-03 17:43:51,112 [INFO] AnalyticsPlugin:257 - Accepted Firmware Licenses: FW.G0.1.6.0
2024-12-03 17:43:51,117 [INFO] PluginManage:359 - Loaded plugin analytics (category:tool,tabindex:-1)
2024-12-03 17:43:51,117 [INFO] PluginManage:310 - Check plugin cadmodel
2024-12-03 17:43:51,127 [INFO] CADModel:105 - Init CAD model plugin
2024-12-03 17:43:51,127 [INFO] PluginManage:359 - Loaded plugin cadmodel (category:power,tabindex:5)
2024-12-03 17:43:51,127 [INFO] PluginManage:310 - Check plugin clock
2024-12-03 17:43:51,145 [INFO] PluginManage:359 - Loaded plugin clock (category:base,tabindex:2)
2024-12-03 17:43:51,146 [INFO] PluginManage:310 - Check plugin ddr
2024-12-03 17:43:51,151 [INFO] PluginManage:359 - Loaded plugin ddr (category:tool,tabindex:6)
2024-12-03 17:43:51,152 [INFO] PluginManage:310 - Check plugin filemanager
2024-12-03 17:43:51,364 [INFO] PluginManage:359 - Loaded plugin filemanager (category:base,tabindex:10)
2024-12-03 17:43:51,365 [INFO] PluginManage:310 - Check plugin ipmanager
2024-12-03 17:43:51,377 [INFO] PluginManage:359 - Loaded plugin ipmanager (category:base,tabindex:5)
2024-12-03 17:43:51,377 [INFO] PluginManage:310 - Check plugin lpbam
2024-12-03 17:43:51,388 [INFO] PluginManage:359 - Loaded plugin lpbam (category:base,tabindex:0)
2024-12-03 17:43:51,388 [INFO] PluginManage:310 - Check plugin memorymap
2024-12-03 17:43:51,411 [INFO] PluginManage:359 - Loaded plugin memorymap (category:base,tabindex:4)
2024-12-03 17:43:51,411 [INFO] PluginManage:310 - Check plugin pinoutandconfiguration
2024-12-03 17:43:51,428 [INFO] PluginManage:359 - Loaded plugin pinoutandconfiguration (category:base,tabindex:1)
2024-12-03 17:43:51,428 [INFO] PluginManage:310 - Check plugin pinoutconfig
2024-12-03 17:43:51,558 [WARN] SupportedApi:132 - Cannot load RTOS API schema: s4s-elt-must-match.1: The content of 'definitions' must match (annotation?, (simpleType | complexType)?, (unique | key | keyref)*)). A problem was found starting at: attribute.
2024-12-03 17:43:51,784 [INFO] PluginManage:359 - Loaded plugin pinoutconfig (category:base,tabindex:0)
2024-12-03 17:43:51,785 [INFO] PluginManage:310 - Check plugin power
2024-12-03 17:43:51,801 [INFO] PluginManage:359 - Loaded plugin power (category:power,tabindex:4)
2024-12-03 17:43:51,802 [INFO] PluginManage:310 - Check plugin projectmanager
2024-12-03 17:43:51,829 [INFO] PluginManage:359 - Loaded plugin projectmanager (category:projectmanager,tabindex:4)
2024-12-03 17:43:51,829 [INFO] PluginManage:310 - Check plugin rif
2024-12-03 17:43:51,841 [INFO] PluginManage:359 - Loaded plugin rif (category:base,tabindex:3)
2024-12-03 17:43:51,841 [INFO] PluginManage:310 - Check plugin thirdparty
2024-12-03 17:43:52,033 [INFO] PluginManage:359 - Loaded plugin thirdparty (category:base,tabindex:-1)
2024-12-03 17:43:52,033 [INFO] PluginManage:310 - Check plugin tools
2024-12-03 17:43:52,033 [WARN] IntegrityCheckThread:84 - waiting for thirdparty lock release [integrity check]
2024-12-03 17:43:52,033 [INFO] IntegrityCheckThread:86 - entering critical section [integrity check]
2024-12-03 17:43:52,034 [INFO] ThirdPartyUpdaterWithRetryManager:70 - Updater plugin not ready yet. [1/15]
2024-12-03 17:43:52,037 [INFO] PluginManage:359 - Loaded plugin tools (category:base,tabindex:7)
2024-12-03 17:43:52,037 [INFO] PluginManage:310 - Check plugin tutovideos
2024-12-03 17:43:52,284 [INFO] PluginManage:359 - Loaded plugin tutovideos (category:base,tabindex:-1)
2024-12-03 17:43:52,284 [INFO] PluginManage:310 - Check plugin updater
2024-12-03 17:43:52,308 [INFO] PluginManage:359 - Loaded plugin updater (category:base,tabindex:12)
2024-12-03 17:43:52,308 [INFO] PluginManage:310 - Check plugin userauth
2024-12-03 17:43:52,315 [INFO] UserAuth:113 - Init User Auth plugin
2024-12-03 17:43:52,315 [INFO] PluginManage:359 - Loaded plugin userauth (category:base,tabindex:14)
2024-12-03 17:43:52,316 [INFO] PluginManage:283 - PluginManage : Loaded plugins [18]
2024-12-03 17:43:52,604 [INFO] PinOutPanel:1561 - setPackage(No Configuration,No Configuration)
2024-12-03 17:43:52,724 [INFO] CADModel:165 - CPN selected for project level
2024-12-03 17:43:52,725 [INFO] CADModel:114 - Register for checkConnection events
2024-12-03 17:43:52,746 [INFO] IPUIPlugin:80 - create IPUIPlugin
2024-12-03 17:43:52,747 [INFO] PluginManager:220 - loadIPPluginJar : add adc
2024-12-03 17:43:52,749 [INFO] IPUIPlugin:80 - create IPUIPlugin
2024-12-03 17:43:52,750 [INFO] PluginManager:220 - loadIPPluginJar : add aes
2024-12-03 17:43:52,753 [INFO] IPUIPlugin:80 - create IPUIPlugin
2024-12-03 17:43:52,753 [INFO] PluginManager:220 - loadIPPluginJar : add can
2024-12-03 17:43:52,755 [INFO] IPUIPlugin:80 - create IPUIPlugin
2024-12-03 17:43:52,755 [INFO] PluginManager:220 - loadIPPluginJar : add comp
2024-12-03 17:43:52,757 [INFO] IPUIPlugin:80 - create IPUIPlugin
2024-12-03 17:43:52,758 [INFO] PluginManager:220 - loadIPPluginJar : add cryp
2024-12-03 17:43:52,761 [INFO] IPUIPlugin:80 - create IPUIPlugin
2024-12-03 17:43:52,761 [INFO] PluginManager:220 - loadIPPluginJar : add ddr_ctrl_phy
2024-12-03 17:43:52,765 [INFO] IPUIPlugin:80 - create IPUIPlugin
2024-12-03 17:43:52,765 [INFO] PluginManager:220 - loadIPPluginJar : add dfsdm
2024-12-03 17:43:52,770 [INFO] IPUIPlugin:80 - create IPUIPlugin
2024-12-03 17:43:52,771 [INFO] PluginManager:220 - loadIPPluginJar : add dma
2024-12-03 17:43:52,774 [INFO] IPUIPlugin:80 - create IPUIPlugin
2024-12-03 17:43:52,774 [INFO] PluginManager:220 - loadIPPluginJar : add dma3
2024-12-03 17:43:52,778 [INFO] IPUIPlugin:80 - create IPUIPlugin
2024-12-03 17:43:52,779 [INFO] PluginManager:220 - loadIPPluginJar : add extmemmanager
2024-12-03 17:43:52,781 [INFO] IPUIPlugin:80 - create IPUIPlugin
2024-12-03 17:43:52,781 [INFO] PluginManager:220 - loadIPPluginJar : add fatfs
2024-12-03 17:43:52,786 [INFO] IPUIPlugin:80 - create IPUIPlugin
2024-12-03 17:43:52,786 [INFO] PluginManager:220 - loadIPPluginJar : add fmc
2024-12-03 17:43:52,793 [INFO] IPUIPlugin:80 - create IPUIPlugin
2024-12-03 17:43:52,793 [INFO] PluginManager:220 - loadIPPluginJar : add freertos
2024-12-03 17:43:52,795 [INFO] IPUIPlugin:80 - create IPUIPlugin
2024-12-03 17:43:52,795 [INFO] PluginManager:220 - loadIPPluginJar : add genericplugin
2024-12-03 17:43:52,798 [INFO] IPUIPlugin:80 - create IPUIPlugin
2024-12-03 17:43:52,798 [INFO] PluginManager:220 - loadIPPluginJar : add gfxmmu
2024-12-03 17:43:52,803 [INFO] IPUIPlugin:80 - create IPUIPlugin
2024-12-03 17:43:52,804 [INFO] PluginManager:220 - loadIPPluginJar : add gic
2024-12-03 17:43:52,808 [INFO] IPUIPlugin:80 - create IPUIPlugin
2024-12-03 17:43:52,808 [INFO] PluginManager:220 - loadIPPluginJar : add gpio
2024-12-03 17:43:52,811 [INFO] IPUIPlugin:80 - create IPUIPlugin
2024-12-03 17:43:52,811 [INFO] PluginManager:220 - loadIPPluginJar : add gtzc
2024-12-03 17:43:52,814 [INFO] IPUIPlugin:80 - create IPUIPlugin
2024-12-03 17:43:52,814 [INFO] PluginManager:220 - loadIPPluginJar : add hash
2024-12-03 17:43:52,818 [INFO] IPUIPlugin:80 - create IPUIPlugin
2024-12-03 17:43:52,818 [INFO] PluginManager:220 - loadIPPluginJar : add i2c
2024-12-03 17:43:52,821 [INFO] IPUIPlugin:80 - create IPUIPlugin
2024-12-03 17:43:52,821 [INFO] PluginManager:220 - loadIPPluginJar : add i2s
2024-12-03 17:43:52,824 [INFO] IPUIPlugin:80 - create IPUIPlugin
2024-12-03 17:43:52,824 [INFO] PluginManager:220 - loadIPPluginJar : add i3c
2024-12-03 17:43:52,827 [INFO] IPUIPlugin:80 - create IPUIPlugin
2024-12-03 17:43:52,828 [INFO] PluginManager:220 - loadIPPluginJar : add ipddr
2024-12-03 17:43:52,835 [INFO] IPUIPlugin:80 - create IPUIPlugin
2024-12-03 17:43:52,835 [INFO] PluginManager:220 - loadIPPluginJar : add linkedlist
2024-12-03 17:43:52,838 [INFO] IPUIPlugin:80 - create IPUIPlugin
2024-12-03 17:43:52,838 [INFO] PluginManager:220 - loadIPPluginJar : add lorawan
2024-12-03 17:43:52,840 [INFO] IPUIPlugin:80 - create IPUIPlugin
2024-12-03 17:43:52,840 [INFO] PluginManager:220 - loadIPPluginJar : add ltdc
2024-12-03 17:43:52,847 [INFO] IPUIPlugin:80 - create IPUIPlugin
2024-12-03 17:43:52,847 [INFO] PluginManager:220 - loadIPPluginJar : add mdma
2024-12-03 17:43:52,851 [INFO] IPUIPlugin:80 - create IPUIPlugin
2024-12-03 17:43:52,851 [INFO] PluginManager:220 - loadIPPluginJar : add nvic
2024-12-03 17:43:52,855 [INFO] IPUIPlugin:80 - create IPUIPlugin
2024-12-03 17:43:52,855 [INFO] PluginManager:220 - loadIPPluginJar : add opamp
2024-12-03 17:43:52,860 [INFO] IPUIPlugin:80 - create IPUIPlugin
2024-12-03 17:43:52,860 [INFO] PluginManager:220 - loadIPPluginJar : add openamp
2024-12-03 17:43:52,865 [INFO] IPUIPlugin:80 - create IPUIPlugin
2024-12-03 17:43:52,865 [INFO] PluginManager:220 - loadIPPluginJar : add pdm2pcm
2024-12-03 17:43:52,873 [INFO] IPUIPlugin:80 - create IPUIPlugin
2024-12-03 17:43:52,877 [INFO] PluginManager:220 - loadIPPluginJar : add plateformsettings
2024-12-03 17:43:52,879 [INFO] IPUIPlugin:80 - create IPUIPlugin
2024-12-03 17:43:52,879 [INFO] PluginManager:220 - loadIPPluginJar : add quadspi
2024-12-03 17:43:52,881 [INFO] IPUIPlugin:80 - create IPUIPlugin
2024-12-03 17:43:52,882 [INFO] PluginManager:220 - loadIPPluginJar : add radio
2024-12-03 17:43:52,889 [INFO] IPUIPlugin:80 - create IPUIPlugin
2024-12-03 17:43:52,889 [INFO] PluginManager:220 - loadIPPluginJar : add resmgrutility
2024-12-03 17:43:52,893 [INFO] IPUIPlugin:80 - create IPUIPlugin
2024-12-03 17:43:52,893 [INFO] PluginManager:220 - loadIPPluginJar : add sai
2024-12-03 17:43:52,896 [INFO] IPUIPlugin:80 - create IPUIPlugin
2024-12-03 17:43:52,897 [INFO] PluginManager:220 - loadIPPluginJar : add spi
2024-12-03 17:43:52,902 [INFO] IPUIPlugin:80 - create IPUIPlugin
2024-12-03 17:43:52,903 [INFO] PluginManager:220 - loadIPPluginJar : add stm32_wpan
2024-12-03 17:43:52,905 [INFO] IPUIPlugin:80 - create IPUIPlugin
2024-12-03 17:43:52,906 [INFO] PluginManager:220 - loadIPPluginJar : add tim
2024-12-03 17:43:52,910 [INFO] IPUIPlugin:80 - create IPUIPlugin
2024-12-03 17:43:52,910 [INFO] PluginManager:220 - loadIPPluginJar : add touchsensing
2024-12-03 17:43:52,913 [INFO] IPUIPlugin:80 - create IPUIPlugin
2024-12-03 17:43:52,913 [INFO] PluginManager:220 - loadIPPluginJar : add tracer_emb
2024-12-03 17:43:52,916 [INFO] IPUIPlugin:80 - create IPUIPlugin
2024-12-03 17:43:52,916 [INFO] PluginManager:220 - loadIPPluginJar : add ts
2024-12-03 17:43:52,918 [INFO] IPUIPlugin:80 - create IPUIPlugin
2024-12-03 17:43:52,918 [INFO] PluginManager:220 - loadIPPluginJar : add tsc
2024-12-03 17:43:52,921 [INFO] IPUIPlugin:80 - create IPUIPlugin
2024-12-03 17:43:52,921 [INFO] PluginManager:220 - loadIPPluginJar : add ucpd
2024-12-03 17:43:52,924 [INFO] IPUIPlugin:80 - create IPUIPlugin
2024-12-03 17:43:52,924 [INFO] PluginManager:220 - loadIPPluginJar : add usart
2024-12-03 17:43:52,927 [INFO] IPUIPlugin:80 - create IPUIPlugin
2024-12-03 17:43:52,928 [INFO] PluginManager:220 - loadIPPluginJar : add usbx
2024-12-03 17:43:53,096 [INFO] CADModel:165 - CPN selected for project level
2024-12-03 17:43:53,097 [INFO] CADModel:114 - Register for checkConnection events
2024-12-03 17:43:53,097 [FATAL] Updater:334 - Updater called before beeing initialized
2024-12-03 17:43:53,097 [ERROR] CADModel:125 - Updater not yet initialized, retry later 
2024-12-03 17:43:53,308 [INFO] CADModel:165 - CPN selected for project level
2024-12-03 17:43:53,308 [INFO] CADModel:114 - Register for checkConnection events
2024-12-03 17:43:53,308 [FATAL] Updater:334 - Updater called before beeing initialized
2024-12-03 17:43:53,308 [ERROR] CADModel:125 - Updater not yet initialized, retry later 
2024-12-03 17:43:53,313 [FATAL] Updater:334 - Updater called before beeing initialized
2024-12-03 17:43:53,458 [FATAL] Updater:334 - Updater called before beeing initialized
2024-12-03 17:43:53,464 [INFO] DbMcusAds:53 - JSON generation date=Fri Sep 20 09:04:38 EDT 2024 (1726837478367)
2024-12-03 17:43:53,464 [FATAL] Updater:334 - Updater called before beeing initialized
2024-12-03 17:43:53,519 [WARN] DetailPanel:346 - Failed to get advertising image, set to default
2024-12-03 17:43:53,709 [FATAL] Updater:334 - Updater called before beeing initialized
2024-12-03 17:43:53,712 [FATAL] Updater:334 - Updater called before beeing initialized
2024-12-03 17:43:53,713 [FATAL] Updater:334 - Updater called before beeing initialized
2024-12-03 17:43:53,713 [WARN] DetailPanel:346 - Failed to get advertising image, set to default
2024-12-03 17:43:53,714 [FATAL] Updater:334 - Updater called before beeing initialized
2024-12-03 17:43:53,783 [ERROR] Updater:1164 - MainUpdater not yet initialized. External WinMGr cannot be set.
2024-12-03 17:43:53,786 [INFO] Updater:1100 - Updater Version found : 6.12.0
2024-12-03 17:43:53,810 [INFO] ApplicationProperties:184 - Using Application install path: C:\ST\STM32CubeIDE_1.16.0\STM32CubeIDE\plugins\com.st.stm32cube.common.mx_6.12.0.202406281431
2024-12-03 17:43:55,035 [INFO] ThirdPartyUpdaterWithRetryManager:70 - Updater plugin not ready yet. [2/15]
2024-12-03 17:43:55,418 [ERROR] LogOutputStream:75 - [STDERR_REDIRECT] Dec 03, 2024 5:43:55 PM java.util.prefs.WindowsPreferences <init>
2024-12-03 17:43:55,421 [ERROR] LogOutputStream:75 - [STDERR_REDIRECT] WARNING: Could not open/create prefs root node Software\JavaSoft\Prefs at root 0xffffffff80000002. Windows RegCreateKeyEx(...) returned error code 5.
2024-12-03 17:43:55,421 [ERROR] LogOutputStream:75 - [STDERR_REDIRECT] 
2024-12-03 17:43:55,872 [INFO] MainUpdater:2873 - connection check result : 10
2024-12-03 17:43:55,873 [INFO] MainUpdater:290 - Updater Check For Update Now.
2024-12-03 17:43:55,873 [INFO] MicroXplorer:498 - Change Database Version : DB.6.0.120
2024-12-03 17:43:55,900 [INFO] McuFinderGlobals:63 - Set McuFinder mode to 2 (CubeIDE integrated)
2024-12-03 17:43:55,902 [INFO] UserAuth:417 - Internet connection configuration mode: 1
2024-12-03 17:43:55,934 [INFO] JxBrowserEngine:152 - Initiate JxBrowser Engine with user profile folder
2024-12-03 17:43:56,095 [INFO] CheckServerUpdateThread:120 - End of CheckServer Thread
2024-12-03 17:43:58,499 [WARN] PackLoader:240 - Cannot read IP mode file for STMicroelectronics.FP-SNS-MOTENVWB1.1.4.0
2024-12-03 17:43:58,528 [WARN] PackLoader:240 - Cannot read IP mode file for STMicroelectronics.FP-ATR-ASTRA1.2.0.1
2024-12-03 17:43:58,556 [WARN] PackLoader:240 - Cannot read IP mode file for STMicroelectronics.X-CUBE-SMBUS.2.1.0
2024-12-03 17:43:58,592 [WARN] PackLoader:240 - Cannot read IP mode file for STMicroelectronics.X-CUBE-WB05N.1.1.0
2024-12-03 17:43:58,667 [WARN] PackLoader:240 - Cannot read IP mode file for STMicroelectronics.X-CUBE-AZRTOS-F7.1.1.0
2024-12-03 17:43:58,794 [WARN] PackLoader:240 - Cannot read IP mode file for STMicroelectronics.X-CUBE-MEMS1.11.0.0
2024-12-03 17:43:58,982 [WARN] PackLoader:240 - Cannot read IP mode file for STMicroelectronics.FP-SNS-FLIGHT1.5.0.2
2024-12-03 17:43:59,008 [WARN] PackLoader:240 - Cannot read IP mode file for STMicroelectronics.X-CUBE-DISPLAY.3.0.0
2024-12-03 17:43:59,049 [WARN] PackLoader:240 - Cannot read IP mode file for STMicroelectronics.X-CUBE-BLE1.7.0.0
2024-12-03 17:43:59,080 [WARN] PackLoader:240 - Cannot read IP mode file for STMicroelectronics.X-CUBE-NFC10.1.0.0
2024-12-03 17:43:59,140 [WARN] PackLoader:240 - Cannot read IP mode file for emotas.I-CUBE-CANOPEN.1.3.0
2024-12-03 17:43:59,174 [WARN] PackLoader:240 - Cannot read IP mode file for STMicroelectronics.X-CUBE-BLEMGR.3.1.0
2024-12-03 17:43:59,200 [WARN] PackLoader:240 - Cannot read IP mode file for STMicroelectronics.FP-SNS-SMARTAG2.1.2.0
2024-12-03 17:43:59,233 [INFO] LogOutputStream:77 - [STDOUT_REDIRECT] 1 : Invalid condition id : UX_CORESTACK_Condition cause : null
2024-12-03 17:43:59,233 [INFO] LogOutputStream:77 - [STDOUT_REDIRECT] 1 : Invalid condition id : UX_CORESTACK_Condition cause : null
2024-12-03 17:43:59,235 [INFO] LogOutputStream:77 - [STDOUT_REDIRECT] 1 : Invalid condition id : UX_CORESTACK_Condition cause : null
2024-12-03 17:43:59,236 [INFO] LogOutputStream:77 - [STDOUT_REDIRECT] 1 : Invalid condition id : UX_CORESTACK_Condition cause : null
2024-12-03 17:43:59,237 [INFO] LogOutputStream:77 - [STDOUT_REDIRECT] 1 : Invalid condition id : UX_CORESTACK_Condition cause : null
2024-12-03 17:43:59,240 [WARN] PackLoader:240 - Cannot read IP mode file for STMicroelectronics.X-CUBE-AZRTOS-WL.2.0.0
2024-12-03 17:43:59,264 [WARN] PackLoader:240 - Cannot read IP mode file for STMicroelectronics.FP-SNS-MOTENV1.5.0.0
2024-12-03 17:43:59,288 [WARN] PackLoader:240 - Cannot read IP mode file for wolfSSL.I-CUBE-wolfMQTT.1.19.0
2024-12-03 17:43:59,314 [WARN] PackLoader:240 - Cannot read IP mode file for WES.I-CUBE-Cesium.1.3.0
2024-12-03 17:43:59,335 [WARN] PackLoader:240 - Cannot read IP mode file for STMicroelectronics.X-CUBE-BLE2.3.3.0
2024-12-03 17:43:59,357 [WARN] PackLoader:240 - Cannot read IP mode file for STMicroelectronics.X-CUBE-NFC9.1.0.0
2024-12-03 17:43:59,385 [WARN] PackLoader:240 - Cannot read IP mode file for STMicroelectronics.X-CUBE-TCPP.4.1.0
2024-12-03 17:43:59,432 [WARN] PackLoader:240 - Cannot read IP mode file for STMicroelectronics.X-CUBE-AZRTOS-G0.1.1.0
2024-12-03 17:43:59,462 [WARN] PackLoader:240 - Cannot read IP mode file for STMicroelectronics.X-CUBE-SAFEA1.1.2.2
2024-12-03 17:43:59,490 [WARN] PackLoader:240 - Cannot read IP mode file for STMicroelectronics.X-CUBE-NFC4.3.0.0
2024-12-03 17:43:59,522 [WARN] PackLoader:240 - Cannot read IP mode file for EmbeddedOffice.I-CUBE-FS-RTOS.1.0.1
2024-12-03 17:43:59,522 [ERROR] ConditionMgr:805 - Attr not supported : Dmpu
2024-12-03 17:43:59,523 [ERROR] ConditionMgr:805 - Attr not supported : Dmpu
2024-12-03 17:43:59,523 [ERROR] ConditionMgr:805 - Attr not supported : Dmpu
2024-12-03 17:43:59,523 [ERROR] ConditionMgr:805 - Attr not supported : Dmpu
2024-12-03 17:43:59,523 [ERROR] ConditionMgr:805 - Attr not supported : Dmpu
2024-12-03 17:43:59,523 [ERROR] ConditionMgr:805 - Attr not supported : Dmpu
2024-12-03 17:43:59,523 [ERROR] ConditionMgr:805 - Attr not supported : Dmpu
2024-12-03 17:43:59,523 [ERROR] ConditionMgr:805 - Attr not supported : Dmpu
2024-12-03 17:43:59,523 [ERROR] ConditionMgr:805 - Attr not supported : Dmpu
2024-12-03 17:43:59,524 [ERROR] ConditionMgr:805 - Attr not supported : Dmpu
2024-12-03 17:43:59,524 [ERROR] ConditionMgr:805 - Attr not supported : Dmpu
2024-12-03 17:43:59,524 [ERROR] ConditionMgr:805 - Attr not supported : Dmpu
2024-12-03 17:43:59,524 [ERROR] ConditionMgr:805 - Attr not supported : Dmpu
2024-12-03 17:43:59,524 [ERROR] ConditionMgr:805 - Attr not supported : Dmpu
2024-12-03 17:43:59,524 [ERROR] ConditionMgr:805 - Attr not supported : Dmpu
2024-12-03 17:43:59,524 [ERROR] ConditionMgr:805 - Attr not supported : Dmpu
2024-12-03 17:43:59,524 [ERROR] ConditionMgr:805 - Attr not supported : Dmpu
2024-12-03 17:43:59,524 [ERROR] ConditionMgr:805 - Attr not supported : Dmpu
2024-12-03 17:43:59,524 [ERROR] ConditionMgr:805 - Attr not supported : Dmpu
2024-12-03 17:43:59,524 [ERROR] ConditionMgr:805 - Attr not supported : Dmpu
2024-12-03 17:43:59,525 [ERROR] ConditionMgr:805 - Attr not supported : Dmpu
2024-12-03 17:43:59,525 [ERROR] ConditionMgr:805 - Attr not supported : Dmpu
2024-12-03 17:43:59,525 [ERROR] ConditionMgr:805 - Attr not supported : Dmpu
2024-12-03 17:43:59,525 [ERROR] ConditionMgr:805 - Attr not supported : Dmpu
2024-12-03 17:43:59,525 [ERROR] ConditionMgr:805 - Attr not supported : Dmpu
2024-12-03 17:43:59,525 [ERROR] ConditionMgr:805 - Attr not supported : Dmpu
2024-12-03 17:43:59,525 [ERROR] ConditionMgr:805 - Attr not supported : Dmpu
2024-12-03 17:43:59,525 [ERROR] ConditionMgr:805 - Attr not supported : Dmpu
2024-12-03 17:43:59,525 [ERROR] ConditionMgr:805 - Attr not supported : Dmpu
2024-12-03 17:43:59,525 [ERROR] ConditionMgr:805 - Attr not supported : Dmpu
2024-12-03 17:43:59,526 [ERROR] ConditionMgr:805 - Attr not supported : Dmpu
2024-12-03 17:43:59,526 [ERROR] ConditionMgr:805 - Attr not supported : Dmpu
2024-12-03 17:43:59,526 [ERROR] ConditionMgr:805 - Attr not supported : Dmpu
2024-12-03 17:43:59,526 [ERROR] ConditionMgr:805 - Attr not supported : Dmpu
2024-12-03 17:43:59,526 [ERROR] ConditionMgr:805 - Attr not supported : Dmpu
2024-12-03 17:43:59,526 [ERROR] ConditionMgr:805 - Attr not supported : Dmpu
2024-12-03 17:43:59,526 [ERROR] ConditionMgr:805 - Attr not supported : Dmpu
2024-12-03 17:43:59,526 [ERROR] ConditionMgr:805 - Attr not supported : Dmpu
2024-12-03 17:43:59,526 [ERROR] ConditionMgr:805 - Attr not supported : Dmpu
2024-12-03 17:43:59,526 [ERROR] ConditionMgr:805 - Attr not supported : Dmpu
2024-12-03 17:43:59,526 [ERROR] ConditionMgr:805 - Attr not supported : Dmpu
2024-12-03 17:43:59,527 [ERROR] ConditionMgr:805 - Attr not supported : Dmpu
2024-12-03 17:43:59,527 [ERROR] ConditionMgr:805 - Attr not supported : Dmpu
2024-12-03 17:43:59,527 [ERROR] ConditionMgr:805 - Attr not supported : Dmpu
2024-12-03 17:43:59,527 [ERROR] ConditionMgr:805 - Attr not supported : Dmpu
2024-12-03 17:43:59,527 [ERROR] ConditionMgr:805 - Attr not supported : Dmpu
2024-12-03 17:43:59,527 [ERROR] ConditionMgr:805 - Attr not supported : Dmpu
2024-12-03 17:43:59,527 [ERROR] ConditionMgr:805 - Attr not supported : Dmpu
2024-12-03 17:43:59,527 [ERROR] ConditionMgr:805 - Attr not supported : Dmpu
2024-12-03 17:43:59,527 [ERROR] ConditionMgr:805 - Attr not supported : Dmpu
2024-12-03 17:43:59,527 [ERROR] ConditionMgr:805 - Attr not supported : Dmpu
2024-12-03 17:43:59,527 [ERROR] ConditionMgr:805 - Attr not supported : Dmpu
2024-12-03 17:43:59,527 [ERROR] ConditionMgr:805 - Attr not supported : Dmpu
2024-12-03 17:43:59,528 [ERROR] ConditionMgr:805 - Attr not supported : Dmpu
2024-12-03 17:43:59,528 [ERROR] ConditionMgr:805 - Attr not supported : Dmpu
2024-12-03 17:43:59,528 [ERROR] ConditionMgr:805 - Attr not supported : Dmpu
2024-12-03 17:43:59,528 [ERROR] ConditionMgr:805 - Attr not supported : Dmpu
2024-12-03 17:43:59,528 [ERROR] ConditionMgr:805 - Attr not supported : Dmpu
2024-12-03 17:43:59,528 [ERROR] ConditionMgr:805 - Attr not supported : Dmpu
2024-12-03 17:43:59,528 [ERROR] ConditionMgr:805 - Attr not supported : Dmpu
2024-12-03 17:43:59,528 [ERROR] ConditionMgr:805 - Attr not supported : Dmpu
2024-12-03 17:43:59,528 [ERROR] ConditionMgr:805 - Attr not supported : Dmpu
2024-12-03 17:43:59,528 [ERROR] ConditionMgr:805 - Attr not supported : Dmpu
2024-12-03 17:43:59,528 [ERROR] ConditionMgr:805 - Attr not supported : Dmpu
2024-12-03 17:43:59,550 [WARN] PackLoader:240 - Cannot read IP mode file for RealThread.X-CUBE-RT-Thread_Nano.4.1.1
2024-12-03 17:43:59,574 [WARN] PackLoader:240 - Cannot read IP mode file for STMicroelectronics.FP-ATR-SIGFOX1.3.2.0
2024-12-03 17:43:59,598 [WARN] PackLoader:240 - Cannot read IP mode file for wolfSSL.I-CUBE-wolfSSL.5.7.2
2024-12-03 17:43:59,621 [WARN] ConditionMgr:438 - getConditionDescription Invalid condition id : Cortex-A Device cause : null
2024-12-03 17:43:59,659 [WARN] ConditionMgr:1039 - genDependencies : Invalid condition id : Cortex-A Device cause : null
2024-12-03 17:43:59,660 [WARN] ConditionMgr:1039 - genDependencies : Invalid condition id : Cortex-A Device cause : null
2024-12-03 17:43:59,660 [WARN] ConditionMgr:1039 - genDependencies : Invalid condition id : Cortex-A Device cause : null
2024-12-03 17:43:59,689 [WARN] PackLoader:240 - Cannot read IP mode file for STMicroelectronics.X-CUBE-EEPRMA1.5.1.0
2024-12-03 17:43:59,718 [WARN] PackLoader:240 - Cannot read IP mode file for ITTIA_DB.I-CUBE-ITTIADB.8.9.0
2024-12-03 17:43:59,767 [WARN] PackLoader:240 - Cannot read IP mode file for SEGGER.I-CUBE-embOS.1.3.1
2024-12-03 17:43:59,849 [WARN] PackLoader:240 - Cannot read IP mode file for STMicroelectronics.X-CUBE-ALGOBUILD.1.4.0
2024-12-03 17:43:59,871 [WARN] PackLoader:240 - Cannot read IP mode file for STMicroelectronics.X-CUBE-AI.9.1.0
2024-12-03 17:43:59,897 [WARN] PackLoader:240 - Cannot read IP mode file for STMicroelectronics.X-CUBE-GNSS1.6.0.0
2024-12-03 17:43:59,935 [WARN] PackLoader:240 - Cannot read IP mode file for STMicroelectronics.X-CUBE-AZRTOS-F4.1.1.0
2024-12-03 17:43:59,961 [WARN] PackLoader:240 - Cannot read IP mode file for STMicroelectronics.X-CUBE-ISPU.2.1.0
2024-12-03 17:43:59,982 [WARN] PackLoader:240 - Cannot read IP mode file for STMicroelectronics.X-CUBE-FREERTOS.1.2.0
2024-12-03 17:44:00,024 [WARN] PackLoader:240 - Cannot read IP mode file for STMicroelectronics.X-CUBE-AZRTOS-L5.2.0.0
2024-12-03 17:44:00,056 [WARN] PackLoader:240 - Cannot read IP mode file for STMicroelectronics.X-CUBE-NFC6.3.1.0
2024-12-03 17:44:00,083 [WARN] PackLoader:240 - Cannot read IP mode file for STMicroelectronics.X-CUBE-DPower.1.2.0
2024-12-03 17:44:00,105 [WARN] PackLoader:240 - Cannot read IP mode file for STMicroelectronics.X-CUBE-AI.9.0.0
2024-12-03 17:44:00,132 [WARN] PackLoader:240 - Cannot read IP mode file for STMicroelectronics.X-CUBE-NFC7.1.0.1
2024-12-03 17:44:00,180 [WARN] ConditionMgr:438 - getConditionDescription Invalid condition id : LAN8742 Phy interface Condition cause : null
2024-12-03 17:44:00,181 [WARN] PackLoader:240 - Cannot read IP mode file for STMicroelectronics.X-CUBE-AZRTOS-L4.2.0.0
2024-12-03 17:44:00,183 [WARN] ConditionMgr:1039 - genDependencies : Invalid condition id : LAN8742 Phy interface Condition cause : null
2024-12-03 17:44:00,183 [WARN] ConditionMgr:1039 - genDependencies : Invalid condition id : LAN8742 Phy interface Condition cause : null
2024-12-03 17:44:00,184 [WARN] ConditionMgr:1039 - genDependencies : Invalid condition id : LAN8742 Phy interface Condition cause : null
2024-12-03 17:44:00,211 [WARN] PackLoader:240 - Cannot read IP mode file for STMicroelectronics.X-CUBE-SFXS2LP1.4.0.0
2024-12-03 17:44:00,255 [WARN] PackLoader:240 - Cannot read IP mode file for STMicroelectronics.X-CUBE-AZRTOS-H7.3.3.0
2024-12-03 17:44:00,288 [WARN] PackLoader:240 - Cannot read IP mode file for STMicroelectronics.X-CUBE-IPS.3.0.0
2024-12-03 17:44:00,323 [WARN] ConditionMgr:438 - getConditionDescription Invalid condition id : UX DEVICE CLASS RTOS Condition cause : null
2024-12-03 17:44:00,323 [WARN] ConditionMgr:438 - getConditionDescription Invalid condition id : UX DEVICE CLASS RTOS Condition cause : null
2024-12-03 17:44:00,325 [WARN] PackLoader:240 - Cannot read IP mode file for STMicroelectronics.X-CUBE-AZRTOS-WB.2.0.0
2024-12-03 17:44:00,325 [WARN] ConditionMgr:1039 - genDependencies : Invalid condition id : UX DEVICE CLASS RTOS Condition cause : null
2024-12-03 17:44:00,325 [WARN] ConditionMgr:1039 - genDependencies : Invalid condition id : UX DEVICE CLASS RTOS Condition cause : null
2024-12-03 17:44:00,326 [WARN] ConditionMgr:1039 - genDependencies : Invalid condition id : UX DEVICE CLASS RTOS Condition cause : null
2024-12-03 17:44:00,326 [WARN] ConditionMgr:1039 - genDependencies : Invalid condition id : UX DEVICE CLASS RTOS Condition cause : null
2024-12-03 17:44:00,326 [WARN] ConditionMgr:1039 - genDependencies : Invalid condition id : UX DEVICE CLASS RTOS Condition cause : null
2024-12-03 17:44:00,352 [WARN] PackLoader:240 - Cannot read IP mode file for STMicroelectronics.FP-SNS-STBOX1.2.0.0
2024-12-03 17:44:00,383 [WARN] PackLoader:240 - Cannot read IP mode file for STMicroelectronics.X-CUBE-SUBG2.5.0.0
2024-12-03 17:44:00,405 [WARN] PackLoader:240 - Cannot read IP mode file for Cesanta.I-CUBE-Mongoose.7.13.0
2024-12-03 17:44:00,441 [WARN] PackLoader:240 - Cannot read IP mode file for STMicroelectronics.X-CUBE-AZRTOS-G4.2.0.0
2024-12-03 17:44:00,464 [WARN] PackLoader:240 - Cannot read IP mode file for STMicroelectronics.X-CUBE-ISPU.2.0.0
2024-12-03 17:44:00,488 [WARN] PackLoader:240 - Cannot read IP mode file for STMicroelectronics.X-CUBE-ALS.1.0.2
2024-12-03 17:44:00,513 [WARN] PackLoader:240 - Cannot read IP mode file for STMicroelectronics.X-CUBE-TOUCHGFX.4.24.0
2024-12-03 17:44:00,531 [WARN] PackLoader:240 - Cannot read IP mode file for STMicroelectronics.X-CUBE-TOUCHGFX.4.24.1
2024-12-03 17:44:00,554 [WARN] PackLoader:240 - Cannot read IP mode file for wolfSSL.I-CUBE-wolfTPM.3.4.0
2024-12-03 17:44:00,580 [WARN] PackLoader:240 - Cannot read IP mode file for portGmbH.I-Cube-SoM-uGOAL.1.1.0
2024-12-03 17:44:00,629 [WARN] PackLoader:240 - Cannot read IP mode file for STMicroelectronics.X-CUBE-AZRTOS-H7RS.1.0.0
2024-12-03 17:44:00,651 [WARN] PackLoader:240 - Cannot read IP mode file for STMicroelectronics.FP-ATR-ASTRA1.2.0.0
2024-12-03 17:44:00,682 [WARN] PackLoader:240 - Cannot read IP mode file for STMicroelectronics.X-CUBE-TOF1.3.4.2
2024-12-03 17:44:00,741 [WARN] PackLoader:240 - Cannot read IP mode file for Infineon.AIROC-Wi-Fi-Bluetooth-STM32.1.6.1
2024-12-03 17:44:00,765 [WARN] PackLoader:240 - Cannot read IP mode file for wolfSSL.I-CUBE-wolfSSH.1.4.17
2024-12-03 17:44:00,766 [INFO] ThirdParty:978 - Integrity check success = true
2024-12-03 17:44:00,766 [INFO] IntegrityCheckThread:100 - exiting critical section [integrity check]
2024-12-03 17:44:00,766 [INFO] IntegrityCheckThread:103 - End integrity checks thread
2024-12-03 17:44:06,511 [INFO] WebApp:167 - Instantiating new browser for Auth
2024-12-03 17:44:07,675 [INFO] WebApp:448 - Apply proxy settings
2024-12-03 17:44:07,675 [INFO] WebApp:533 - Chromium requires no authentication
2024-12-03 17:44:07,688 [INFO] WebApp:476 - Direct internet connection detected
2024-12-03 17:44:07,726 [INFO] WebApp:869 - Register for checkConnection events
2024-12-03 17:44:07,726 [INFO] WebApp:448 - Apply proxy settings
2024-12-03 17:44:07,726 [INFO] WebApp:533 - Chromium requires no authentication
2024-12-03 17:44:07,727 [INFO] WebApp:476 - Direct internet connection detected
2024-12-03 17:44:08,002 [INFO] WebApp:220 - Starting web application
2024-12-03 17:44:08,002 [INFO] WebApp:578 - Web application path used C:\ST\STM32CubeIDE_1.16.0\STM32CubeIDE\plugins\com.st.stm32cube.common.mx_6.12.0.202406281431\db\plugins\mcufinder\reactClient1\index.html
2024-12-03 17:44:08,015 [INFO] WebApp:186 - Connection restablished
2024-12-03 17:44:08,258 [INFO] UserAuth:417 - Internet connection configuration mode: 1
2024-12-03 19:00:31,992 [INFO] WebApp:189 - Connection lost
2024-12-03 19:00:32,165 [INFO] WebApp:186 - Connection restablished
2024-12-03 19:00:47,530 [INFO] WebApp:189 - Connection lost
2024-12-03 19:00:47,662 [INFO] WebApp:186 - Connection restablished
2024-12-03 19:00:54,585 [INFO] WebApp:189 - Connection lost
2024-12-03 19:00:54,752 [INFO] WebApp:186 - Connection restablished
2024-12-03 19:08:22,912 [ERROR] LogOutputStream:75 - [STDERR_REDIRECT] 
2024-12-03 19:14:14,501 [INFO] Activator:176 - 


2024-12-03 19:14:14,501 [INFO] Activator:177 - !SESSION log4j initialized
2024-12-03 19:14:22,771 [INFO] LogOutputStream:77 - [STDOUT_REDIRECT] 
2024-12-03 19:14:27,427 [INFO] ApplicationProperties:184 - Using Application install path: C:\ST\STM32CubeIDE_1.16.0\STM32CubeIDE\plugins\com.st.stm32cube.common.mx_6.12.0.202406281431
2024-12-03 19:14:27,449 [INFO] DbMcusXml:78 - Set database path to: C:\ST\STM32CubeIDE_1.16.0\STM32CubeIDE\plugins\com.st.stm32cube.common.mx_6.12.0.202406281431\\db\/mcu/
2024-12-03 19:14:27,450 [INFO] ApiDb:274 - Set plugin database path to: C:\ST\STM32CubeIDE_1.16.0\STM32CubeIDE\plugins\com.st.stm32cube.common.mx_6.12.0.202406281431\\db\/plugins/boardmanager/
2024-12-03 19:14:27,450 [WARN] ApiDb:259 - Overriding images path with different value:  => C:\ST\STM32CubeIDE_1.16.0\STM32CubeIDE\plugins\com.st.stm32cube.common.mx_6.12.0.202406281431\\db\/plugins/mcufinder/images/
2024-12-03 19:14:27,457 [INFO] ApiDb:250 - Set database path to: C:\Users\ijk95\.stmcufinder\plugins\mcufinder//mcu/
2024-12-03 19:14:27,458 [INFO] DbMcusAds:125 - Set database path to: C:\Users\ijk95\.stmcufinder\plugins\mcufinder//mcu/
2024-12-03 19:14:27,459 [INFO] CrossReferenceDbSqlite:203 - Set database path to: C:\Users\ijk95\.stmcufinder\plugins\mcufinder//mcu/cs/
2024-12-03 19:14:27,671 [INFO] RulesReader:64 - Compatibility file has been processed (297 Rules)
2024-12-03 19:14:27,813 [INFO] DbMcusXml:78 - Set database path to: C:\ST\STM32CubeIDE_1.16.0\STM32CubeIDE\plugins\com.st.stm32cube.common.mx_6.12.0.202406281431\\db\/mcu/
2024-12-03 19:14:27,813 [INFO] ApiDb:274 - Set plugin database path to: C:\ST\STM32CubeIDE_1.16.0\STM32CubeIDE\plugins\com.st.stm32cube.common.mx_6.12.0.202406281431\\db\/plugins/boardmanager/
2024-12-03 19:14:27,813 [INFO] ApiDb:261 - Set plugin images path to: C:\ST\STM32CubeIDE_1.16.0\STM32CubeIDE\plugins\com.st.stm32cube.common.mx_6.12.0.202406281431\\db\/plugins/mcufinder/images/
2024-12-03 19:14:27,813 [WARN] DbFile:41 - Overriding database path with different value: C:\Users\ijk95\.stmcufinder\plugins\mcufinder/ => C:\Users\ijk95\.stmcufinder\plugins\mcufinder
2024-12-03 19:14:27,814 [INFO] ApiDb:250 - Set database path to: C:\Users\ijk95\.stmcufinder\plugins\mcufinder//mcu/
2024-12-03 19:14:27,814 [WARN] DbFile:41 - Overriding database path with different value: C:\Users\ijk95\.stmcufinder\plugins\mcufinder/ => C:\Users\ijk95\.stmcufinder\plugins\mcufinder
2024-12-03 19:14:27,814 [INFO] DbMcusAds:125 - Set database path to: C:\Users\ijk95\.stmcufinder\plugins\mcufinder//mcu/
2024-12-03 19:14:27,814 [WARN] DbFile:41 - Overriding database path with different value: C:\Users\ijk95\.stmcufinder\plugins\mcufinder/ => C:\Users\ijk95\.stmcufinder\plugins\mcufinder
2024-12-03 19:14:27,814 [WARN] DbFile:41 - Overriding database path with different value: C:\Users\ijk95\.stmcufinder\plugins\mcufinder/ => C:\Users\ijk95\.stmcufinder\plugins\mcufinder
2024-12-03 19:14:27,814 [INFO] CrossReferenceDbSqlite:203 - Set database path to: C:\Users\ijk95\.stmcufinder\plugins\mcufinder//mcu/cs/
2024-12-03 19:14:27,965 [INFO] MainPanel:268 - HeapMemory: 268435456
2024-12-03 19:14:28,127 [INFO] DbMcusXml:78 - Set database path to: C:\ST\STM32CubeIDE_1.16.0\STM32CubeIDE\plugins\com.st.stm32cube.common.mx_6.12.0.202406281431\\db\/mcu/
2024-12-03 19:14:28,127 [INFO] ApiDb:274 - Set plugin database path to: C:\ST\STM32CubeIDE_1.16.0\STM32CubeIDE\plugins\com.st.stm32cube.common.mx_6.12.0.202406281431\\db\/plugins/boardmanager/
2024-12-03 19:14:28,127 [INFO] ApiDb:261 - Set plugin images path to: C:\ST\STM32CubeIDE_1.16.0\STM32CubeIDE\plugins\com.st.stm32cube.common.mx_6.12.0.202406281431\\db\/plugins/mcufinder/images/
2024-12-03 19:14:28,128 [WARN] DbFile:41 - Overriding database path with different value: C:\Users\ijk95\.stmcufinder\plugins\mcufinder/ => C:\Users\ijk95\.stmcufinder\plugins\mcufinder
2024-12-03 19:14:28,128 [INFO] ApiDb:250 - Set database path to: C:\Users\ijk95\.stmcufinder\plugins\mcufinder//mcu/
2024-12-03 19:14:28,128 [WARN] DbFile:41 - Overriding database path with different value: C:\Users\ijk95\.stmcufinder\plugins\mcufinder/ => C:\Users\ijk95\.stmcufinder\plugins\mcufinder
2024-12-03 19:14:28,128 [INFO] DbMcusAds:125 - Set database path to: C:\Users\ijk95\.stmcufinder\plugins\mcufinder//mcu/
2024-12-03 19:14:28,128 [WARN] DbFile:41 - Overriding database path with different value: C:\Users\ijk95\.stmcufinder\plugins\mcufinder/ => C:\Users\ijk95\.stmcufinder\plugins\mcufinder
2024-12-03 19:14:28,128 [WARN] DbFile:41 - Overriding database path with different value: C:\Users\ijk95\.stmcufinder\plugins\mcufinder/ => C:\Users\ijk95\.stmcufinder\plugins\mcufinder
2024-12-03 19:14:28,128 [INFO] CrossReferenceDbSqlite:203 - Set database path to: C:\Users\ijk95\.stmcufinder\plugins\mcufinder//mcu/cs/
2024-12-03 19:14:28,169 [INFO] ApplicationProperties:184 - Using Application install path: C:\ST\STM32CubeIDE_1.16.0\STM32CubeIDE\plugins\com.st.stm32cube.common.mx_6.12.0.202406281431
2024-12-03 19:14:28,171 [INFO] PluginManage:196 - Search for loadable plugins [exclusion list=, ]
2024-12-03 19:14:28,172 [INFO] PluginManage:310 - Check plugin analytics
2024-12-03 19:14:28,455 [INFO] AnalyticsPlugin:253 - Accepted Software Licenses: 
2024-12-03 19:14:28,456 [INFO] AnalyticsPlugin:255 - Accepted CMSIS Pack Licenses: 
2024-12-03 19:14:28,456 [INFO] AnalyticsPlugin:257 - Accepted Firmware Licenses: FW.G0.1.6.0
2024-12-03 19:14:28,460 [INFO] PluginManage:359 - Loaded plugin analytics (category:tool,tabindex:-1)
2024-12-03 19:14:28,460 [INFO] PluginManage:310 - Check plugin cadmodel
2024-12-03 19:14:28,466 [INFO] CADModel:105 - Init CAD model plugin
2024-12-03 19:14:28,467 [INFO] PluginManage:359 - Loaded plugin cadmodel (category:power,tabindex:5)
2024-12-03 19:14:28,467 [INFO] PluginManage:310 - Check plugin clock
2024-12-03 19:14:28,479 [INFO] PluginManage:359 - Loaded plugin clock (category:base,tabindex:2)
2024-12-03 19:14:28,479 [INFO] PluginManage:310 - Check plugin ddr
2024-12-03 19:14:28,487 [INFO] PluginManage:359 - Loaded plugin ddr (category:tool,tabindex:6)
2024-12-03 19:14:28,487 [INFO] PluginManage:310 - Check plugin filemanager
2024-12-03 19:14:28,777 [INFO] PluginManage:359 - Loaded plugin filemanager (category:base,tabindex:10)
2024-12-03 19:14:28,778 [INFO] PluginManage:310 - Check plugin ipmanager
2024-12-03 19:14:28,792 [INFO] PluginManage:359 - Loaded plugin ipmanager (category:base,tabindex:5)
2024-12-03 19:14:28,792 [INFO] PluginManage:310 - Check plugin lpbam
2024-12-03 19:14:28,805 [INFO] PluginManage:359 - Loaded plugin lpbam (category:base,tabindex:0)
2024-12-03 19:14:28,805 [INFO] PluginManage:310 - Check plugin memorymap
2024-12-03 19:14:28,820 [INFO] PluginManage:359 - Loaded plugin memorymap (category:base,tabindex:4)
2024-12-03 19:14:28,820 [INFO] PluginManage:310 - Check plugin pinoutandconfiguration
2024-12-03 19:14:28,830 [INFO] PluginManage:359 - Loaded plugin pinoutandconfiguration (category:base,tabindex:1)
2024-12-03 19:14:28,830 [INFO] PluginManage:310 - Check plugin pinoutconfig
2024-12-03 19:14:28,942 [WARN] SupportedApi:132 - Cannot load RTOS API schema: s4s-elt-must-match.1: The content of 'definitions' must match (annotation?, (simpleType | complexType)?, (unique | key | keyref)*)). A problem was found starting at: attribute.
2024-12-03 19:14:29,128 [INFO] PluginManage:359 - Loaded plugin pinoutconfig (category:base,tabindex:0)
2024-12-03 19:14:29,128 [INFO] PluginManage:310 - Check plugin power
2024-12-03 19:14:29,143 [INFO] PluginManage:359 - Loaded plugin power (category:power,tabindex:4)
2024-12-03 19:14:29,143 [INFO] PluginManage:310 - Check plugin projectmanager
2024-12-03 19:14:29,177 [INFO] PluginManage:359 - Loaded plugin projectmanager (category:projectmanager,tabindex:4)
2024-12-03 19:14:29,177 [INFO] PluginManage:310 - Check plugin rif
2024-12-03 19:14:29,189 [INFO] PluginManage:359 - Loaded plugin rif (category:base,tabindex:3)
2024-12-03 19:14:29,189 [INFO] PluginManage:310 - Check plugin thirdparty
2024-12-03 19:14:29,354 [INFO] PluginManage:359 - Loaded plugin thirdparty (category:base,tabindex:-1)
2024-12-03 19:14:29,354 [INFO] PluginManage:310 - Check plugin tools
2024-12-03 19:14:29,354 [WARN] IntegrityCheckThread:84 - waiting for thirdparty lock release [integrity check]
2024-12-03 19:14:29,354 [INFO] IntegrityCheckThread:86 - entering critical section [integrity check]
2024-12-03 19:14:29,355 [INFO] ThirdPartyUpdaterWithRetryManager:70 - Updater plugin not ready yet. [1/15]
2024-12-03 19:14:29,357 [INFO] PluginManage:359 - Loaded plugin tools (category:base,tabindex:7)
2024-12-03 19:14:29,358 [INFO] PluginManage:310 - Check plugin tutovideos
2024-12-03 19:14:29,645 [INFO] PluginManage:359 - Loaded plugin tutovideos (category:base,tabindex:-1)
2024-12-03 19:14:29,645 [INFO] PluginManage:310 - Check plugin updater
2024-12-03 19:14:29,666 [INFO] PluginManage:359 - Loaded plugin updater (category:base,tabindex:12)
2024-12-03 19:14:29,667 [INFO] PluginManage:310 - Check plugin userauth
2024-12-03 19:14:29,674 [INFO] UserAuth:113 - Init User Auth plugin
2024-12-03 19:14:29,674 [INFO] PluginManage:359 - Loaded plugin userauth (category:base,tabindex:14)
2024-12-03 19:14:29,674 [INFO] PluginManage:283 - PluginManage : Loaded plugins [18]
2024-12-03 19:14:30,001 [INFO] PinOutPanel:1561 - setPackage(No Configuration,No Configuration)
2024-12-03 19:14:30,156 [INFO] CADModel:165 - CPN selected for project level
2024-12-03 19:14:30,157 [INFO] CADModel:114 - Register for checkConnection events
2024-12-03 19:14:30,180 [INFO] IPUIPlugin:80 - create IPUIPlugin
2024-12-03 19:14:30,180 [INFO] PluginManager:220 - loadIPPluginJar : add adc
2024-12-03 19:14:30,183 [INFO] IPUIPlugin:80 - create IPUIPlugin
2024-12-03 19:14:30,183 [INFO] PluginManager:220 - loadIPPluginJar : add aes
2024-12-03 19:14:30,187 [INFO] IPUIPlugin:80 - create IPUIPlugin
2024-12-03 19:14:30,187 [INFO] PluginManager:220 - loadIPPluginJar : add can
2024-12-03 19:14:30,189 [INFO] IPUIPlugin:80 - create IPUIPlugin
2024-12-03 19:14:30,189 [INFO] PluginManager:220 - loadIPPluginJar : add comp
2024-12-03 19:14:30,192 [INFO] IPUIPlugin:80 - create IPUIPlugin
2024-12-03 19:14:30,192 [INFO] PluginManager:220 - loadIPPluginJar : add cryp
2024-12-03 19:14:30,196 [INFO] IPUIPlugin:80 - create IPUIPlugin
2024-12-03 19:14:30,196 [INFO] PluginManager:220 - loadIPPluginJar : add ddr_ctrl_phy
2024-12-03 19:14:30,199 [INFO] IPUIPlugin:80 - create IPUIPlugin
2024-12-03 19:14:30,199 [INFO] PluginManager:220 - loadIPPluginJar : add dfsdm
2024-12-03 19:14:30,205 [INFO] IPUIPlugin:80 - create IPUIPlugin
2024-12-03 19:14:30,206 [INFO] PluginManager:220 - loadIPPluginJar : add dma
2024-12-03 19:14:30,209 [INFO] IPUIPlugin:80 - create IPUIPlugin
2024-12-03 19:14:30,209 [INFO] PluginManager:220 - loadIPPluginJar : add dma3
2024-12-03 19:14:30,212 [INFO] IPUIPlugin:80 - create IPUIPlugin
2024-12-03 19:14:30,212 [INFO] PluginManager:220 - loadIPPluginJar : add extmemmanager
2024-12-03 19:14:30,214 [INFO] IPUIPlugin:80 - create IPUIPlugin
2024-12-03 19:14:30,214 [INFO] PluginManager:220 - loadIPPluginJar : add fatfs
2024-12-03 19:14:30,219 [INFO] IPUIPlugin:80 - create IPUIPlugin
2024-12-03 19:14:30,219 [INFO] PluginManager:220 - loadIPPluginJar : add fmc
2024-12-03 19:14:30,225 [INFO] IPUIPlugin:80 - create IPUIPlugin
2024-12-03 19:14:30,226 [INFO] PluginManager:220 - loadIPPluginJar : add freertos
2024-12-03 19:14:30,227 [INFO] IPUIPlugin:80 - create IPUIPlugin
2024-12-03 19:14:30,227 [INFO] PluginManager:220 - loadIPPluginJar : add genericplugin
2024-12-03 19:14:30,230 [INFO] IPUIPlugin:80 - create IPUIPlugin
2024-12-03 19:14:30,230 [INFO] PluginManager:220 - loadIPPluginJar : add gfxmmu
2024-12-03 19:14:30,235 [INFO] IPUIPlugin:80 - create IPUIPlugin
2024-12-03 19:14:30,235 [INFO] PluginManager:220 - loadIPPluginJar : add gic
2024-12-03 19:14:30,240 [INFO] IPUIPlugin:80 - create IPUIPlugin
2024-12-03 19:14:30,241 [INFO] PluginManager:220 - loadIPPluginJar : add gpio
2024-12-03 19:14:30,244 [INFO] IPUIPlugin:80 - create IPUIPlugin
2024-12-03 19:14:30,244 [INFO] PluginManager:220 - loadIPPluginJar : add gtzc
2024-12-03 19:14:30,247 [INFO] IPUIPlugin:80 - create IPUIPlugin
2024-12-03 19:14:30,247 [INFO] PluginManager:220 - loadIPPluginJar : add hash
2024-12-03 19:14:30,250 [INFO] IPUIPlugin:80 - create IPUIPlugin
2024-12-03 19:14:30,250 [INFO] PluginManager:220 - loadIPPluginJar : add i2c
2024-12-03 19:14:30,253 [INFO] IPUIPlugin:80 - create IPUIPlugin
2024-12-03 19:14:30,253 [INFO] PluginManager:220 - loadIPPluginJar : add i2s
2024-12-03 19:14:30,256 [INFO] IPUIPlugin:80 - create IPUIPlugin
2024-12-03 19:14:30,257 [INFO] PluginManager:220 - loadIPPluginJar : add i3c
2024-12-03 19:14:30,260 [INFO] IPUIPlugin:80 - create IPUIPlugin
2024-12-03 19:14:30,260 [INFO] PluginManager:220 - loadIPPluginJar : add ipddr
2024-12-03 19:14:30,268 [INFO] IPUIPlugin:80 - create IPUIPlugin
2024-12-03 19:14:30,268 [INFO] PluginManager:220 - loadIPPluginJar : add linkedlist
2024-12-03 19:14:30,272 [INFO] IPUIPlugin:80 - create IPUIPlugin
2024-12-03 19:14:30,272 [INFO] PluginManager:220 - loadIPPluginJar : add lorawan
2024-12-03 19:14:30,273 [INFO] IPUIPlugin:80 - create IPUIPlugin
2024-12-03 19:14:30,273 [INFO] PluginManager:220 - loadIPPluginJar : add ltdc
2024-12-03 19:14:30,279 [INFO] IPUIPlugin:80 - create IPUIPlugin
2024-12-03 19:14:30,280 [INFO] PluginManager:220 - loadIPPluginJar : add mdma
2024-12-03 19:14:30,283 [INFO] IPUIPlugin:80 - create IPUIPlugin
2024-12-03 19:14:30,283 [INFO] PluginManager:220 - loadIPPluginJar : add nvic
2024-12-03 19:14:30,286 [INFO] IPUIPlugin:80 - create IPUIPlugin
2024-12-03 19:14:30,286 [INFO] PluginManager:220 - loadIPPluginJar : add opamp
2024-12-03 19:14:30,290 [INFO] IPUIPlugin:80 - create IPUIPlugin
2024-12-03 19:14:30,291 [INFO] PluginManager:220 - loadIPPluginJar : add openamp
2024-12-03 19:14:30,294 [INFO] IPUIPlugin:80 - create IPUIPlugin
2024-12-03 19:14:30,294 [INFO] PluginManager:220 - loadIPPluginJar : add pdm2pcm
2024-12-03 19:14:30,301 [INFO] IPUIPlugin:80 - create IPUIPlugin
2024-12-03 19:14:30,304 [INFO] PluginManager:220 - loadIPPluginJar : add plateformsettings
2024-12-03 19:14:30,306 [INFO] IPUIPlugin:80 - create IPUIPlugin
2024-12-03 19:14:30,306 [INFO] PluginManager:220 - loadIPPluginJar : add quadspi
2024-12-03 19:14:30,308 [INFO] IPUIPlugin:80 - create IPUIPlugin
2024-12-03 19:14:30,309 [INFO] PluginManager:220 - loadIPPluginJar : add radio
2024-12-03 19:14:30,312 [INFO] IPUIPlugin:80 - create IPUIPlugin
2024-12-03 19:14:30,312 [INFO] PluginManager:220 - loadIPPluginJar : add resmgrutility
2024-12-03 19:14:30,315 [INFO] IPUIPlugin:80 - create IPUIPlugin
2024-12-03 19:14:30,316 [INFO] PluginManager:220 - loadIPPluginJar : add sai
2024-12-03 19:14:30,318 [INFO] IPUIPlugin:80 - create IPUIPlugin
2024-12-03 19:14:30,318 [INFO] PluginManager:220 - loadIPPluginJar : add spi
2024-12-03 19:14:30,341 [INFO] IPUIPlugin:80 - create IPUIPlugin
2024-12-03 19:14:30,341 [INFO] PluginManager:220 - loadIPPluginJar : add stm32_wpan
2024-12-03 19:14:30,343 [INFO] IPUIPlugin:80 - create IPUIPlugin
2024-12-03 19:14:30,343 [INFO] PluginManager:220 - loadIPPluginJar : add tim
2024-12-03 19:14:30,348 [INFO] IPUIPlugin:80 - create IPUIPlugin
2024-12-03 19:14:30,348 [INFO] PluginManager:220 - loadIPPluginJar : add touchsensing
2024-12-03 19:14:30,350 [INFO] IPUIPlugin:80 - create IPUIPlugin
2024-12-03 19:14:30,350 [INFO] PluginManager:220 - loadIPPluginJar : add tracer_emb
2024-12-03 19:14:30,353 [INFO] IPUIPlugin:80 - create IPUIPlugin
2024-12-03 19:14:30,353 [INFO] PluginManager:220 - loadIPPluginJar : add ts
2024-12-03 19:14:30,355 [INFO] IPUIPlugin:80 - create IPUIPlugin
2024-12-03 19:14:30,356 [INFO] PluginManager:220 - loadIPPluginJar : add tsc
2024-12-03 19:14:30,358 [INFO] IPUIPlugin:80 - create IPUIPlugin
2024-12-03 19:14:30,358 [INFO] PluginManager:220 - loadIPPluginJar : add ucpd
2024-12-03 19:14:30,362 [INFO] IPUIPlugin:80 - create IPUIPlugin
2024-12-03 19:14:30,362 [INFO] PluginManager:220 - loadIPPluginJar : add usart
2024-12-03 19:14:30,365 [INFO] IPUIPlugin:80 - create IPUIPlugin
2024-12-03 19:14:30,366 [INFO] PluginManager:220 - loadIPPluginJar : add usbx
2024-12-03 19:14:30,523 [INFO] CADModel:165 - CPN selected for project level
2024-12-03 19:14:30,523 [INFO] CADModel:114 - Register for checkConnection events
2024-12-03 19:14:30,523 [FATAL] Updater:334 - Updater called before beeing initialized
2024-12-03 19:14:30,524 [ERROR] CADModel:125 - Updater not yet initialized, retry later 
2024-12-03 19:14:30,733 [INFO] CADModel:165 - CPN selected for project level
2024-12-03 19:14:30,734 [INFO] CADModel:114 - Register for checkConnection events
2024-12-03 19:14:30,734 [FATAL] Updater:334 - Updater called before beeing initialized
2024-12-03 19:14:30,734 [ERROR] CADModel:125 - Updater not yet initialized, retry later 
2024-12-03 19:14:30,739 [FATAL] Updater:334 - Updater called before beeing initialized
2024-12-03 19:14:30,903 [FATAL] Updater:334 - Updater called before beeing initialized
2024-12-03 19:14:30,908 [INFO] DbMcusAds:53 - JSON generation date=Fri Sep 20 09:04:38 EDT 2024 (1726837478367)
2024-12-03 19:14:30,908 [FATAL] Updater:334 - Updater called before beeing initialized
2024-12-03 19:14:30,957 [WARN] DetailPanel:346 - Failed to get advertising image, set to default
2024-12-03 19:14:31,155 [FATAL] Updater:334 - Updater called before beeing initialized
2024-12-03 19:14:31,158 [FATAL] Updater:334 - Updater called before beeing initialized
2024-12-03 19:14:31,158 [FATAL] Updater:334 - Updater called before beeing initialized
2024-12-03 19:14:31,158 [WARN] DetailPanel:346 - Failed to get advertising image, set to default
2024-12-03 19:14:31,159 [FATAL] Updater:334 - Updater called before beeing initialized
2024-12-03 19:14:31,229 [ERROR] Updater:1164 - MainUpdater not yet initialized. External WinMGr cannot be set.
2024-12-03 19:14:31,232 [INFO] Updater:1100 - Updater Version found : 6.12.0
2024-12-03 19:14:31,254 [INFO] ApplicationProperties:184 - Using Application install path: C:\ST\STM32CubeIDE_1.16.0\STM32CubeIDE\plugins\com.st.stm32cube.common.mx_6.12.0.202406281431
2024-12-03 19:14:32,356 [INFO] ThirdPartyUpdaterWithRetryManager:70 - Updater plugin not ready yet. [2/15]
2024-12-03 19:14:32,839 [ERROR] LogOutputStream:75 - [STDERR_REDIRECT] Dec 03, 2024 7:14:32 PM java.util.prefs.WindowsPreferences <init>
2024-12-03 19:14:32,843 [ERROR] LogOutputStream:75 - [STDERR_REDIRECT] WARNING: Could not open/create prefs root node Software\JavaSoft\Prefs at root 0xffffffff80000002. Windows RegCreateKeyEx(...) returned error code 5.
2024-12-03 19:14:32,843 [ERROR] LogOutputStream:75 - [STDERR_REDIRECT] 
2024-12-03 19:14:33,237 [INFO] MainUpdater:2873 - connection check result : 10
2024-12-03 19:14:33,238 [INFO] MainUpdater:290 - Updater Check For Update Now.
2024-12-03 19:14:33,239 [INFO] MicroXplorer:498 - Change Database Version : DB.6.0.120
2024-12-03 19:14:33,248 [INFO] McuFinderGlobals:63 - Set McuFinder mode to 2 (CubeIDE integrated)
2024-12-03 19:14:33,250 [INFO] UserAuth:417 - Internet connection configuration mode: 1
2024-12-03 19:14:33,280 [INFO] JxBrowserEngine:152 - Initiate JxBrowser Engine with user profile folder
2024-12-03 19:14:33,464 [INFO] CheckServerUpdateThread:120 - End of CheckServer Thread
2024-12-03 19:14:34,286 [INFO] WebApp:167 - Instantiating new browser for Auth
2024-12-03 19:14:35,746 [INFO] WebApp:448 - Apply proxy settings
2024-12-03 19:14:35,747 [INFO] WebApp:533 - Chromium requires no authentication
2024-12-03 19:14:35,767 [INFO] WebApp:476 - Direct internet connection detected
2024-12-03 19:14:35,806 [INFO] WebApp:869 - Register for checkConnection events
2024-12-03 19:14:35,806 [INFO] WebApp:448 - Apply proxy settings
2024-12-03 19:14:35,806 [INFO] WebApp:533 - Chromium requires no authentication
2024-12-03 19:14:35,807 [INFO] WebApp:476 - Direct internet connection detected
2024-12-03 19:14:35,877 [WARN] PackLoader:240 - Cannot read IP mode file for STMicroelectronics.FP-SNS-MOTENVWB1.1.4.0
2024-12-03 19:14:35,892 [WARN] PackLoader:240 - Cannot read IP mode file for STMicroelectronics.FP-ATR-ASTRA1.2.0.1
2024-12-03 19:14:35,920 [WARN] PackLoader:240 - Cannot read IP mode file for STMicroelectronics.X-CUBE-SMBUS.2.1.0
2024-12-03 19:14:35,936 [WARN] PackLoader:240 - Cannot read IP mode file for STMicroelectronics.X-CUBE-WB05N.1.1.0
2024-12-03 19:14:35,991 [WARN] PackLoader:240 - Cannot read IP mode file for STMicroelectronics.X-CUBE-AZRTOS-F7.1.1.0
2024-12-03 19:14:36,108 [INFO] WebApp:186 - Connection restablished
2024-12-03 19:14:36,116 [WARN] PackLoader:240 - Cannot read IP mode file for STMicroelectronics.X-CUBE-MEMS1.11.0.0
2024-12-03 19:14:36,406 [WARN] PackLoader:240 - Cannot read IP mode file for STMicroelectronics.FP-SNS-FLIGHT1.5.0.2
2024-12-03 19:14:36,406 [INFO] WebApp:220 - Starting web application
2024-12-03 19:14:36,409 [INFO] WebApp:578 - Web application path used C:\ST\STM32CubeIDE_1.16.0\STM32CubeIDE\plugins\com.st.stm32cube.common.mx_6.12.0.202406281431\db\plugins\mcufinder\reactClient1\index.html
2024-12-03 19:14:36,421 [WARN] PackLoader:240 - Cannot read IP mode file for STMicroelectronics.X-CUBE-DISPLAY.3.0.0
2024-12-03 19:14:36,456 [WARN] PackLoader:240 - Cannot read IP mode file for STMicroelectronics.X-CUBE-BLE1.7.0.0
2024-12-03 19:14:36,481 [WARN] PackLoader:240 - Cannot read IP mode file for STMicroelectronics.X-CUBE-NFC10.1.0.0
2024-12-03 19:14:36,503 [WARN] PackLoader:240 - Cannot read IP mode file for emotas.I-CUBE-CANOPEN.1.3.0
2024-12-03 19:14:36,527 [WARN] PackLoader:240 - Cannot read IP mode file for STMicroelectronics.X-CUBE-BLEMGR.3.1.0
2024-12-03 19:14:36,546 [WARN] PackLoader:240 - Cannot read IP mode file for STMicroelectronics.FP-SNS-SMARTAG2.1.2.0
2024-12-03 19:14:36,570 [INFO] LogOutputStream:77 - [STDOUT_REDIRECT] 1 : Invalid condition id : UX_CORESTACK_Condition cause : null
2024-12-03 19:14:36,573 [INFO] LogOutputStream:77 - [STDOUT_REDIRECT] 1 : Invalid condition id : UX_CORESTACK_Condition cause : null
2024-12-03 19:14:36,581 [INFO] LogOutputStream:77 - [STDOUT_REDIRECT] 1 : Invalid condition id : UX_CORESTACK_Condition cause : null
2024-12-03 19:14:36,585 [INFO] LogOutputStream:77 - [STDOUT_REDIRECT] 1 : Invalid condition id : UX_CORESTACK_Condition cause : null
2024-12-03 19:14:36,588 [INFO] LogOutputStream:77 - [STDOUT_REDIRECT] 1 : Invalid condition id : UX_CORESTACK_Condition cause : null
2024-12-03 19:14:36,600 [WARN] PackLoader:240 - Cannot read IP mode file for STMicroelectronics.X-CUBE-AZRTOS-WL.2.0.0
2024-12-03 19:14:36,616 [WARN] PackLoader:240 - Cannot read IP mode file for STMicroelectronics.FP-SNS-MOTENV1.5.0.0
2024-12-03 19:14:36,628 [WARN] PackLoader:240 - Cannot read IP mode file for wolfSSL.I-CUBE-wolfMQTT.1.19.0
2024-12-03 19:14:36,651 [WARN] PackLoader:240 - Cannot read IP mode file for WES.I-CUBE-Cesium.1.3.0
2024-12-03 19:14:36,660 [WARN] PackLoader:240 - Cannot read IP mode file for STMicroelectronics.X-CUBE-BLE2.3.3.0
2024-12-03 19:14:36,673 [WARN] PackLoader:240 - Cannot read IP mode file for STMicroelectronics.X-CUBE-NFC9.1.0.0
2024-12-03 19:14:36,689 [WARN] PackLoader:240 - Cannot read IP mode file for STMicroelectronics.X-CUBE-TCPP.4.1.0
2024-12-03 19:14:36,712 [WARN] PackLoader:240 - Cannot read IP mode file for STMicroelectronics.X-CUBE-AZRTOS-G0.1.1.0
2024-12-03 19:14:36,726 [INFO] UserAuth:417 - Internet connection configuration mode: 1
2024-12-03 19:14:36,737 [WARN] PackLoader:240 - Cannot read IP mode file for STMicroelectronics.X-CUBE-SAFEA1.1.2.2
2024-12-03 19:14:36,750 [WARN] PackLoader:240 - Cannot read IP mode file for STMicroelectronics.X-CUBE-NFC4.3.0.0
2024-12-03 19:14:36,770 [WARN] PackLoader:240 - Cannot read IP mode file for EmbeddedOffice.I-CUBE-FS-RTOS.1.0.1
2024-12-03 19:14:36,770 [ERROR] ConditionMgr:805 - Attr not supported : Dmpu
2024-12-03 19:14:36,770 [ERROR] ConditionMgr:805 - Attr not supported : Dmpu
2024-12-03 19:14:36,771 [ERROR] ConditionMgr:805 - Attr not supported : Dmpu
2024-12-03 19:14:36,771 [ERROR] ConditionMgr:805 - Attr not supported : Dmpu
2024-12-03 19:14:36,771 [ERROR] ConditionMgr:805 - Attr not supported : Dmpu
2024-12-03 19:14:36,771 [ERROR] ConditionMgr:805 - Attr not supported : Dmpu
2024-12-03 19:14:36,771 [ERROR] ConditionMgr:805 - Attr not supported : Dmpu
2024-12-03 19:14:36,771 [ERROR] ConditionMgr:805 - Attr not supported : Dmpu
2024-12-03 19:14:36,772 [ERROR] ConditionMgr:805 - Attr not supported : Dmpu
2024-12-03 19:14:36,772 [ERROR] ConditionMgr:805 - Attr not supported : Dmpu
2024-12-03 19:14:36,772 [ERROR] ConditionMgr:805 - Attr not supported : Dmpu
2024-12-03 19:14:36,772 [ERROR] ConditionMgr:805 - Attr not supported : Dmpu
2024-12-03 19:14:36,772 [ERROR] ConditionMgr:805 - Attr not supported : Dmpu
2024-12-03 19:14:36,773 [ERROR] ConditionMgr:805 - Attr not supported : Dmpu
2024-12-03 19:14:36,773 [ERROR] ConditionMgr:805 - Attr not supported : Dmpu
2024-12-03 19:14:36,773 [ERROR] ConditionMgr:805 - Attr not supported : Dmpu
2024-12-03 19:14:36,773 [ERROR] ConditionMgr:805 - Attr not supported : Dmpu
2024-12-03 19:14:36,773 [ERROR] ConditionMgr:805 - Attr not supported : Dmpu
2024-12-03 19:14:36,773 [ERROR] ConditionMgr:805 - Attr not supported : Dmpu
2024-12-03 19:14:36,774 [ERROR] ConditionMgr:805 - Attr not supported : Dmpu
2024-12-03 19:14:36,774 [ERROR] ConditionMgr:805 - Attr not supported : Dmpu
2024-12-03 19:14:36,774 [ERROR] ConditionMgr:805 - Attr not supported : Dmpu
2024-12-03 19:14:36,774 [ERROR] ConditionMgr:805 - Attr not supported : Dmpu
2024-12-03 19:14:36,774 [ERROR] ConditionMgr:805 - Attr not supported : Dmpu
2024-12-03 19:14:36,774 [ERROR] ConditionMgr:805 - Attr not supported : Dmpu
2024-12-03 19:14:36,775 [ERROR] ConditionMgr:805 - Attr not supported : Dmpu
2024-12-03 19:14:36,775 [ERROR] ConditionMgr:805 - Attr not supported : Dmpu
2024-12-03 19:14:36,775 [ERROR] ConditionMgr:805 - Attr not supported : Dmpu
2024-12-03 19:14:36,775 [ERROR] ConditionMgr:805 - Attr not supported : Dmpu
2024-12-03 19:14:36,775 [ERROR] ConditionMgr:805 - Attr not supported : Dmpu
2024-12-03 19:14:36,775 [ERROR] ConditionMgr:805 - Attr not supported : Dmpu
2024-12-03 19:14:36,775 [ERROR] ConditionMgr:805 - Attr not supported : Dmpu
2024-12-03 19:14:36,775 [ERROR] ConditionMgr:805 - Attr not supported : Dmpu
2024-12-03 19:14:36,776 [ERROR] ConditionMgr:805 - Attr not supported : Dmpu
2024-12-03 19:14:36,776 [ERROR] ConditionMgr:805 - Attr not supported : Dmpu
2024-12-03 19:14:36,776 [ERROR] ConditionMgr:805 - Attr not supported : Dmpu
2024-12-03 19:14:36,776 [ERROR] ConditionMgr:805 - Attr not supported : Dmpu
2024-12-03 19:14:36,777 [ERROR] ConditionMgr:805 - Attr not supported : Dmpu
2024-12-03 19:14:36,777 [ERROR] ConditionMgr:805 - Attr not supported : Dmpu
2024-12-03 19:14:36,777 [ERROR] ConditionMgr:805 - Attr not supported : Dmpu
2024-12-03 19:14:36,777 [ERROR] ConditionMgr:805 - Attr not supported : Dmpu
2024-12-03 19:14:36,778 [ERROR] ConditionMgr:805 - Attr not supported : Dmpu
2024-12-03 19:14:36,778 [ERROR] ConditionMgr:805 - Attr not supported : Dmpu
2024-12-03 19:14:36,778 [ERROR] ConditionMgr:805 - Attr not supported : Dmpu
2024-12-03 19:14:36,778 [ERROR] ConditionMgr:805 - Attr not supported : Dmpu
2024-12-03 19:14:36,778 [ERROR] ConditionMgr:805 - Attr not supported : Dmpu
2024-12-03 19:14:36,779 [ERROR] ConditionMgr:805 - Attr not supported : Dmpu
2024-12-03 19:14:36,779 [ERROR] ConditionMgr:805 - Attr not supported : Dmpu
2024-12-03 19:14:36,779 [ERROR] ConditionMgr:805 - Attr not supported : Dmpu
2024-12-03 19:14:36,779 [ERROR] ConditionMgr:805 - Attr not supported : Dmpu
2024-12-03 19:14:36,779 [ERROR] ConditionMgr:805 - Attr not supported : Dmpu
2024-12-03 19:14:36,780 [ERROR] ConditionMgr:805 - Attr not supported : Dmpu
2024-12-03 19:14:36,780 [ERROR] ConditionMgr:805 - Attr not supported : Dmpu
2024-12-03 19:14:36,780 [ERROR] ConditionMgr:805 - Attr not supported : Dmpu
2024-12-03 19:14:36,780 [ERROR] ConditionMgr:805 - Attr not supported : Dmpu
2024-12-03 19:14:36,780 [ERROR] ConditionMgr:805 - Attr not supported : Dmpu
2024-12-03 19:14:36,780 [ERROR] ConditionMgr:805 - Attr not supported : Dmpu
2024-12-03 19:14:36,781 [ERROR] ConditionMgr:805 - Attr not supported : Dmpu
2024-12-03 19:14:36,781 [ERROR] ConditionMgr:805 - Attr not supported : Dmpu
2024-12-03 19:14:36,781 [ERROR] ConditionMgr:805 - Attr not supported : Dmpu
2024-12-03 19:14:36,781 [ERROR] ConditionMgr:805 - Attr not supported : Dmpu
2024-12-03 19:14:36,781 [ERROR] ConditionMgr:805 - Attr not supported : Dmpu
2024-12-03 19:14:36,782 [ERROR] ConditionMgr:805 - Attr not supported : Dmpu
2024-12-03 19:14:36,782 [ERROR] ConditionMgr:805 - Attr not supported : Dmpu
2024-12-03 19:14:36,792 [WARN] PackLoader:240 - Cannot read IP mode file for RealThread.X-CUBE-RT-Thread_Nano.4.1.1
2024-12-03 19:14:36,801 [WARN] PackLoader:240 - Cannot read IP mode file for STMicroelectronics.FP-ATR-SIGFOX1.3.2.0
2024-12-03 19:14:36,808 [WARN] PackLoader:240 - Cannot read IP mode file for wolfSSL.I-CUBE-wolfSSL.5.7.2
2024-12-03 19:14:36,815 [WARN] ConditionMgr:438 - getConditionDescription Invalid condition id : Cortex-A Device cause : null
2024-12-03 19:14:36,836 [WARN] ConditionMgr:1039 - genDependencies : Invalid condition id : Cortex-A Device cause : null
2024-12-03 19:14:36,837 [WARN] ConditionMgr:1039 - genDependencies : Invalid condition id : Cortex-A Device cause : null
2024-12-03 19:14:36,837 [WARN] ConditionMgr:1039 - genDependencies : Invalid condition id : Cortex-A Device cause : null
2024-12-03 19:14:36,847 [WARN] PackLoader:240 - Cannot read IP mode file for STMicroelectronics.X-CUBE-EEPRMA1.5.1.0
2024-12-03 19:14:36,867 [WARN] PackLoader:240 - Cannot read IP mode file for ITTIA_DB.I-CUBE-ITTIADB.8.9.0
2024-12-03 19:14:36,959 [WARN] PackLoader:240 - Cannot read IP mode file for SEGGER.I-CUBE-embOS.1.3.1
2024-12-03 19:14:37,089 [WARN] PackLoader:240 - Cannot read IP mode file for STMicroelectronics.X-CUBE-ALGOBUILD.1.4.0
2024-12-03 19:14:37,097 [WARN] PackLoader:240 - Cannot read IP mode file for STMicroelectronics.X-CUBE-AI.9.1.0
2024-12-03 19:14:37,108 [WARN] PackLoader:240 - Cannot read IP mode file for STMicroelectronics.X-CUBE-GNSS1.6.0.0
2024-12-03 19:14:37,134 [WARN] PackLoader:240 - Cannot read IP mode file for STMicroelectronics.X-CUBE-AZRTOS-F4.1.1.0
2024-12-03 19:14:37,148 [WARN] PackLoader:240 - Cannot read IP mode file for STMicroelectronics.X-CUBE-ISPU.2.1.0
2024-12-03 19:14:37,159 [WARN] PackLoader:240 - Cannot read IP mode file for STMicroelectronics.X-CUBE-FREERTOS.1.2.0
2024-12-03 19:14:37,185 [WARN] PackLoader:240 - Cannot read IP mode file for STMicroelectronics.X-CUBE-AZRTOS-L5.2.0.0
2024-12-03 19:14:37,201 [WARN] PackLoader:240 - Cannot read IP mode file for STMicroelectronics.X-CUBE-NFC6.3.1.0
2024-12-03 19:14:37,215 [WARN] PackLoader:240 - Cannot read IP mode file for STMicroelectronics.X-CUBE-DPower.1.2.0
2024-12-03 19:14:37,221 [WARN] PackLoader:240 - Cannot read IP mode file for STMicroelectronics.X-CUBE-AI.9.0.0
2024-12-03 19:14:37,230 [WARN] PackLoader:240 - Cannot read IP mode file for STMicroelectronics.X-CUBE-NFC7.1.0.1
2024-12-03 19:14:37,262 [WARN] ConditionMgr:438 - getConditionDescription Invalid condition id : LAN8742 Phy interface Condition cause : null
2024-12-03 19:14:37,263 [WARN] PackLoader:240 - Cannot read IP mode file for STMicroelectronics.X-CUBE-AZRTOS-L4.2.0.0
2024-12-03 19:14:37,265 [WARN] ConditionMgr:1039 - genDependencies : Invalid condition id : LAN8742 Phy interface Condition cause : null
2024-12-03 19:14:37,266 [WARN] ConditionMgr:1039 - genDependencies : Invalid condition id : LAN8742 Phy interface Condition cause : null
2024-12-03 19:14:37,267 [WARN] ConditionMgr:1039 - genDependencies : Invalid condition id : LAN8742 Phy interface Condition cause : null
2024-12-03 19:14:37,281 [WARN] PackLoader:240 - Cannot read IP mode file for STMicroelectronics.X-CUBE-SFXS2LP1.4.0.0
2024-12-03 19:14:37,323 [WARN] PackLoader:240 - Cannot read IP mode file for STMicroelectronics.X-CUBE-AZRTOS-H7.3.3.0
2024-12-03 19:14:37,347 [WARN] PackLoader:240 - Cannot read IP mode file for STMicroelectronics.X-CUBE-IPS.3.0.0
2024-12-03 19:14:37,387 [WARN] ConditionMgr:438 - getConditionDescription Invalid condition id : UX DEVICE CLASS RTOS Condition cause : null
2024-12-03 19:14:37,388 [WARN] ConditionMgr:438 - getConditionDescription Invalid condition id : UX DEVICE CLASS RTOS Condition cause : null
2024-12-03 19:14:37,390 [WARN] PackLoader:240 - Cannot read IP mode file for STMicroelectronics.X-CUBE-AZRTOS-WB.2.0.0
2024-12-03 19:14:37,391 [WARN] ConditionMgr:1039 - genDependencies : Invalid condition id : UX DEVICE CLASS RTOS Condition cause : null
2024-12-03 19:14:37,392 [WARN] ConditionMgr:1039 - genDependencies : Invalid condition id : UX DEVICE CLASS RTOS Condition cause : null
2024-12-03 19:14:37,392 [WARN] ConditionMgr:1039 - genDependencies : Invalid condition id : UX DEVICE CLASS RTOS Condition cause : null
2024-12-03 19:14:37,393 [WARN] ConditionMgr:1039 - genDependencies : Invalid condition id : UX DEVICE CLASS RTOS Condition cause : null
2024-12-03 19:14:37,393 [WARN] ConditionMgr:1039 - genDependencies : Invalid condition id : UX DEVICE CLASS RTOS Condition cause : null
2024-12-03 19:14:37,407 [WARN] PackLoader:240 - Cannot read IP mode file for STMicroelectronics.FP-SNS-STBOX1.2.0.0
2024-12-03 19:14:37,441 [WARN] PackLoader:240 - Cannot read IP mode file for STMicroelectronics.X-CUBE-SUBG2.5.0.0
2024-12-03 19:14:37,458 [WARN] PackLoader:240 - Cannot read IP mode file for Cesanta.I-CUBE-Mongoose.7.13.0
2024-12-03 19:14:37,481 [WARN] PackLoader:240 - Cannot read IP mode file for STMicroelectronics.X-CUBE-AZRTOS-G4.2.0.0
2024-12-03 19:14:37,491 [WARN] PackLoader:240 - Cannot read IP mode file for STMicroelectronics.X-CUBE-ISPU.2.0.0
2024-12-03 19:14:37,502 [WARN] PackLoader:240 - Cannot read IP mode file for STMicroelectronics.X-CUBE-ALS.1.0.2
2024-12-03 19:14:37,512 [WARN] PackLoader:240 - Cannot read IP mode file for STMicroelectronics.X-CUBE-TOUCHGFX.4.24.0
2024-12-03 19:14:37,519 [WARN] PackLoader:240 - Cannot read IP mode file for STMicroelectronics.X-CUBE-TOUCHGFX.4.24.1
2024-12-03 19:14:37,527 [WARN] PackLoader:240 - Cannot read IP mode file for wolfSSL.I-CUBE-wolfTPM.3.4.0
2024-12-03 19:14:37,538 [WARN] PackLoader:240 - Cannot read IP mode file for portGmbH.I-Cube-SoM-uGOAL.1.1.0
2024-12-03 19:14:37,566 [WARN] PackLoader:240 - Cannot read IP mode file for STMicroelectronics.X-CUBE-AZRTOS-H7RS.1.0.0
2024-12-03 19:14:37,574 [WARN] PackLoader:240 - Cannot read IP mode file for STMicroelectronics.FP-ATR-ASTRA1.2.0.0
2024-12-03 19:14:37,587 [WARN] PackLoader:240 - Cannot read IP mode file for STMicroelectronics.X-CUBE-TOF1.3.4.2
2024-12-03 19:14:37,635 [WARN] PackLoader:240 - Cannot read IP mode file for Infineon.AIROC-Wi-Fi-Bluetooth-STM32.1.6.1
2024-12-03 19:14:37,654 [WARN] PackLoader:240 - Cannot read IP mode file for wolfSSL.I-CUBE-wolfSSH.1.4.17
2024-12-03 19:14:37,656 [INFO] ThirdParty:978 - Integrity check success = true
2024-12-03 19:14:37,657 [INFO] IntegrityCheckThread:100 - exiting critical section [integrity check]
2024-12-03 19:14:37,657 [INFO] IntegrityCheckThread:103 - End integrity checks thread
