2024-10-08 15:07:03,094 [INFO] Activator:176 - 


2024-10-08 15:07:03,105 [INFO] Activator:177 - !SESSION log4j initialized
2024-10-08 15:07:16,673 [INFO] LogOutputStream:77 - [STDOUT_REDIRECT] 
2024-10-08 15:07:24,918 [INFO] ApplicationProperties:184 - Using Application install path: C:\ST\STM32CubeIDE_1.16.0\STM32CubeIDE\plugins\com.st.stm32cube.common.mx_6.12.0.202406281431
2024-10-08 15:07:24,950 [INFO] DbMcusXml:78 - Set database path to: C:\ST\STM32CubeIDE_1.16.0\STM32CubeIDE\plugins\com.st.stm32cube.common.mx_6.12.0.202406281431\\db\/mcu/
2024-10-08 15:07:24,951 [INFO] ApiDb:274 - Set plugin database path to: C:\ST\STM32CubeIDE_1.16.0\STM32CubeIDE\plugins\com.st.stm32cube.common.mx_6.12.0.202406281431\\db\/plugins/boardmanager/
2024-10-08 15:07:24,952 [WARN] ApiDb:259 - Overriding images path with different value:  => C:\ST\STM32CubeIDE_1.16.0\STM32CubeIDE\plugins\com.st.stm32cube.common.mx_6.12.0.202406281431\\db\/plugins/mcufinder/images/
2024-10-08 15:07:24,966 [INFO] ApiDb:250 - Set database path to: C:\Users\ijk95\.stmcufinder\plugins\mcufinder//mcu/
2024-10-08 15:07:24,968 [INFO] DbMcusAds:125 - Set database path to: C:\Users\ijk95\.stmcufinder\plugins\mcufinder//mcu/
2024-10-08 15:07:24,972 [INFO] CrossReferenceDbSqlite:203 - Set database path to: C:\Users\ijk95\.stmcufinder\plugins\mcufinder//mcu/cs/
2024-10-08 15:07:25,180 [INFO] RulesReader:64 - Compatibility file has been processed (297 Rules)
2024-10-08 15:07:25,311 [INFO] DbMcusXml:78 - Set database path to: C:\ST\STM32CubeIDE_1.16.0\STM32CubeIDE\plugins\com.st.stm32cube.common.mx_6.12.0.202406281431\\db\/mcu/
2024-10-08 15:07:25,311 [INFO] ApiDb:274 - Set plugin database path to: C:\ST\STM32CubeIDE_1.16.0\STM32CubeIDE\plugins\com.st.stm32cube.common.mx_6.12.0.202406281431\\db\/plugins/boardmanager/
2024-10-08 15:07:25,311 [INFO] ApiDb:261 - Set plugin images path to: C:\ST\STM32CubeIDE_1.16.0\STM32CubeIDE\plugins\com.st.stm32cube.common.mx_6.12.0.202406281431\\db\/plugins/mcufinder/images/
2024-10-08 15:07:25,312 [WARN] DbFile:41 - Overriding database path with different value: C:\Users\ijk95\.stmcufinder\plugins\mcufinder/ => C:\Users\ijk95\.stmcufinder\plugins\mcufinder
2024-10-08 15:07:25,312 [INFO] ApiDb:250 - Set database path to: C:\Users\ijk95\.stmcufinder\plugins\mcufinder//mcu/
2024-10-08 15:07:25,312 [WARN] DbFile:41 - Overriding database path with different value: C:\Users\ijk95\.stmcufinder\plugins\mcufinder/ => C:\Users\ijk95\.stmcufinder\plugins\mcufinder
2024-10-08 15:07:25,312 [INFO] DbMcusAds:125 - Set database path to: C:\Users\ijk95\.stmcufinder\plugins\mcufinder//mcu/
2024-10-08 15:07:25,312 [WARN] DbFile:41 - Overriding database path with different value: C:\Users\ijk95\.stmcufinder\plugins\mcufinder/ => C:\Users\ijk95\.stmcufinder\plugins\mcufinder
2024-10-08 15:07:25,312 [WARN] DbFile:41 - Overriding database path with different value: C:\Users\ijk95\.stmcufinder\plugins\mcufinder/ => C:\Users\ijk95\.stmcufinder\plugins\mcufinder
2024-10-08 15:07:25,312 [INFO] CrossReferenceDbSqlite:203 - Set database path to: C:\Users\ijk95\.stmcufinder\plugins\mcufinder//mcu/cs/
2024-10-08 15:07:25,436 [INFO] MainPanel:268 - HeapMemory: 268435456
2024-10-08 15:07:25,590 [INFO] DbMcusXml:78 - Set database path to: C:\ST\STM32CubeIDE_1.16.0\STM32CubeIDE\plugins\com.st.stm32cube.common.mx_6.12.0.202406281431\\db\/mcu/
2024-10-08 15:07:25,590 [INFO] ApiDb:274 - Set plugin database path to: C:\ST\STM32CubeIDE_1.16.0\STM32CubeIDE\plugins\com.st.stm32cube.common.mx_6.12.0.202406281431\\db\/plugins/boardmanager/
2024-10-08 15:07:25,590 [INFO] ApiDb:261 - Set plugin images path to: C:\ST\STM32CubeIDE_1.16.0\STM32CubeIDE\plugins\com.st.stm32cube.common.mx_6.12.0.202406281431\\db\/plugins/mcufinder/images/
2024-10-08 15:07:25,591 [WARN] DbFile:41 - Overriding database path with different value: C:\Users\ijk95\.stmcufinder\plugins\mcufinder/ => C:\Users\ijk95\.stmcufinder\plugins\mcufinder
2024-10-08 15:07:25,591 [INFO] ApiDb:250 - Set database path to: C:\Users\ijk95\.stmcufinder\plugins\mcufinder//mcu/
2024-10-08 15:07:25,591 [WARN] DbFile:41 - Overriding database path with different value: C:\Users\ijk95\.stmcufinder\plugins\mcufinder/ => C:\Users\ijk95\.stmcufinder\plugins\mcufinder
2024-10-08 15:07:25,591 [INFO] DbMcusAds:125 - Set database path to: C:\Users\ijk95\.stmcufinder\plugins\mcufinder//mcu/
2024-10-08 15:07:25,591 [WARN] DbFile:41 - Overriding database path with different value: C:\Users\ijk95\.stmcufinder\plugins\mcufinder/ => C:\Users\ijk95\.stmcufinder\plugins\mcufinder
2024-10-08 15:07:25,591 [WARN] DbFile:41 - Overriding database path with different value: C:\Users\ijk95\.stmcufinder\plugins\mcufinder/ => C:\Users\ijk95\.stmcufinder\plugins\mcufinder
2024-10-08 15:07:25,592 [INFO] CrossReferenceDbSqlite:203 - Set database path to: C:\Users\ijk95\.stmcufinder\plugins\mcufinder//mcu/cs/
2024-10-08 15:07:25,617 [INFO] ApplicationProperties:184 - Using Application install path: C:\ST\STM32CubeIDE_1.16.0\STM32CubeIDE\plugins\com.st.stm32cube.common.mx_6.12.0.202406281431
2024-10-08 15:07:25,618 [INFO] PluginManage:196 - Search for loadable plugins [exclusion list=, ]
2024-10-08 15:07:25,621 [INFO] PluginManage:310 - Check plugin analytics
2024-10-08 15:07:25,877 [INFO] AnalyticsPlugin:253 - Accepted Software Licenses: 
2024-10-08 15:07:25,877 [INFO] AnalyticsPlugin:255 - Accepted CMSIS Pack Licenses: 
2024-10-08 15:07:25,878 [INFO] AnalyticsPlugin:257 - Accepted Firmware Licenses: FW.G0.1.6.0
2024-10-08 15:07:25,882 [INFO] PluginManage:359 - Loaded plugin analytics (category:tool,tabindex:-1)
2024-10-08 15:07:25,882 [INFO] PluginManage:310 - Check plugin cadmodel
2024-10-08 15:07:25,906 [INFO] CADModel:105 - Init CAD model plugin
2024-10-08 15:07:25,907 [INFO] PluginManage:359 - Loaded plugin cadmodel (category:power,tabindex:5)
2024-10-08 15:07:25,907 [INFO] PluginManage:310 - Check plugin clock
2024-10-08 15:07:25,937 [INFO] PluginManage:359 - Loaded plugin clock (category:base,tabindex:2)
2024-10-08 15:07:25,938 [INFO] PluginManage:310 - Check plugin ddr
2024-10-08 15:07:25,941 [INFO] PluginManage:359 - Loaded plugin ddr (category:tool,tabindex:6)
2024-10-08 15:07:25,942 [INFO] PluginManage:310 - Check plugin filemanager
2024-10-08 15:07:26,178 [INFO] PluginManage:359 - Loaded plugin filemanager (category:base,tabindex:10)
2024-10-08 15:07:26,179 [INFO] PluginManage:310 - Check plugin ipmanager
2024-10-08 15:07:26,191 [INFO] PluginManage:359 - Loaded plugin ipmanager (category:base,tabindex:5)
2024-10-08 15:07:26,191 [INFO] PluginManage:310 - Check plugin lpbam
2024-10-08 15:07:26,224 [INFO] PluginManage:359 - Loaded plugin lpbam (category:base,tabindex:0)
2024-10-08 15:07:26,224 [INFO] PluginManage:310 - Check plugin memorymap
2024-10-08 15:07:26,258 [INFO] PluginManage:359 - Loaded plugin memorymap (category:base,tabindex:4)
2024-10-08 15:07:26,258 [INFO] PluginManage:310 - Check plugin pinoutandconfiguration
2024-10-08 15:07:26,283 [INFO] PluginManage:359 - Loaded plugin pinoutandconfiguration (category:base,tabindex:1)
2024-10-08 15:07:26,283 [INFO] PluginManage:310 - Check plugin pinoutconfig
2024-10-08 15:07:26,428 [WARN] SupportedApi:132 - Cannot load RTOS API schema: s4s-elt-must-match.1: The content of 'definitions' must match (annotation?, (simpleType | complexType)?, (unique | key | keyref)*)). A problem was found starting at: attribute.
2024-10-08 15:07:26,622 [INFO] PluginManage:359 - Loaded plugin pinoutconfig (category:base,tabindex:0)
2024-10-08 15:07:26,622 [INFO] PluginManage:310 - Check plugin power
2024-10-08 15:07:26,652 [INFO] PluginManage:359 - Loaded plugin power (category:power,tabindex:4)
2024-10-08 15:07:26,652 [INFO] PluginManage:310 - Check plugin projectmanager
2024-10-08 15:07:26,677 [INFO] PluginManage:359 - Loaded plugin projectmanager (category:projectmanager,tabindex:4)
2024-10-08 15:07:26,677 [INFO] PluginManage:310 - Check plugin rif
2024-10-08 15:07:26,718 [INFO] PluginManage:359 - Loaded plugin rif (category:base,tabindex:3)
2024-10-08 15:07:26,718 [INFO] PluginManage:310 - Check plugin thirdparty
2024-10-08 15:07:27,148 [INFO] PluginManage:359 - Loaded plugin thirdparty (category:base,tabindex:-1)
2024-10-08 15:07:27,148 [WARN] IntegrityCheckThread:84 - waiting for thirdparty lock release [integrity check]
2024-10-08 15:07:27,148 [INFO] PluginManage:310 - Check plugin tools
2024-10-08 15:07:27,148 [INFO] IntegrityCheckThread:86 - entering critical section [integrity check]
2024-10-08 15:07:27,149 [INFO] ThirdPartyUpdaterWithRetryManager:70 - Updater plugin not ready yet. [1/15]
2024-10-08 15:07:27,201 [INFO] PluginManage:359 - Loaded plugin tools (category:base,tabindex:7)
2024-10-08 15:07:27,201 [INFO] PluginManage:310 - Check plugin tutovideos
2024-10-08 15:07:27,565 [INFO] PluginManage:359 - Loaded plugin tutovideos (category:base,tabindex:-1)
2024-10-08 15:07:27,565 [INFO] PluginManage:310 - Check plugin updater
2024-10-08 15:07:27,595 [INFO] PluginManage:359 - Loaded plugin updater (category:base,tabindex:12)
2024-10-08 15:07:27,595 [INFO] PluginManage:310 - Check plugin userauth
2024-10-08 15:07:27,604 [INFO] UserAuth:113 - Init User Auth plugin
2024-10-08 15:07:27,605 [INFO] PluginManage:359 - Loaded plugin userauth (category:base,tabindex:14)
2024-10-08 15:07:27,605 [INFO] PluginManage:283 - PluginManage : Loaded plugins [18]
2024-10-08 15:07:27,937 [INFO] PinOutPanel:1561 - setPackage(No Configuration,No Configuration)
2024-10-08 15:07:28,094 [INFO] CADModel:165 - CPN selected for project level
2024-10-08 15:07:28,094 [INFO] CADModel:114 - Register for checkConnection events
2024-10-08 15:07:28,139 [INFO] IPUIPlugin:80 - create IPUIPlugin
2024-10-08 15:07:28,139 [INFO] PluginManager:220 - loadIPPluginJar : add adc
2024-10-08 15:07:28,199 [INFO] IPUIPlugin:80 - create IPUIPlugin
2024-10-08 15:07:28,199 [INFO] PluginManager:220 - loadIPPluginJar : add aes
2024-10-08 15:07:28,268 [INFO] IPUIPlugin:80 - create IPUIPlugin
2024-10-08 15:07:28,269 [INFO] PluginManager:220 - loadIPPluginJar : add can
2024-10-08 15:07:28,315 [INFO] IPUIPlugin:80 - create IPUIPlugin
2024-10-08 15:07:28,316 [INFO] PluginManager:220 - loadIPPluginJar : add comp
2024-10-08 15:07:28,368 [INFO] IPUIPlugin:80 - create IPUIPlugin
2024-10-08 15:07:28,369 [INFO] PluginManager:220 - loadIPPluginJar : add cryp
2024-10-08 15:07:28,389 [INFO] IPUIPlugin:80 - create IPUIPlugin
2024-10-08 15:07:28,389 [INFO] PluginManager:220 - loadIPPluginJar : add ddr_ctrl_phy
2024-10-08 15:07:28,442 [INFO] IPUIPlugin:80 - create IPUIPlugin
2024-10-08 15:07:28,442 [INFO] PluginManager:220 - loadIPPluginJar : add dfsdm
2024-10-08 15:07:28,476 [INFO] IPUIPlugin:80 - create IPUIPlugin
2024-10-08 15:07:28,477 [INFO] PluginManager:220 - loadIPPluginJar : add dma
2024-10-08 15:07:28,592 [INFO] IPUIPlugin:80 - create IPUIPlugin
2024-10-08 15:07:28,593 [INFO] PluginManager:220 - loadIPPluginJar : add dma3
2024-10-08 15:07:28,676 [INFO] IPUIPlugin:80 - create IPUIPlugin
2024-10-08 15:07:28,676 [INFO] PluginManager:220 - loadIPPluginJar : add extmemmanager
2024-10-08 15:07:28,711 [INFO] IPUIPlugin:80 - create IPUIPlugin
2024-10-08 15:07:28,712 [INFO] PluginManager:220 - loadIPPluginJar : add fatfs
2024-10-08 15:07:28,796 [INFO] IPUIPlugin:80 - create IPUIPlugin
2024-10-08 15:07:28,797 [INFO] PluginManager:220 - loadIPPluginJar : add fmc
2024-10-08 15:07:28,824 [INFO] IPUIPlugin:80 - create IPUIPlugin
2024-10-08 15:07:28,824 [INFO] PluginManager:220 - loadIPPluginJar : add freertos
2024-10-08 15:07:28,865 [INFO] IPUIPlugin:80 - create IPUIPlugin
2024-10-08 15:07:28,866 [INFO] PluginManager:220 - loadIPPluginJar : add genericplugin
2024-10-08 15:07:29,044 [INFO] IPUIPlugin:80 - create IPUIPlugin
2024-10-08 15:07:29,045 [INFO] PluginManager:220 - loadIPPluginJar : add gfxmmu
2024-10-08 15:07:29,300 [INFO] IPUIPlugin:80 - create IPUIPlugin
2024-10-08 15:07:29,300 [INFO] PluginManager:220 - loadIPPluginJar : add gic
2024-10-08 15:07:29,342 [INFO] IPUIPlugin:80 - create IPUIPlugin
2024-10-08 15:07:29,342 [INFO] PluginManager:220 - loadIPPluginJar : add gpio
2024-10-08 15:07:29,524 [INFO] IPUIPlugin:80 - create IPUIPlugin
2024-10-08 15:07:29,524 [INFO] PluginManager:220 - loadIPPluginJar : add gtzc
2024-10-08 15:07:29,574 [INFO] IPUIPlugin:80 - create IPUIPlugin
2024-10-08 15:07:29,574 [INFO] PluginManager:220 - loadIPPluginJar : add hash
2024-10-08 15:07:29,653 [INFO] IPUIPlugin:80 - create IPUIPlugin
2024-10-08 15:07:29,653 [INFO] PluginManager:220 - loadIPPluginJar : add i2c
2024-10-08 15:07:29,724 [INFO] IPUIPlugin:80 - create IPUIPlugin
2024-10-08 15:07:29,724 [INFO] PluginManager:220 - loadIPPluginJar : add i2s
2024-10-08 15:07:29,805 [INFO] IPUIPlugin:80 - create IPUIPlugin
2024-10-08 15:07:29,805 [INFO] PluginManager:220 - loadIPPluginJar : add i3c
2024-10-08 15:07:29,989 [INFO] IPUIPlugin:80 - create IPUIPlugin
2024-10-08 15:07:29,990 [INFO] PluginManager:220 - loadIPPluginJar : add ipddr
2024-10-08 15:07:30,135 [INFO] IPUIPlugin:80 - create IPUIPlugin
2024-10-08 15:07:30,135 [INFO] PluginManager:220 - loadIPPluginJar : add linkedlist
2024-10-08 15:07:30,149 [INFO] ThirdPartyUpdaterWithRetryManager:70 - Updater plugin not ready yet. [2/15]
2024-10-08 15:07:30,196 [INFO] IPUIPlugin:80 - create IPUIPlugin
2024-10-08 15:07:30,196 [INFO] PluginManager:220 - loadIPPluginJar : add lorawan
2024-10-08 15:07:30,259 [INFO] IPUIPlugin:80 - create IPUIPlugin
2024-10-08 15:07:30,259 [INFO] PluginManager:220 - loadIPPluginJar : add ltdc
2024-10-08 15:07:30,287 [INFO] IPUIPlugin:80 - create IPUIPlugin
2024-10-08 15:07:30,287 [INFO] PluginManager:220 - loadIPPluginJar : add mdma
2024-10-08 15:07:30,307 [INFO] IPUIPlugin:80 - create IPUIPlugin
2024-10-08 15:07:30,308 [INFO] PluginManager:220 - loadIPPluginJar : add nvic
2024-10-08 15:07:30,373 [INFO] IPUIPlugin:80 - create IPUIPlugin
2024-10-08 15:07:30,373 [INFO] PluginManager:220 - loadIPPluginJar : add opamp
2024-10-08 15:07:30,489 [INFO] IPUIPlugin:80 - create IPUIPlugin
2024-10-08 15:07:30,489 [INFO] PluginManager:220 - loadIPPluginJar : add openamp
2024-10-08 15:07:30,561 [INFO] IPUIPlugin:80 - create IPUIPlugin
2024-10-08 15:07:30,561 [INFO] PluginManager:220 - loadIPPluginJar : add pdm2pcm
2024-10-08 15:07:30,583 [INFO] IPUIPlugin:80 - create IPUIPlugin
2024-10-08 15:07:30,586 [INFO] PluginManager:220 - loadIPPluginJar : add plateformsettings
2024-10-08 15:07:30,622 [INFO] IPUIPlugin:80 - create IPUIPlugin
2024-10-08 15:07:30,622 [INFO] PluginManager:220 - loadIPPluginJar : add quadspi
2024-10-08 15:07:30,661 [INFO] IPUIPlugin:80 - create IPUIPlugin
2024-10-08 15:07:30,662 [INFO] PluginManager:220 - loadIPPluginJar : add radio
2024-10-08 15:07:30,684 [INFO] IPUIPlugin:80 - create IPUIPlugin
2024-10-08 15:07:30,684 [INFO] PluginManager:220 - loadIPPluginJar : add resmgrutility
2024-10-08 15:07:30,761 [INFO] IPUIPlugin:80 - create IPUIPlugin
2024-10-08 15:07:30,762 [INFO] PluginManager:220 - loadIPPluginJar : add sai
2024-10-08 15:07:30,841 [INFO] IPUIPlugin:80 - create IPUIPlugin
2024-10-08 15:07:30,841 [INFO] PluginManager:220 - loadIPPluginJar : add spi
2024-10-08 15:07:30,972 [INFO] IPUIPlugin:80 - create IPUIPlugin
2024-10-08 15:07:30,973 [INFO] PluginManager:220 - loadIPPluginJar : add stm32_wpan
2024-10-08 15:07:31,019 [INFO] IPUIPlugin:80 - create IPUIPlugin
2024-10-08 15:07:31,019 [INFO] PluginManager:220 - loadIPPluginJar : add tim
2024-10-08 15:07:31,102 [INFO] IPUIPlugin:80 - create IPUIPlugin
2024-10-08 15:07:31,102 [INFO] PluginManager:220 - loadIPPluginJar : add touchsensing
2024-10-08 15:07:31,140 [INFO] IPUIPlugin:80 - create IPUIPlugin
2024-10-08 15:07:31,140 [INFO] PluginManager:220 - loadIPPluginJar : add tracer_emb
2024-10-08 15:07:31,173 [INFO] IPUIPlugin:80 - create IPUIPlugin
2024-10-08 15:07:31,174 [INFO] PluginManager:220 - loadIPPluginJar : add ts
2024-10-08 15:07:31,206 [INFO] IPUIPlugin:80 - create IPUIPlugin
2024-10-08 15:07:31,206 [INFO] PluginManager:220 - loadIPPluginJar : add tsc
2024-10-08 15:07:31,240 [INFO] IPUIPlugin:80 - create IPUIPlugin
2024-10-08 15:07:31,240 [INFO] PluginManager:220 - loadIPPluginJar : add ucpd
2024-10-08 15:07:31,334 [INFO] IPUIPlugin:80 - create IPUIPlugin
2024-10-08 15:07:31,334 [INFO] PluginManager:220 - loadIPPluginJar : add usart
2024-10-08 15:07:31,415 [INFO] IPUIPlugin:80 - create IPUIPlugin
2024-10-08 15:07:31,416 [INFO] PluginManager:220 - loadIPPluginJar : add usbx
2024-10-08 15:07:31,575 [INFO] CADModel:165 - CPN selected for project level
2024-10-08 15:07:31,575 [INFO] CADModel:114 - Register for checkConnection events
2024-10-08 15:07:31,576 [FATAL] Updater:334 - Updater called before beeing initialized
2024-10-08 15:07:31,576 [ERROR] CADModel:125 - Updater not yet initialized, retry later 
2024-10-08 15:07:31,843 [INFO] CADModel:165 - CPN selected for project level
2024-10-08 15:07:31,843 [INFO] CADModel:114 - Register for checkConnection events
2024-10-08 15:07:31,844 [FATAL] Updater:334 - Updater called before beeing initialized
2024-10-08 15:07:31,844 [ERROR] CADModel:125 - Updater not yet initialized, retry later 
2024-10-08 15:07:31,851 [FATAL] Updater:334 - Updater called before beeing initialized
2024-10-08 15:07:32,051 [FATAL] Updater:334 - Updater called before beeing initialized
2024-10-08 15:07:32,069 [INFO] DbMcusAds:53 - JSON generation date=Fri Sep 20 09:04:23 EDT 2024 (1726837463113)
2024-10-08 15:07:32,069 [FATAL] Updater:334 - Updater called before beeing initialized
2024-10-08 15:07:32,137 [WARN] DetailPanel:346 - Failed to get advertising image, set to default
2024-10-08 15:07:32,375 [FATAL] Updater:334 - Updater called before beeing initialized
2024-10-08 15:07:32,378 [FATAL] Updater:334 - Updater called before beeing initialized
2024-10-08 15:07:32,379 [FATAL] Updater:334 - Updater called before beeing initialized
2024-10-08 15:07:32,379 [WARN] DetailPanel:346 - Failed to get advertising image, set to default
2024-10-08 15:07:32,380 [FATAL] Updater:334 - Updater called before beeing initialized
2024-10-08 15:07:32,495 [ERROR] Updater:1164 - MainUpdater not yet initialized. External WinMGr cannot be set.
2024-10-08 15:07:32,515 [INFO] Updater:1100 - Updater Version found : 6.12.0
2024-10-08 15:07:32,547 [INFO] ApplicationProperties:184 - Using Application install path: C:\ST\STM32CubeIDE_1.16.0\STM32CubeIDE\plugins\com.st.stm32cube.common.mx_6.12.0.202406281431
2024-10-08 15:07:33,150 [INFO] ThirdPartyUpdaterWithRetryManager:70 - Updater plugin not ready yet. [3/15]
2024-10-08 15:07:34,152 [ERROR] LogOutputStream:75 - [STDERR_REDIRECT] Oct 08, 2024 3:07:34 PM java.util.prefs.WindowsPreferences <init>
2024-10-08 15:07:34,154 [ERROR] LogOutputStream:75 - [STDERR_REDIRECT] WARNING: Could not open/create prefs root node Software\JavaSoft\Prefs at root 0xffffffff80000002. Windows RegCreateKeyEx(...) returned error code 5.
2024-10-08 15:07:34,155 [ERROR] LogOutputStream:75 - [STDERR_REDIRECT] 
2024-10-08 15:07:34,846 [INFO] MainUpdater:2873 - connection check result : 10
2024-10-08 15:07:34,847 [INFO] MainUpdater:290 - Updater Check For Update Now.
2024-10-08 15:07:34,848 [INFO] MicroXplorer:498 - Change Database Version : DB.6.0.120
2024-10-08 15:07:34,883 [INFO] McuFinderGlobals:63 - Set McuFinder mode to 2 (CubeIDE integrated)
2024-10-08 15:07:34,897 [INFO] UserAuth:417 - Internet connection configuration mode: 1
2024-10-08 15:07:34,954 [INFO] JxBrowserEngine:152 - Initiate JxBrowser Engine with user profile folder
2024-10-08 15:07:35,240 [INFO] CheckServerUpdateThread:120 - End of CheckServer Thread
2024-10-08 15:07:36,728 [WARN] PackLoader:240 - Cannot read IP mode file for STMicroelectronics.FP-SNS-MOTENVWB1.1.4.0
2024-10-08 15:07:36,761 [WARN] PackLoader:240 - Cannot read IP mode file for STMicroelectronics.X-CUBE-SMBUS.2.1.0
2024-10-08 15:07:36,795 [WARN] PackLoader:240 - Cannot read IP mode file for STMicroelectronics.X-CUBE-WB05N.1.1.0
2024-10-08 15:07:36,867 [WARN] PackLoader:240 - Cannot read IP mode file for STMicroelectronics.X-CUBE-AZRTOS-F7.1.1.0
2024-10-08 15:07:37,034 [WARN] PackLoader:240 - Cannot read IP mode file for STMicroelectronics.X-CUBE-MEMS1.11.0.0
2024-10-08 15:07:37,299 [WARN] PackLoader:240 - Cannot read IP mode file for STMicroelectronics.FP-SNS-FLIGHT1.5.0.2
2024-10-08 15:07:37,323 [WARN] PackLoader:240 - Cannot read IP mode file for STMicroelectronics.X-CUBE-DISPLAY.3.0.0
2024-10-08 15:07:37,354 [WARN] PackLoader:240 - Cannot read IP mode file for STMicroelectronics.X-CUBE-BLE1.7.0.0
2024-10-08 15:07:37,377 [WARN] PackLoader:240 - Cannot read IP mode file for STMicroelectronics.X-CUBE-NFC10.1.0.0
2024-10-08 15:07:37,398 [WARN] PackLoader:240 - Cannot read IP mode file for emotas.I-CUBE-CANOPEN.1.3.0
2024-10-08 15:07:37,424 [WARN] PackLoader:240 - Cannot read IP mode file for STMicroelectronics.X-CUBE-BLEMGR.3.1.0
2024-10-08 15:07:37,445 [WARN] PackLoader:240 - Cannot read IP mode file for STMicroelectronics.FP-SNS-SMARTAG2.1.2.0
2024-10-08 15:07:37,475 [INFO] LogOutputStream:77 - [STDOUT_REDIRECT] 1 : Invalid condition id : UX_CORESTACK_Condition cause : null
2024-10-08 15:07:37,476 [INFO] LogOutputStream:77 - [STDOUT_REDIRECT] 1 : Invalid condition id : UX_CORESTACK_Condition cause : null
2024-10-08 15:07:37,479 [INFO] LogOutputStream:77 - [STDOUT_REDIRECT] 1 : Invalid condition id : UX_CORESTACK_Condition cause : null
2024-10-08 15:07:37,481 [INFO] LogOutputStream:77 - [STDOUT_REDIRECT] 1 : Invalid condition id : UX_CORESTACK_Condition cause : null
2024-10-08 15:07:37,482 [INFO] LogOutputStream:77 - [STDOUT_REDIRECT] 1 : Invalid condition id : UX_CORESTACK_Condition cause : null
2024-10-08 15:07:37,495 [WARN] PackLoader:240 - Cannot read IP mode file for STMicroelectronics.X-CUBE-AZRTOS-WL.2.0.0
2024-10-08 15:07:37,516 [WARN] PackLoader:240 - Cannot read IP mode file for STMicroelectronics.FP-SNS-MOTENV1.5.0.0
2024-10-08 15:07:37,532 [WARN] PackLoader:240 - Cannot read IP mode file for wolfSSL.I-CUBE-wolfMQTT.1.19.0
2024-10-08 15:07:37,555 [WARN] PackLoader:240 - Cannot read IP mode file for WES.I-CUBE-Cesium.1.3.0
2024-10-08 15:07:37,574 [WARN] PackLoader:240 - Cannot read IP mode file for STMicroelectronics.X-CUBE-BLE2.3.3.0
2024-10-08 15:07:37,593 [WARN] PackLoader:240 - Cannot read IP mode file for STMicroelectronics.X-CUBE-NFC9.1.0.0
2024-10-08 15:07:37,619 [WARN] PackLoader:240 - Cannot read IP mode file for STMicroelectronics.X-CUBE-TCPP.4.1.0
2024-10-08 15:07:37,657 [WARN] PackLoader:240 - Cannot read IP mode file for STMicroelectronics.X-CUBE-AZRTOS-G0.1.1.0
2024-10-08 15:07:37,683 [WARN] PackLoader:240 - Cannot read IP mode file for STMicroelectronics.X-CUBE-SAFEA1.1.2.2
2024-10-08 15:07:37,709 [WARN] PackLoader:240 - Cannot read IP mode file for STMicroelectronics.X-CUBE-NFC4.3.0.0
2024-10-08 15:07:37,750 [WARN] PackLoader:240 - Cannot read IP mode file for EmbeddedOffice.I-CUBE-FS-RTOS.1.0.1
2024-10-08 15:07:37,751 [ERROR] ConditionMgr:805 - Attr not supported : Dmpu
2024-10-08 15:07:37,751 [ERROR] ConditionMgr:805 - Attr not supported : Dmpu
2024-10-08 15:07:37,751 [ERROR] ConditionMgr:805 - Attr not supported : Dmpu
2024-10-08 15:07:37,751 [ERROR] ConditionMgr:805 - Attr not supported : Dmpu
2024-10-08 15:07:37,752 [ERROR] ConditionMgr:805 - Attr not supported : Dmpu
2024-10-08 15:07:37,752 [ERROR] ConditionMgr:805 - Attr not supported : Dmpu
2024-10-08 15:07:37,752 [ERROR] ConditionMgr:805 - Attr not supported : Dmpu
2024-10-08 15:07:37,752 [ERROR] ConditionMgr:805 - Attr not supported : Dmpu
2024-10-08 15:07:37,752 [ERROR] ConditionMgr:805 - Attr not supported : Dmpu
2024-10-08 15:07:37,753 [ERROR] ConditionMgr:805 - Attr not supported : Dmpu
2024-10-08 15:07:37,753 [ERROR] ConditionMgr:805 - Attr not supported : Dmpu
2024-10-08 15:07:37,753 [ERROR] ConditionMgr:805 - Attr not supported : Dmpu
2024-10-08 15:07:37,753 [ERROR] ConditionMgr:805 - Attr not supported : Dmpu
2024-10-08 15:07:37,753 [ERROR] ConditionMgr:805 - Attr not supported : Dmpu
2024-10-08 15:07:37,754 [ERROR] ConditionMgr:805 - Attr not supported : Dmpu
2024-10-08 15:07:37,754 [ERROR] ConditionMgr:805 - Attr not supported : Dmpu
2024-10-08 15:07:37,754 [ERROR] ConditionMgr:805 - Attr not supported : Dmpu
2024-10-08 15:07:37,754 [ERROR] ConditionMgr:805 - Attr not supported : Dmpu
2024-10-08 15:07:37,754 [ERROR] ConditionMgr:805 - Attr not supported : Dmpu
2024-10-08 15:07:37,755 [ERROR] ConditionMgr:805 - Attr not supported : Dmpu
2024-10-08 15:07:37,755 [ERROR] ConditionMgr:805 - Attr not supported : Dmpu
2024-10-08 15:07:37,755 [ERROR] ConditionMgr:805 - Attr not supported : Dmpu
2024-10-08 15:07:37,755 [ERROR] ConditionMgr:805 - Attr not supported : Dmpu
2024-10-08 15:07:37,755 [ERROR] ConditionMgr:805 - Attr not supported : Dmpu
2024-10-08 15:07:37,755 [ERROR] ConditionMgr:805 - Attr not supported : Dmpu
2024-10-08 15:07:37,755 [ERROR] ConditionMgr:805 - Attr not supported : Dmpu
2024-10-08 15:07:37,755 [ERROR] ConditionMgr:805 - Attr not supported : Dmpu
2024-10-08 15:07:37,756 [ERROR] ConditionMgr:805 - Attr not supported : Dmpu
2024-10-08 15:07:37,756 [ERROR] ConditionMgr:805 - Attr not supported : Dmpu
2024-10-08 15:07:37,756 [ERROR] ConditionMgr:805 - Attr not supported : Dmpu
2024-10-08 15:07:37,756 [ERROR] ConditionMgr:805 - Attr not supported : Dmpu
2024-10-08 15:07:37,756 [ERROR] ConditionMgr:805 - Attr not supported : Dmpu
2024-10-08 15:07:37,756 [ERROR] ConditionMgr:805 - Attr not supported : Dmpu
2024-10-08 15:07:37,757 [ERROR] ConditionMgr:805 - Attr not supported : Dmpu
2024-10-08 15:07:37,757 [ERROR] ConditionMgr:805 - Attr not supported : Dmpu
2024-10-08 15:07:37,757 [ERROR] ConditionMgr:805 - Attr not supported : Dmpu
2024-10-08 15:07:37,757 [ERROR] ConditionMgr:805 - Attr not supported : Dmpu
2024-10-08 15:07:37,757 [ERROR] ConditionMgr:805 - Attr not supported : Dmpu
2024-10-08 15:07:37,758 [ERROR] ConditionMgr:805 - Attr not supported : Dmpu
2024-10-08 15:07:37,758 [ERROR] ConditionMgr:805 - Attr not supported : Dmpu
2024-10-08 15:07:37,758 [ERROR] ConditionMgr:805 - Attr not supported : Dmpu
2024-10-08 15:07:37,758 [ERROR] ConditionMgr:805 - Attr not supported : Dmpu
2024-10-08 15:07:37,758 [ERROR] ConditionMgr:805 - Attr not supported : Dmpu
2024-10-08 15:07:37,758 [ERROR] ConditionMgr:805 - Attr not supported : Dmpu
2024-10-08 15:07:37,758 [ERROR] ConditionMgr:805 - Attr not supported : Dmpu
2024-10-08 15:07:37,758 [ERROR] ConditionMgr:805 - Attr not supported : Dmpu
2024-10-08 15:07:37,759 [ERROR] ConditionMgr:805 - Attr not supported : Dmpu
2024-10-08 15:07:37,759 [ERROR] ConditionMgr:805 - Attr not supported : Dmpu
2024-10-08 15:07:37,759 [ERROR] ConditionMgr:805 - Attr not supported : Dmpu
2024-10-08 15:07:37,759 [ERROR] ConditionMgr:805 - Attr not supported : Dmpu
2024-10-08 15:07:37,759 [ERROR] ConditionMgr:805 - Attr not supported : Dmpu
2024-10-08 15:07:37,759 [ERROR] ConditionMgr:805 - Attr not supported : Dmpu
2024-10-08 15:07:37,759 [ERROR] ConditionMgr:805 - Attr not supported : Dmpu
2024-10-08 15:07:37,760 [ERROR] ConditionMgr:805 - Attr not supported : Dmpu
2024-10-08 15:07:37,760 [ERROR] ConditionMgr:805 - Attr not supported : Dmpu
2024-10-08 15:07:37,760 [ERROR] ConditionMgr:805 - Attr not supported : Dmpu
2024-10-08 15:07:37,760 [ERROR] ConditionMgr:805 - Attr not supported : Dmpu
2024-10-08 15:07:37,761 [ERROR] ConditionMgr:805 - Attr not supported : Dmpu
2024-10-08 15:07:37,761 [ERROR] ConditionMgr:805 - Attr not supported : Dmpu
2024-10-08 15:07:37,761 [ERROR] ConditionMgr:805 - Attr not supported : Dmpu
2024-10-08 15:07:37,761 [ERROR] ConditionMgr:805 - Attr not supported : Dmpu
2024-10-08 15:07:37,761 [ERROR] ConditionMgr:805 - Attr not supported : Dmpu
2024-10-08 15:07:37,762 [ERROR] ConditionMgr:805 - Attr not supported : Dmpu
2024-10-08 15:07:37,762 [ERROR] ConditionMgr:805 - Attr not supported : Dmpu
2024-10-08 15:07:37,786 [WARN] PackLoader:240 - Cannot read IP mode file for RealThread.X-CUBE-RT-Thread_Nano.4.1.1
2024-10-08 15:07:37,809 [WARN] PackLoader:240 - Cannot read IP mode file for STMicroelectronics.FP-ATR-SIGFOX1.3.2.0
2024-10-08 15:07:37,826 [WARN] PackLoader:240 - Cannot read IP mode file for wolfSSL.I-CUBE-wolfSSL.5.7.2
2024-10-08 15:07:37,849 [WARN] PackLoader:240 - Cannot read IP mode file for STMicroelectronics.X-CUBE-EEPRMA1.5.1.0
2024-10-08 15:07:37,877 [WARN] PackLoader:240 - Cannot read IP mode file for ITTIA_DB.I-CUBE-ITTIADB.8.9.0
2024-10-08 15:07:37,936 [WARN] PackLoader:240 - Cannot read IP mode file for SEGGER.I-CUBE-embOS.1.3.1
2024-10-08 15:07:38,021 [WARN] PackLoader:240 - Cannot read IP mode file for STMicroelectronics.X-CUBE-ALGOBUILD.1.4.0
2024-10-08 15:07:38,041 [WARN] PackLoader:240 - Cannot read IP mode file for STMicroelectronics.X-CUBE-AI.9.1.0
2024-10-08 15:07:38,060 [WARN] PackLoader:240 - Cannot read IP mode file for STMicroelectronics.X-CUBE-GNSS1.6.0.0
2024-10-08 15:07:38,106 [WARN] PackLoader:240 - Cannot read IP mode file for STMicroelectronics.X-CUBE-AZRTOS-F4.1.1.0
2024-10-08 15:07:38,129 [WARN] PackLoader:240 - Cannot read IP mode file for STMicroelectronics.X-CUBE-ISPU.2.1.0
2024-10-08 15:07:38,151 [WARN] PackLoader:240 - Cannot read IP mode file for STMicroelectronics.X-CUBE-FREERTOS.1.2.0
2024-10-08 15:07:38,207 [WARN] PackLoader:240 - Cannot read IP mode file for STMicroelectronics.X-CUBE-AZRTOS-L5.2.0.0
2024-10-08 15:07:38,235 [WARN] PackLoader:240 - Cannot read IP mode file for STMicroelectronics.X-CUBE-NFC6.3.1.0
2024-10-08 15:07:38,257 [WARN] PackLoader:240 - Cannot read IP mode file for STMicroelectronics.X-CUBE-DPower.1.2.0
2024-10-08 15:07:38,277 [WARN] PackLoader:240 - Cannot read IP mode file for STMicroelectronics.X-CUBE-AI.9.0.0
2024-10-08 15:07:38,299 [WARN] PackLoader:240 - Cannot read IP mode file for STMicroelectronics.X-CUBE-NFC7.1.0.1
2024-10-08 15:07:38,335 [WARN] ConditionMgr:438 - getConditionDescription Invalid condition id : LAN8742 Phy interface Condition cause : null
2024-10-08 15:07:38,336 [WARN] PackLoader:240 - Cannot read IP mode file for STMicroelectronics.X-CUBE-AZRTOS-L4.2.0.0
2024-10-08 15:07:38,337 [WARN] ConditionMgr:1039 - genDependencies : Invalid condition id : LAN8742 Phy interface Condition cause : null
2024-10-08 15:07:38,337 [WARN] ConditionMgr:1039 - genDependencies : Invalid condition id : LAN8742 Phy interface Condition cause : null
2024-10-08 15:07:38,338 [WARN] ConditionMgr:1039 - genDependencies : Invalid condition id : LAN8742 Phy interface Condition cause : null
2024-10-08 15:07:38,362 [WARN] PackLoader:240 - Cannot read IP mode file for STMicroelectronics.X-CUBE-SFXS2LP1.4.0.0
2024-10-08 15:07:38,419 [WARN] PackLoader:240 - Cannot read IP mode file for STMicroelectronics.X-CUBE-AZRTOS-H7.3.3.0
2024-10-08 15:07:38,461 [WARN] PackLoader:240 - Cannot read IP mode file for STMicroelectronics.X-CUBE-IPS.3.0.0
2024-10-08 15:07:38,521 [WARN] ConditionMgr:438 - getConditionDescription Invalid condition id : UX DEVICE CLASS RTOS Condition cause : null
2024-10-08 15:07:38,522 [WARN] ConditionMgr:438 - getConditionDescription Invalid condition id : UX DEVICE CLASS RTOS Condition cause : null
2024-10-08 15:07:38,525 [WARN] PackLoader:240 - Cannot read IP mode file for STMicroelectronics.X-CUBE-AZRTOS-WB.2.0.0
2024-10-08 15:07:38,526 [WARN] ConditionMgr:1039 - genDependencies : Invalid condition id : UX DEVICE CLASS RTOS Condition cause : null
2024-10-08 15:07:38,526 [WARN] ConditionMgr:1039 - genDependencies : Invalid condition id : UX DEVICE CLASS RTOS Condition cause : null
2024-10-08 15:07:38,526 [WARN] ConditionMgr:1039 - genDependencies : Invalid condition id : UX DEVICE CLASS RTOS Condition cause : null
2024-10-08 15:07:38,527 [WARN] ConditionMgr:1039 - genDependencies : Invalid condition id : UX DEVICE CLASS RTOS Condition cause : null
2024-10-08 15:07:38,527 [WARN] ConditionMgr:1039 - genDependencies : Invalid condition id : UX DEVICE CLASS RTOS Condition cause : null
2024-10-08 15:07:38,554 [WARN] PackLoader:240 - Cannot read IP mode file for STMicroelectronics.FP-SNS-STBOX1.2.0.0
2024-10-08 15:07:38,578 [WARN] PackLoader:240 - Cannot read IP mode file for STMicroelectronics.X-CUBE-SUBG2.5.0.0
2024-10-08 15:07:38,599 [WARN] PackLoader:240 - Cannot read IP mode file for Cesanta.I-CUBE-Mongoose.7.13.0
2024-10-08 15:07:38,630 [WARN] PackLoader:240 - Cannot read IP mode file for STMicroelectronics.X-CUBE-AZRTOS-G4.2.0.0
2024-10-08 15:07:38,647 [WARN] PackLoader:240 - Cannot read IP mode file for STMicroelectronics.X-CUBE-ISPU.2.0.0
2024-10-08 15:07:38,665 [WARN] PackLoader:240 - Cannot read IP mode file for STMicroelectronics.X-CUBE-ALS.1.0.2
2024-10-08 15:07:38,684 [WARN] PackLoader:240 - Cannot read IP mode file for STMicroelectronics.X-CUBE-TOUCHGFX.4.24.0
2024-10-08 15:07:38,701 [WARN] PackLoader:240 - Cannot read IP mode file for STMicroelectronics.X-CUBE-TOUCHGFX.4.24.1
2024-10-08 15:07:38,718 [WARN] PackLoader:240 - Cannot read IP mode file for wolfSSL.I-CUBE-wolfTPM.3.4.0
2024-10-08 15:07:38,739 [WARN] PackLoader:240 - Cannot read IP mode file for portGmbH.I-Cube-SoM-uGOAL.1.1.0
2024-10-08 15:07:38,781 [WARN] PackLoader:240 - Cannot read IP mode file for STMicroelectronics.X-CUBE-AZRTOS-H7RS.1.0.0
2024-10-08 15:07:38,805 [WARN] PackLoader:240 - Cannot read IP mode file for STMicroelectronics.FP-ATR-ASTRA1.2.0.0
2024-10-08 15:07:38,839 [WARN] PackLoader:240 - Cannot read IP mode file for STMicroelectronics.X-CUBE-TOF1.3.4.2
2024-10-08 15:07:38,890 [WARN] PackLoader:240 - Cannot read IP mode file for Infineon.AIROC-Wi-Fi-Bluetooth-STM32.1.6.1
2024-10-08 15:07:38,911 [WARN] PackLoader:240 - Cannot read IP mode file for wolfSSL.I-CUBE-wolfSSH.1.4.17
2024-10-08 15:07:38,913 [INFO] ThirdParty:978 - Integrity check success = true
2024-10-08 15:07:38,913 [INFO] IntegrityCheckThread:100 - exiting critical section [integrity check]
2024-10-08 15:07:38,913 [INFO] IntegrityCheckThread:103 - End integrity checks thread
2024-10-08 15:07:45,734 [INFO] WebApp:167 - Instantiating new browser for Auth
2024-10-08 15:07:47,048 [INFO] WebApp:448 - Apply proxy settings
2024-10-08 15:07:47,049 [INFO] WebApp:533 - Chromium requires no authentication
2024-10-08 15:07:47,063 [INFO] WebApp:476 - Direct internet connection detected
2024-10-08 15:07:47,103 [INFO] WebApp:869 - Register for checkConnection events
2024-10-08 15:07:47,103 [INFO] WebApp:448 - Apply proxy settings
2024-10-08 15:07:47,104 [INFO] WebApp:533 - Chromium requires no authentication
2024-10-08 15:07:47,104 [INFO] WebApp:476 - Direct internet connection detected
2024-10-08 15:07:47,440 [INFO] WebApp:220 - Starting web application
2024-10-08 15:07:47,441 [INFO] WebApp:578 - Web application path used C:\ST\STM32CubeIDE_1.16.0\STM32CubeIDE\plugins\com.st.stm32cube.common.mx_6.12.0.202406281431\db\plugins\mcufinder\reactClient1\index.html
2024-10-08 15:07:47,643 [INFO] UserAuth:417 - Internet connection configuration mode: 1
2024-10-08 15:07:48,113 [INFO] WebApp:186 - Connection restablished
2024-10-08 15:23:19,873 [INFO] WebApp:189 - Connection lost
2024-10-08 15:23:20,904 [INFO] WebApp:186 - Connection restablished
2024-10-08 15:48:18,181 [INFO] WebApp:189 - Connection lost
2024-10-08 15:48:24,790 [INFO] WebApp:186 - Connection restablished
2024-10-08 15:48:27,395 [INFO] WebApp:189 - Connection lost
2024-10-08 15:48:27,730 [INFO] WebApp:186 - Connection restablished
2024-10-08 15:49:27,442 [ERROR] LogOutputStream:75 - [STDERR_REDIRECT] 
