2024-10-06 16:59:57,463 [INFO] Activator:176 - 


2024-10-06 16:59:57,474 [INFO] Activator:177 - !SESSION log4j initialized
2024-10-06 17:00:19,107 [INFO] LogOutputStream:77 - [STDOUT_REDIRECT] 
2024-10-06 17:00:25,422 [INFO] ApplicationProperties:184 - Using Application install path: C:\ST\STM32CubeIDE_1.16.0\STM32CubeIDE\plugins\com.st.stm32cube.common.mx_6.12.0.202406281431
2024-10-06 17:00:25,454 [INFO] DbMcusXml:78 - Set database path to: C:\ST\STM32CubeIDE_1.16.0\STM32CubeIDE\plugins\com.st.stm32cube.common.mx_6.12.0.202406281431\\db\/mcu/
2024-10-06 17:00:25,455 [INFO] ApiDb:274 - Set plugin database path to: C:\ST\STM32CubeIDE_1.16.0\STM32CubeIDE\plugins\com.st.stm32cube.common.mx_6.12.0.202406281431\\db\/plugins/boardmanager/
2024-10-06 17:00:25,456 [WARN] ApiDb:259 - Overriding images path with different value:  => C:\ST\STM32CubeIDE_1.16.0\STM32CubeIDE\plugins\com.st.stm32cube.common.mx_6.12.0.202406281431\\db\/plugins/mcufinder/images/
2024-10-06 17:00:25,472 [INFO] ApiDb:250 - Set database path to: C:\Users\ijk95\.stmcufinder\plugins\mcufinder//mcu/
2024-10-06 17:00:25,474 [INFO] DbMcusAds:125 - Set database path to: C:\Users\ijk95\.stmcufinder\plugins\mcufinder//mcu/
2024-10-06 17:00:25,478 [INFO] CrossReferenceDbSqlite:203 - Set database path to: C:\Users\ijk95\.stmcufinder\plugins\mcufinder//mcu/cs/
2024-10-06 17:00:25,697 [INFO] RulesReader:64 - Compatibility file has been processed (297 Rules)
2024-10-06 17:00:25,845 [INFO] DbMcusXml:78 - Set database path to: C:\ST\STM32CubeIDE_1.16.0\STM32CubeIDE\plugins\com.st.stm32cube.common.mx_6.12.0.202406281431\\db\/mcu/
2024-10-06 17:00:25,845 [INFO] ApiDb:274 - Set plugin database path to: C:\ST\STM32CubeIDE_1.16.0\STM32CubeIDE\plugins\com.st.stm32cube.common.mx_6.12.0.202406281431\\db\/plugins/boardmanager/
2024-10-06 17:00:25,845 [INFO] ApiDb:261 - Set plugin images path to: C:\ST\STM32CubeIDE_1.16.0\STM32CubeIDE\plugins\com.st.stm32cube.common.mx_6.12.0.202406281431\\db\/plugins/mcufinder/images/
2024-10-06 17:00:25,845 [WARN] DbFile:41 - Overriding database path with different value: C:\Users\ijk95\.stmcufinder\plugins\mcufinder/ => C:\Users\ijk95\.stmcufinder\plugins\mcufinder
2024-10-06 17:00:25,847 [INFO] ApiDb:250 - Set database path to: C:\Users\ijk95\.stmcufinder\plugins\mcufinder//mcu/
2024-10-06 17:00:25,847 [WARN] DbFile:41 - Overriding database path with different value: C:\Users\ijk95\.stmcufinder\plugins\mcufinder/ => C:\Users\ijk95\.stmcufinder\plugins\mcufinder
2024-10-06 17:00:25,847 [INFO] DbMcusAds:125 - Set database path to: C:\Users\ijk95\.stmcufinder\plugins\mcufinder//mcu/
2024-10-06 17:00:25,847 [WARN] DbFile:41 - Overriding database path with different value: C:\Users\ijk95\.stmcufinder\plugins\mcufinder/ => C:\Users\ijk95\.stmcufinder\plugins\mcufinder
2024-10-06 17:00:25,847 [WARN] DbFile:41 - Overriding database path with different value: C:\Users\ijk95\.stmcufinder\plugins\mcufinder/ => C:\Users\ijk95\.stmcufinder\plugins\mcufinder
2024-10-06 17:00:25,847 [INFO] CrossReferenceDbSqlite:203 - Set database path to: C:\Users\ijk95\.stmcufinder\plugins\mcufinder//mcu/cs/
2024-10-06 17:00:25,991 [INFO] MainPanel:268 - HeapMemory: 268435456
2024-10-06 17:00:26,145 [INFO] DbMcusXml:78 - Set database path to: C:\ST\STM32CubeIDE_1.16.0\STM32CubeIDE\plugins\com.st.stm32cube.common.mx_6.12.0.202406281431\\db\/mcu/
2024-10-06 17:00:26,145 [INFO] ApiDb:274 - Set plugin database path to: C:\ST\STM32CubeIDE_1.16.0\STM32CubeIDE\plugins\com.st.stm32cube.common.mx_6.12.0.202406281431\\db\/plugins/boardmanager/
2024-10-06 17:00:26,145 [INFO] ApiDb:261 - Set plugin images path to: C:\ST\STM32CubeIDE_1.16.0\STM32CubeIDE\plugins\com.st.stm32cube.common.mx_6.12.0.202406281431\\db\/plugins/mcufinder/images/
2024-10-06 17:00:26,147 [WARN] DbFile:41 - Overriding database path with different value: C:\Users\ijk95\.stmcufinder\plugins\mcufinder/ => C:\Users\ijk95\.stmcufinder\plugins\mcufinder
2024-10-06 17:00:26,147 [INFO] ApiDb:250 - Set database path to: C:\Users\ijk95\.stmcufinder\plugins\mcufinder//mcu/
2024-10-06 17:00:26,147 [WARN] DbFile:41 - Overriding database path with different value: C:\Users\ijk95\.stmcufinder\plugins\mcufinder/ => C:\Users\ijk95\.stmcufinder\plugins\mcufinder
2024-10-06 17:00:26,147 [INFO] DbMcusAds:125 - Set database path to: C:\Users\ijk95\.stmcufinder\plugins\mcufinder//mcu/
2024-10-06 17:00:26,147 [WARN] DbFile:41 - Overriding database path with different value: C:\Users\ijk95\.stmcufinder\plugins\mcufinder/ => C:\Users\ijk95\.stmcufinder\plugins\mcufinder
2024-10-06 17:00:26,147 [WARN] DbFile:41 - Overriding database path with different value: C:\Users\ijk95\.stmcufinder\plugins\mcufinder/ => C:\Users\ijk95\.stmcufinder\plugins\mcufinder
2024-10-06 17:00:26,147 [INFO] CrossReferenceDbSqlite:203 - Set database path to: C:\Users\ijk95\.stmcufinder\plugins\mcufinder//mcu/cs/
2024-10-06 17:00:26,174 [INFO] ApplicationProperties:184 - Using Application install path: C:\ST\STM32CubeIDE_1.16.0\STM32CubeIDE\plugins\com.st.stm32cube.common.mx_6.12.0.202406281431
2024-10-06 17:00:26,176 [INFO] PluginManage:196 - Search for loadable plugins [exclusion list=, ]
2024-10-06 17:00:26,178 [INFO] PluginManage:310 - Check plugin analytics
2024-10-06 17:00:26,474 [INFO] AnalyticsPlugin:253 - Accepted Software Licenses: 
2024-10-06 17:00:26,474 [INFO] AnalyticsPlugin:255 - Accepted CMSIS Pack Licenses: 
2024-10-06 17:00:26,475 [INFO] AnalyticsPlugin:257 - Accepted Firmware Licenses: FW.G0.1.6.0
2024-10-06 17:00:26,480 [INFO] PluginManage:359 - Loaded plugin analytics (category:tool,tabindex:-1)
2024-10-06 17:00:26,480 [INFO] PluginManage:310 - Check plugin cadmodel
2024-10-06 17:00:26,505 [INFO] CADModel:105 - Init CAD model plugin
2024-10-06 17:00:26,507 [INFO] PluginManage:359 - Loaded plugin cadmodel (category:power,tabindex:5)
2024-10-06 17:00:26,507 [INFO] PluginManage:310 - Check plugin clock
2024-10-06 17:00:26,545 [INFO] PluginManage:359 - Loaded plugin clock (category:base,tabindex:2)
2024-10-06 17:00:26,546 [INFO] PluginManage:310 - Check plugin ddr
2024-10-06 17:00:26,550 [INFO] PluginManage:359 - Loaded plugin ddr (category:tool,tabindex:6)
2024-10-06 17:00:26,550 [INFO] PluginManage:310 - Check plugin filemanager
2024-10-06 17:00:26,795 [INFO] PluginManage:359 - Loaded plugin filemanager (category:base,tabindex:10)
2024-10-06 17:00:26,795 [INFO] PluginManage:310 - Check plugin ipmanager
2024-10-06 17:00:26,808 [INFO] PluginManage:359 - Loaded plugin ipmanager (category:base,tabindex:5)
2024-10-06 17:00:26,808 [INFO] PluginManage:310 - Check plugin lpbam
2024-10-06 17:00:26,840 [INFO] PluginManage:359 - Loaded plugin lpbam (category:base,tabindex:0)
2024-10-06 17:00:26,840 [INFO] PluginManage:310 - Check plugin memorymap
2024-10-06 17:00:26,880 [INFO] PluginManage:359 - Loaded plugin memorymap (category:base,tabindex:4)
2024-10-06 17:00:26,881 [INFO] PluginManage:310 - Check plugin pinoutandconfiguration
2024-10-06 17:00:26,913 [INFO] PluginManage:359 - Loaded plugin pinoutandconfiguration (category:base,tabindex:1)
2024-10-06 17:00:26,913 [INFO] PluginManage:310 - Check plugin pinoutconfig
2024-10-06 17:00:27,071 [WARN] SupportedApi:132 - Cannot load RTOS API schema: s4s-elt-must-match.1: The content of 'definitions' must match (annotation?, (simpleType | complexType)?, (unique | key | keyref)*)). A problem was found starting at: attribute.
2024-10-06 17:00:27,291 [INFO] PluginManage:359 - Loaded plugin pinoutconfig (category:base,tabindex:0)
2024-10-06 17:00:27,292 [INFO] PluginManage:310 - Check plugin power
2024-10-06 17:00:27,342 [INFO] PluginManage:359 - Loaded plugin power (category:power,tabindex:4)
2024-10-06 17:00:27,343 [INFO] PluginManage:310 - Check plugin projectmanager
2024-10-06 17:00:27,375 [INFO] PluginManage:359 - Loaded plugin projectmanager (category:projectmanager,tabindex:4)
2024-10-06 17:00:27,376 [INFO] PluginManage:310 - Check plugin rif
2024-10-06 17:00:27,402 [INFO] PluginManage:359 - Loaded plugin rif (category:base,tabindex:3)
2024-10-06 17:00:27,402 [INFO] PluginManage:310 - Check plugin thirdparty
2024-10-06 17:00:27,859 [INFO] PluginManage:359 - Loaded plugin thirdparty (category:base,tabindex:-1)
2024-10-06 17:00:27,859 [WARN] IntegrityCheckThread:84 - waiting for thirdparty lock release [integrity check]
2024-10-06 17:00:27,859 [INFO] PluginManage:310 - Check plugin tools
2024-10-06 17:00:27,860 [INFO] IntegrityCheckThread:86 - entering critical section [integrity check]
2024-10-06 17:00:27,860 [INFO] ThirdPartyUpdaterWithRetryManager:70 - Updater plugin not ready yet. [1/15]
2024-10-06 17:00:27,917 [INFO] PluginManage:359 - Loaded plugin tools (category:base,tabindex:7)
2024-10-06 17:00:27,918 [INFO] PluginManage:310 - Check plugin tutovideos
2024-10-06 17:00:28,275 [INFO] PluginManage:359 - Loaded plugin tutovideos (category:base,tabindex:-1)
2024-10-06 17:00:28,275 [INFO] PluginManage:310 - Check plugin updater
2024-10-06 17:00:28,303 [INFO] PluginManage:359 - Loaded plugin updater (category:base,tabindex:12)
2024-10-06 17:00:28,303 [INFO] PluginManage:310 - Check plugin userauth
2024-10-06 17:00:28,313 [INFO] UserAuth:113 - Init User Auth plugin
2024-10-06 17:00:28,313 [INFO] PluginManage:359 - Loaded plugin userauth (category:base,tabindex:14)
2024-10-06 17:00:28,314 [INFO] PluginManage:283 - PluginManage : Loaded plugins [18]
2024-10-06 17:00:28,663 [INFO] PinOutPanel:1561 - setPackage(No Configuration,No Configuration)
2024-10-06 17:00:28,810 [INFO] CADModel:165 - CPN selected for project level
2024-10-06 17:00:28,810 [INFO] CADModel:114 - Register for checkConnection events
2024-10-06 17:00:28,860 [INFO] IPUIPlugin:80 - create IPUIPlugin
2024-10-06 17:00:28,861 [INFO] PluginManager:220 - loadIPPluginJar : add adc
2024-10-06 17:00:28,918 [INFO] IPUIPlugin:80 - create IPUIPlugin
2024-10-06 17:00:28,918 [INFO] PluginManager:220 - loadIPPluginJar : add aes
2024-10-06 17:00:28,999 [INFO] IPUIPlugin:80 - create IPUIPlugin
2024-10-06 17:00:28,999 [INFO] PluginManager:220 - loadIPPluginJar : add can
2024-10-06 17:00:29,042 [INFO] IPUIPlugin:80 - create IPUIPlugin
2024-10-06 17:00:29,042 [INFO] PluginManager:220 - loadIPPluginJar : add comp
2024-10-06 17:00:29,099 [INFO] IPUIPlugin:80 - create IPUIPlugin
2024-10-06 17:00:29,100 [INFO] PluginManager:220 - loadIPPluginJar : add cryp
2024-10-06 17:00:29,121 [INFO] IPUIPlugin:80 - create IPUIPlugin
2024-10-06 17:00:29,121 [INFO] PluginManager:220 - loadIPPluginJar : add ddr_ctrl_phy
2024-10-06 17:00:29,175 [INFO] IPUIPlugin:80 - create IPUIPlugin
2024-10-06 17:00:29,176 [INFO] PluginManager:220 - loadIPPluginJar : add dfsdm
2024-10-06 17:00:29,199 [INFO] IPUIPlugin:80 - create IPUIPlugin
2024-10-06 17:00:29,200 [INFO] PluginManager:220 - loadIPPluginJar : add dma
2024-10-06 17:00:29,273 [INFO] IPUIPlugin:80 - create IPUIPlugin
2024-10-06 17:00:29,273 [INFO] PluginManager:220 - loadIPPluginJar : add dma3
2024-10-06 17:00:29,348 [INFO] IPUIPlugin:80 - create IPUIPlugin
2024-10-06 17:00:29,348 [INFO] PluginManager:220 - loadIPPluginJar : add extmemmanager
2024-10-06 17:00:29,379 [INFO] IPUIPlugin:80 - create IPUIPlugin
2024-10-06 17:00:29,379 [INFO] PluginManager:220 - loadIPPluginJar : add fatfs
2024-10-06 17:00:29,453 [INFO] IPUIPlugin:80 - create IPUIPlugin
2024-10-06 17:00:29,453 [INFO] PluginManager:220 - loadIPPluginJar : add fmc
2024-10-06 17:00:29,476 [INFO] IPUIPlugin:80 - create IPUIPlugin
2024-10-06 17:00:29,476 [INFO] PluginManager:220 - loadIPPluginJar : add freertos
2024-10-06 17:00:29,508 [INFO] IPUIPlugin:80 - create IPUIPlugin
2024-10-06 17:00:29,508 [INFO] PluginManager:220 - loadIPPluginJar : add genericplugin
2024-10-06 17:00:29,629 [INFO] IPUIPlugin:80 - create IPUIPlugin
2024-10-06 17:00:29,629 [INFO] PluginManager:220 - loadIPPluginJar : add gfxmmu
2024-10-06 17:00:29,806 [INFO] IPUIPlugin:80 - create IPUIPlugin
2024-10-06 17:00:29,806 [INFO] PluginManager:220 - loadIPPluginJar : add gic
2024-10-06 17:00:29,841 [INFO] IPUIPlugin:80 - create IPUIPlugin
2024-10-06 17:00:29,841 [INFO] PluginManager:220 - loadIPPluginJar : add gpio
2024-10-06 17:00:29,967 [INFO] IPUIPlugin:80 - create IPUIPlugin
2024-10-06 17:00:29,968 [INFO] PluginManager:220 - loadIPPluginJar : add gtzc
2024-10-06 17:00:30,026 [INFO] IPUIPlugin:80 - create IPUIPlugin
2024-10-06 17:00:30,026 [INFO] PluginManager:220 - loadIPPluginJar : add hash
2024-10-06 17:00:30,098 [INFO] IPUIPlugin:80 - create IPUIPlugin
2024-10-06 17:00:30,098 [INFO] PluginManager:220 - loadIPPluginJar : add i2c
2024-10-06 17:00:30,157 [INFO] IPUIPlugin:80 - create IPUIPlugin
2024-10-06 17:00:30,157 [INFO] PluginManager:220 - loadIPPluginJar : add i2s
2024-10-06 17:00:30,221 [INFO] IPUIPlugin:80 - create IPUIPlugin
2024-10-06 17:00:30,221 [INFO] PluginManager:220 - loadIPPluginJar : add i3c
2024-10-06 17:00:30,392 [INFO] IPUIPlugin:80 - create IPUIPlugin
2024-10-06 17:00:30,392 [INFO] PluginManager:220 - loadIPPluginJar : add ipddr
2024-10-06 17:00:30,515 [INFO] IPUIPlugin:80 - create IPUIPlugin
2024-10-06 17:00:30,515 [INFO] PluginManager:220 - loadIPPluginJar : add linkedlist
2024-10-06 17:00:30,566 [INFO] IPUIPlugin:80 - create IPUIPlugin
2024-10-06 17:00:30,566 [INFO] PluginManager:220 - loadIPPluginJar : add lorawan
2024-10-06 17:00:30,620 [INFO] IPUIPlugin:80 - create IPUIPlugin
2024-10-06 17:00:30,621 [INFO] PluginManager:220 - loadIPPluginJar : add ltdc
2024-10-06 17:00:30,642 [INFO] IPUIPlugin:80 - create IPUIPlugin
2024-10-06 17:00:30,643 [INFO] PluginManager:220 - loadIPPluginJar : add mdma
2024-10-06 17:00:30,661 [INFO] IPUIPlugin:80 - create IPUIPlugin
2024-10-06 17:00:30,661 [INFO] PluginManager:220 - loadIPPluginJar : add nvic
2024-10-06 17:00:30,715 [INFO] IPUIPlugin:80 - create IPUIPlugin
2024-10-06 17:00:30,716 [INFO] PluginManager:220 - loadIPPluginJar : add opamp
2024-10-06 17:00:30,820 [INFO] IPUIPlugin:80 - create IPUIPlugin
2024-10-06 17:00:30,821 [INFO] PluginManager:220 - loadIPPluginJar : add openamp
2024-10-06 17:00:30,862 [INFO] ThirdPartyUpdaterWithRetryManager:70 - Updater plugin not ready yet. [2/15]
2024-10-06 17:00:30,879 [INFO] IPUIPlugin:80 - create IPUIPlugin
2024-10-06 17:00:30,879 [INFO] PluginManager:220 - loadIPPluginJar : add pdm2pcm
2024-10-06 17:00:30,901 [INFO] IPUIPlugin:80 - create IPUIPlugin
2024-10-06 17:00:30,904 [INFO] PluginManager:220 - loadIPPluginJar : add plateformsettings
2024-10-06 17:00:30,936 [INFO] IPUIPlugin:80 - create IPUIPlugin
2024-10-06 17:00:30,936 [INFO] PluginManager:220 - loadIPPluginJar : add quadspi
2024-10-06 17:00:30,971 [INFO] IPUIPlugin:80 - create IPUIPlugin
2024-10-06 17:00:30,972 [INFO] PluginManager:220 - loadIPPluginJar : add radio
2024-10-06 17:00:30,992 [INFO] IPUIPlugin:80 - create IPUIPlugin
2024-10-06 17:00:30,992 [INFO] PluginManager:220 - loadIPPluginJar : add resmgrutility
2024-10-06 17:00:31,062 [INFO] IPUIPlugin:80 - create IPUIPlugin
2024-10-06 17:00:31,062 [INFO] PluginManager:220 - loadIPPluginJar : add sai
2024-10-06 17:00:31,115 [INFO] IPUIPlugin:80 - create IPUIPlugin
2024-10-06 17:00:31,115 [INFO] PluginManager:220 - loadIPPluginJar : add spi
2024-10-06 17:00:31,216 [INFO] IPUIPlugin:80 - create IPUIPlugin
2024-10-06 17:00:31,216 [INFO] PluginManager:220 - loadIPPluginJar : add stm32_wpan
2024-10-06 17:00:31,265 [INFO] IPUIPlugin:80 - create IPUIPlugin
2024-10-06 17:00:31,265 [INFO] PluginManager:220 - loadIPPluginJar : add tim
2024-10-06 17:00:31,381 [INFO] IPUIPlugin:80 - create IPUIPlugin
2024-10-06 17:00:31,381 [INFO] PluginManager:220 - loadIPPluginJar : add touchsensing
2024-10-06 17:00:31,429 [INFO] IPUIPlugin:80 - create IPUIPlugin
2024-10-06 17:00:31,429 [INFO] PluginManager:220 - loadIPPluginJar : add tracer_emb
2024-10-06 17:00:31,462 [INFO] IPUIPlugin:80 - create IPUIPlugin
2024-10-06 17:00:31,462 [INFO] PluginManager:220 - loadIPPluginJar : add ts
2024-10-06 17:00:31,495 [INFO] IPUIPlugin:80 - create IPUIPlugin
2024-10-06 17:00:31,496 [INFO] PluginManager:220 - loadIPPluginJar : add tsc
2024-10-06 17:00:31,526 [INFO] IPUIPlugin:80 - create IPUIPlugin
2024-10-06 17:00:31,526 [INFO] PluginManager:220 - loadIPPluginJar : add ucpd
2024-10-06 17:00:31,594 [INFO] IPUIPlugin:80 - create IPUIPlugin
2024-10-06 17:00:31,594 [INFO] PluginManager:220 - loadIPPluginJar : add usart
2024-10-06 17:00:31,665 [INFO] IPUIPlugin:80 - create IPUIPlugin
2024-10-06 17:00:31,665 [INFO] PluginManager:220 - loadIPPluginJar : add usbx
2024-10-06 17:00:31,820 [INFO] CADModel:165 - CPN selected for project level
2024-10-06 17:00:31,820 [INFO] CADModel:114 - Register for checkConnection events
2024-10-06 17:00:31,821 [FATAL] Updater:334 - Updater called before beeing initialized
2024-10-06 17:00:31,821 [ERROR] CADModel:125 - Updater not yet initialized, retry later 
2024-10-06 17:00:32,031 [INFO] CADModel:165 - CPN selected for project level
2024-10-06 17:00:32,031 [INFO] CADModel:114 - Register for checkConnection events
2024-10-06 17:00:32,031 [FATAL] Updater:334 - Updater called before beeing initialized
2024-10-06 17:00:32,031 [ERROR] CADModel:125 - Updater not yet initialized, retry later 
2024-10-06 17:00:32,036 [FATAL] Updater:334 - Updater called before beeing initialized
2024-10-06 17:00:32,177 [FATAL] Updater:334 - Updater called before beeing initialized
2024-10-06 17:00:32,193 [INFO] DbMcusAds:53 - JSON generation date=Fri Sep 20 09:04:23 EDT 2024 (1726837463113)
2024-10-06 17:00:32,193 [FATAL] Updater:334 - Updater called before beeing initialized
2024-10-06 17:00:32,250 [WARN] DetailPanel:346 - Failed to get advertising image, set to default
2024-10-06 17:00:32,486 [FATAL] Updater:334 - Updater called before beeing initialized
2024-10-06 17:00:32,490 [FATAL] Updater:334 - Updater called before beeing initialized
2024-10-06 17:00:32,490 [FATAL] Updater:334 - Updater called before beeing initialized
2024-10-06 17:00:32,490 [WARN] DetailPanel:346 - Failed to get advertising image, set to default
2024-10-06 17:00:32,491 [FATAL] Updater:334 - Updater called before beeing initialized
2024-10-06 17:00:32,591 [ERROR] Updater:1164 - MainUpdater not yet initialized. External WinMGr cannot be set.
2024-10-06 17:00:32,613 [INFO] Updater:1100 - Updater Version found : 6.12.0
2024-10-06 17:00:32,638 [INFO] ApplicationProperties:184 - Using Application install path: C:\ST\STM32CubeIDE_1.16.0\STM32CubeIDE\plugins\com.st.stm32cube.common.mx_6.12.0.202406281431
2024-10-06 17:00:33,863 [INFO] ThirdPartyUpdaterWithRetryManager:70 - Updater plugin not ready yet. [3/15]
2024-10-06 17:00:34,233 [ERROR] LogOutputStream:75 - [STDERR_REDIRECT] Oct 06, 2024 5:00:34 PM java.util.prefs.WindowsPreferences <init>
2024-10-06 17:00:34,235 [ERROR] LogOutputStream:75 - [STDERR_REDIRECT] WARNING: Could not open/create prefs root node Software\JavaSoft\Prefs at root 0xffffffff80000002. Windows RegCreateKeyEx(...) returned error code 5.
2024-10-06 17:00:34,235 [ERROR] LogOutputStream:75 - [STDERR_REDIRECT] 
2024-10-06 17:00:35,396 [INFO] MainUpdater:2873 - connection check result : 10
2024-10-06 17:00:35,396 [INFO] MainUpdater:3567 - Updater definition file requires update
2024-10-06 17:00:35,398 [INFO] MainUpdater:290 - Updater Check For Update Now.
2024-10-06 17:00:35,398 [INFO] MicroXplorer:498 - Change Database Version : DB.6.0.120
2024-10-06 17:00:35,446 [INFO] McuFinderGlobals:63 - Set McuFinder mode to 2 (CubeIDE integrated)
2024-10-06 17:00:35,458 [INFO] UserAuth:417 - Internet connection configuration mode: 1
2024-10-06 17:00:35,499 [INFO] JxBrowserEngine:152 - Initiate JxBrowser Engine with user profile folder
2024-10-06 17:00:36,866 [WARN] MainUpdater:1194 - Updater busy. Cannot search thirdparties
2024-10-06 17:00:36,866 [INFO] ThirdPartyUpdaterWithRetryManager:96 - Updater plugin is busy. [1/15]
2024-10-06 17:00:37,699 [INFO] ServerAccessManage:473 - Download File updaters.zip
2024-10-06 17:00:38,268 [INFO] FileExtend:240 - Unzip File : updaters.zip
2024-10-06 17:00:38,268 [INFO] FileExtend:255 - Standard Zip Deflate
2024-10-06 17:00:39,870 [WARN] MainUpdater:1194 - Updater busy. Cannot search thirdparties
2024-10-06 17:00:39,870 [INFO] ThirdPartyUpdaterWithRetryManager:96 - Updater plugin is busy. [2/15]
2024-10-06 17:00:40,683 [INFO] ServerAccessManage:473 - Download File PacksControlFlags.xml
2024-10-06 17:00:42,173 [INFO] ServerAccessManage:473 - Download File cubemx.pidx
2024-10-06 17:00:42,872 [WARN] MainUpdater:1194 - Updater busy. Cannot search thirdparties
2024-10-06 17:00:42,872 [INFO] ThirdPartyUpdaterWithRetryManager:96 - Updater plugin is busy. [3/15]
2024-10-06 17:00:44,867 [INFO] ServerAccessManage:473 - Download File STMicroelectronics.X-CUBE-AI.pdsc
2024-10-06 17:00:45,872 [WARN] MainUpdater:1194 - Updater busy. Cannot search thirdparties
2024-10-06 17:00:45,872 [INFO] ThirdPartyUpdaterWithRetryManager:96 - Updater plugin is busy. [4/15]
2024-10-06 17:00:46,374 [INFO] WebApp:167 - Instantiating new browser for Auth
2024-10-06 17:00:47,904 [INFO] WebApp:448 - Apply proxy settings
2024-10-06 17:00:47,905 [INFO] WebApp:533 - Chromium requires no authentication
2024-10-06 17:00:47,924 [INFO] WebApp:476 - Direct internet connection detected
2024-10-06 17:00:47,972 [INFO] WebApp:869 - Register for checkConnection events
2024-10-06 17:00:47,973 [INFO] WebApp:448 - Apply proxy settings
2024-10-06 17:00:47,973 [INFO] WebApp:533 - Chromium requires no authentication
2024-10-06 17:00:47,985 [INFO] WebApp:476 - Direct internet connection detected
2024-10-06 17:00:48,318 [INFO] WebApp:220 - Starting web application
2024-10-06 17:00:48,319 [INFO] WebApp:578 - Web application path used C:\ST\STM32CubeIDE_1.16.0\STM32CubeIDE\plugins\com.st.stm32cube.common.mx_6.12.0.202406281431\db\plugins\mcufinder\reactClient1\index.html
2024-10-06 17:00:48,596 [INFO] UserAuth:417 - Internet connection configuration mode: 1
2024-10-06 17:00:48,874 [WARN] MainUpdater:1194 - Updater busy. Cannot search thirdparties
2024-10-06 17:00:48,875 [INFO] ThirdPartyUpdaterWithRetryManager:96 - Updater plugin is busy. [5/15]
2024-10-06 17:00:49,002 [INFO] WebApp:186 - Connection restablished
2024-10-06 17:00:51,876 [WARN] MainUpdater:1194 - Updater busy. Cannot search thirdparties
2024-10-06 17:00:51,876 [INFO] ThirdPartyUpdaterWithRetryManager:96 - Updater plugin is busy. [6/15]
2024-10-06 17:00:54,876 [WARN] MainUpdater:1194 - Updater busy. Cannot search thirdparties
2024-10-06 17:00:54,876 [INFO] ThirdPartyUpdaterWithRetryManager:96 - Updater plugin is busy. [7/15]
2024-10-06 17:00:57,878 [WARN] MainUpdater:1194 - Updater busy. Cannot search thirdparties
2024-10-06 17:00:57,878 [INFO] ThirdPartyUpdaterWithRetryManager:96 - Updater plugin is busy. [8/15]
2024-10-06 17:01:00,880 [WARN] MainUpdater:1194 - Updater busy. Cannot search thirdparties
2024-10-06 17:01:00,880 [INFO] ThirdPartyUpdaterWithRetryManager:96 - Updater plugin is busy. [9/15]
2024-10-06 17:01:03,882 [WARN] MainUpdater:1194 - Updater busy. Cannot search thirdparties
2024-10-06 17:01:03,882 [INFO] ThirdPartyUpdaterWithRetryManager:96 - Updater plugin is busy. [10/15]
2024-10-06 17:01:06,882 [WARN] MainUpdater:1194 - Updater busy. Cannot search thirdparties
2024-10-06 17:01:06,884 [INFO] ThirdPartyUpdaterWithRetryManager:96 - Updater plugin is busy. [11/15]
2024-10-06 17:01:09,884 [WARN] MainUpdater:1194 - Updater busy. Cannot search thirdparties
2024-10-06 17:01:09,884 [INFO] ThirdPartyUpdaterWithRetryManager:96 - Updater plugin is busy. [12/15]
2024-10-06 17:01:12,887 [WARN] MainUpdater:1194 - Updater busy. Cannot search thirdparties
2024-10-06 17:01:12,887 [INFO] ThirdPartyUpdaterWithRetryManager:96 - Updater plugin is busy. [13/15]
2024-10-06 17:01:15,890 [WARN] MainUpdater:1194 - Updater busy. Cannot search thirdparties
2024-10-06 17:01:15,890 [INFO] ThirdPartyUpdaterWithRetryManager:96 - Updater plugin is busy. [14/15]
2024-10-06 17:01:16,208 [INFO] ServerAccessManage:473 - Download File STMicroelectronics.X-CUBE-IPS.pdsc
2024-10-06 17:01:18,891 [WARN] MainUpdater:1194 - Updater busy. Cannot search thirdparties
2024-10-06 17:01:18,891 [INFO] ThirdPartyUpdaterWithRetryManager:96 - Updater plugin is busy. [15/15]
2024-10-06 17:01:18,892 [ERROR] IntegrityCheckThread:130 - Cannot retrieve database content from updater: error -1
2024-10-06 17:01:18,893 [INFO] ThirdParty:978 - Integrity check success = false
2024-10-06 17:01:18,893 [INFO] IntegrityCheckThread:100 - exiting critical section [integrity check]
2024-10-06 17:01:18,893 [INFO] IntegrityCheckThread:103 - End integrity checks thread
2024-10-06 17:01:20,507 [INFO] ServerAccessManage:473 - Download File STMicroelectronics.X-CUBE-WB05N.pdsc
2024-10-06 17:01:22,675 [WARN] PackLoader:240 - Cannot read IP mode file for STMicroelectronics.X-CUBE-AI.9.1.0
2024-10-06 17:01:22,708 [WARN] PackLoader:240 - Cannot read IP mode file for STMicroelectronics.X-CUBE-IPS.3.0.0
2024-10-06 17:01:22,744 [WARN] PackLoader:240 - Cannot read IP mode file for STMicroelectronics.X-CUBE-WB05N.1.1.0
2024-10-06 17:01:22,746 [INFO] PopulateThirdPartyThread:66 - Ending populate Thread
2024-10-06 17:01:22,748 [INFO] ThirdParty:1030 - CMSIS Pack Vendor :STMicroelectronics X-CUBE-IPS 3.0.0
2024-10-06 17:01:22,749 [INFO] ThirdParty:1030 - CMSIS Pack Vendor :STMicroelectronics X-CUBE-AI 9.1.0
2024-10-06 17:01:22,749 [INFO] ThirdParty:1030 - CMSIS Pack Vendor :STMicroelectronics X-CUBE-WB05N 1.1.0
2024-10-06 17:01:22,750 [INFO] LoadServerUpdatesThread:375 - End of LoadServerUpdate Thread
2024-10-06 17:01:22,867 [INFO] CheckServerUpdateThread:120 - End of CheckServer Thread
2024-10-06 19:00:38,092 [INFO] WebApp:189 - Connection lost
2024-10-06 19:00:46,730 [INFO] WebApp:186 - Connection restablished
2024-10-06 20:39:01,006 [ERROR] LogOutputStream:75 - [STDERR_REDIRECT] 
